{"/Users/steve/yum-dashboard/app/layout.tsx": {"path":"/Users/steve/yum-dashboard/app/layout.tsx","statementMap":{"0":{"start":{"line":11,"column":24},"end":{"line":11,"column":35}},"1":{"start":{"line":6,"column":13},"end":{"line":6,"column":21}},"2":{"start":{"line":2,"column":7},"end":{"line":2,"column":null}},"3":{"start":{"line":3,"column":29},"end":{"line":3,"column":null}},"4":{"start":{"line":4,"column":24},"end":{"line":4,"column":null}},"5":{"start":{"line":6,"column":34},"end":{"line":9,"column":null}}},"fnMap":{"0":{"name":"RootLayout","decl":{"start":{"line":11,"column":24},"end":{"line":11,"column":35}},"loc":{"start":{"line":15,"column":2},"end":{"line":26,"column":1}}}},"branchMap":{},"s":{"0":0,"1":0,"2":0,"3":0,"4":0,"5":0},"f":{"0":0},"b":{}}
,"/Users/steve/yum-dashboard/app/page.tsx": {"path":"/Users/steve/yum-dashboard/app/page.tsx","statementMap":{"0":{"start":{"line":17,"column":24},"end":{"line":17,"column":null}},"1":{"start":{"line":3,"column":26},"end":{"line":3,"column":null}},"2":{"start":{"line":4,"column":26},"end":{"line":4,"column":null}},"3":{"start":{"line":5,"column":40},"end":{"line":5,"column":null}},"4":{"start":{"line":6,"column":23},"end":{"line":6,"column":null}},"5":{"start":{"line":13,"column":7},"end":{"line":13,"column":null}},"6":{"start":{"line":14,"column":17},"end":{"line":14,"column":null}},"7":{"start":{"line":15,"column":58},"end":{"line":15,"column":null}},"8":{"start":{"line":18,"column":15},"end":{"line":18,"column":null}},"9":{"start":{"line":19,"column":18},"end":{"line":19,"column":null}},"10":{"start":{"line":20,"column":17},"end":{"line":20,"column":null}},"11":{"start":{"line":23,"column":2},"end":{"line":27,"column":null}},"12":{"start":{"line":24,"column":4},"end":{"line":26,"column":null}},"13":{"start":{"line":25,"column":6},"end":{"line":25,"column":null}},"14":{"start":{"line":30,"column":2},"end":{"line":39,"column":null}}},"fnMap":{"0":{"name":"Home","decl":{"start":{"line":17,"column":24},"end":{"line":17,"column":null}},"loc":{"start":{"line":17,"column":24},"end":{"line":133,"column":null}}},"1":{"name":"(anonymous_3)","decl":{"start":{"line":23,"column":12},"end":{"line":23,"column":null}},"loc":{"start":{"line":23,"column":12},"end":{"line":27,"column":5}}}},"branchMap":{"0":{"loc":{"start":{"line":24,"column":4},"end":{"line":26,"column":null}},"type":"if","locations":[{"start":{"line":24,"column":4},"end":{"line":26,"column":null}},{"start":{},"end":{}}]},"1":{"loc":{"start":{"line":24,"column":8},"end":{"line":24,"column":26}},"type":"binary-expr","locations":[{"start":{"line":24,"column":8},"end":{"line":24,"column":20}},{"start":{"line":24,"column":20},"end":{"line":24,"column":26}}]},"2":{"loc":{"start":{"line":30,"column":2},"end":{"line":39,"column":null}},"type":"if","locations":[{"start":{"line":30,"column":2},"end":{"line":39,"column":null}},{"start":{},"end":{}}]}},"s":{"0":0,"1":0,"2":0,"3":0,"4":0,"5":0,"6":0,"7":0,"8":0,"9":0,"10":0,"11":0,"12":0,"13":0,"14":0},"f":{"0":0,"1":0},"b":{"0":[0,0],"1":[0,0],"2":[0,0]}}
,"/Users/steve/yum-dashboard/app/api/auth/magic-link/route.ts": {"path":"/Users/steve/yum-dashboard/app/api/auth/magic-link/route.ts","statementMap":{"0":{"start":{"line":228,"column":22},"end":{"line":228,"column":25}},"1":{"start":{"line":90,"column":22},"end":{"line":90,"column":26}},"2":{"start":{"line":1,"column":42},"end":{"line":1,"column":null}},"3":{"start":{"line":2,"column":35},"end":{"line":2,"column":null}},"4":{"start":{"line":3,"column":24},"end":{"line":3,"column":null}},"5":{"start":{"line":9,"column":7},"end":{"line":9,"column":null}},"6":{"start":{"line":10,"column":18},"end":{"line":10,"column":null}},"7":{"start":{"line":13,"column":23},"end":{"line":13,"column":null}},"8":{"start":{"line":19,"column":0},"end":{"line":28,"column":null}},"9":{"start":{"line":21,"column":16},"end":{"line":21,"column":null}},"10":{"start":{"line":22,"column":4},"end":{"line":26,"column":null}},"11":{"start":{"line":23,"column":6},"end":{"line":25,"column":null}},"12":{"start":{"line":24,"column":8},"end":{"line":24,"column":null}},"13":{"start":{"line":32,"column":24},"end":{"line":35,"column":null}},"14":{"start":{"line":38,"column":2},"end":{"line":38,"column":null}},"15":{"start":{"line":42,"column":14},"end":{"line":42,"column":null}},"16":{"start":{"line":43,"column":16},"end":{"line":43,"column":null}},"17":{"start":{"line":45,"column":2},"end":{"line":47,"column":null}},"18":{"start":{"line":46,"column":4},"end":{"line":46,"column":null}},"19":{"start":{"line":50,"column":2},"end":{"line":53,"column":null}},"20":{"start":{"line":51,"column":4},"end":{"line":51,"column":null}},"21":{"start":{"line":52,"column":4},"end":{"line":52,"column":null}},"22":{"start":{"line":56,"column":2},"end":{"line":61,"column":null}},"23":{"start":{"line":57,"column":4},"end":{"line":60,"column":null}},"24":{"start":{"line":64,"column":2},"end":{"line":66,"column":null}},"25":{"start":{"line":65,"column":4},"end":{"line":65,"column":null}},"26":{"start":{"line":68,"column":2},"end":{"line":68,"column":null}},"27":{"start":{"line":72,"column":14},"end":{"line":72,"column":null}},"28":{"start":{"line":73,"column":16},"end":{"line":73,"column":null}},"29":{"start":{"line":75,"column":2},"end":{"line":87,"column":null}},"30":{"start":{"line":76,"column":4},"end":{"line":80,"column":null}},"31":{"start":{"line":82,"column":4},"end":{"line":86,"column":null}},"32":{"start":{"line":91,"column":2},"end":{"line":224,"column":null}},"33":{"start":{"line":92,"column":17},"end":{"line":92,"column":null}},"34":{"start":{"line":95,"column":23},"end":{"line":95,"column":null}},"35":{"start":{"line":96,"column":4},"end":{"line":104,"column":null}},"36":{"start":{"line":97,"column":6},"end":{"line":102,"column":null}},"37":{"start":{"line":100,"column":54},"end":{"line":100,"column":63}},"38":{"start":{"line":106,"column":34},"end":{"line":106,"column":49}},"39":{"start":{"line":110,"column":6},"end":{"line":112,"column":null}},"40":{"start":{"line":114,"column":25},"end":{"line":114,"column":null}},"41":{"start":{"line":117,"column":35},"end":{"line":117,"column":null}},"42":{"start":{"line":118,"column":4},"end":{"line":135,"column":null}},"43":{"start":{"line":119,"column":28},"end":{"line":121,"column":null}},"44":{"start":{"line":122,"column":6},"end":{"line":133,"column":null}},"45":{"start":{"line":138,"column":4},"end":{"line":138,"column":null}},"46":{"start":{"line":141,"column":24},"end":{"line":141,"column":null}},"47":{"start":{"line":142,"column":21},"end":{"line":162,"column":null}},"48":{"start":{"line":148,"column":12},"end":{"line":148,"column":null}},"49":{"start":{"line":151,"column":12},"end":{"line":159,"column":null}},"50":{"start":{"line":152,"column":14},"end":{"line":154,"column":null}},"51":{"start":{"line":153,"column":16},"end":{"line":153,"column":null}},"52":{"start":{"line":166,"column":22},"end":{"line":179,"column":null}},"53":{"start":{"line":181,"column":4},"end":{"line":206,"column":null}},"54":{"start":{"line":183,"column":6},"end":{"line":183,"column":null}},"55":{"start":{"line":186,"column":26},"end":{"line":186,"column":null}},"56":{"start":{"line":189,"column":6},"end":{"line":197,"column":null}},"57":{"start":{"line":190,"column":8},"end":{"line":195,"column":null}},"58":{"start":{"line":199,"column":6},"end":{"line":204,"column":null}},"59":{"start":{"line":209,"column":4},"end":{"line":214,"column":null}},"60":{"start":{"line":216,"column":4},"end":{"line":216,"column":null}},"61":{"start":{"line":217,"column":4},"end":{"line":222,"column":null}},"62":{"start":{"line":229,"column":2},"end":{"line":262,"column":null}},"63":{"start":{"line":230,"column":16},"end":{"line":230,"column":null}},"64":{"start":{"line":231,"column":18},"end":{"line":231,"column":null}},"65":{"start":{"line":233,"column":4},"end":{"line":238,"column":null}},"66":{"start":{"line":234,"column":6},"end":{"line":236,"column":null}},"67":{"start":{"line":241,"column":6},"end":{"line":243,"column":null}},"68":{"start":{"line":245,"column":25},"end":{"line":245,"column":null}},"69":{"start":{"line":246,"column":35},"end":{"line":246,"column":null}},"70":{"start":{"line":248,"column":4},"end":{"line":255,"column":null}},"71":{"start":{"line":257,"column":4},"end":{"line":257,"column":null}},"72":{"start":{"line":258,"column":4},"end":{"line":260,"column":null}}},"fnMap":{"0":{"name":"(anonymous_3)","decl":{"start":{"line":20,"column":2},"end":{"line":20,"column":null}},"loc":{"start":{"line":20,"column":2},"end":{"line":27,"column":null}}},"1":{"name":"getRateLimitKey","decl":{"start":{"line":37,"column":9},"end":{"line":37,"column":25}},"loc":{"start":{"line":37,"column":50},"end":{"line":39,"column":null}}},"2":{"name":"isRateLimited","decl":{"start":{"line":41,"column":9},"end":{"line":41,"column":23}},"loc":{"start":{"line":41,"column":34},"end":{"line":69,"column":null}}},"3":{"name":"updateRateLimit","decl":{"start":{"line":71,"column":9},"end":{"line":71,"column":25}},"loc":{"start":{"line":71,"column":36},"end":{"line":88,"column":null}}},"4":{"name":"POST","decl":{"start":{"line":90,"column":22},"end":{"line":90,"column":26}},"loc":{"start":{"line":90,"column":47},"end":{"line":225,"column":null}}},"5":{"name":"(anonymous_8)","decl":{"start":{"line":100,"column":47},"end":{"line":100,"column":48}},"loc":{"start":{"line":100,"column":54},"end":{"line":100,"column":63}}},"6":{"name":"(anonymous_9)","decl":{"start":{"line":147,"column":10},"end":{"line":147,"column":null}},"loc":{"start":{"line":147,"column":10},"end":{"line":149,"column":null}}},"7":{"name":"(anonymous_10)","decl":{"start":{"line":150,"column":10},"end":{"line":150,"column":17}},"loc":{"start":{"line":150,"column":29},"end":{"line":160,"column":null}}},"8":{"name":"(anonymous_11)","decl":{"start":{"line":152,"column":35},"end":{"line":152,"column":36}},"loc":{"start":{"line":152,"column":60},"end":{"line":154,"column":null}}},"9":{"name":"GET","decl":{"start":{"line":228,"column":22},"end":{"line":228,"column":25}},"loc":{"start":{"line":228,"column":46},"end":{"line":263,"column":null}}}},"branchMap":{"0":{"loc":{"start":{"line":23,"column":6},"end":{"line":25,"column":null}},"type":"if","locations":[{"start":{"line":23,"column":6},"end":{"line":25,"column":null}},{"start":{},"end":{}}]},"1":{"loc":{"start":{"line":45,"column":2},"end":{"line":47,"column":null}},"type":"if","locations":[{"start":{"line":45,"column":2},"end":{"line":47,"column":null}},{"start":{},"end":{}}]},"2":{"loc":{"start":{"line":50,"column":2},"end":{"line":53,"column":null}},"type":"if","locations":[{"start":{"line":50,"column":2},"end":{"line":53,"column":null}},{"start":{},"end":{}}]},"3":{"loc":{"start":{"line":56,"column":2},"end":{"line":61,"column":null}},"type":"if","locations":[{"start":{"line":56,"column":2},"end":{"line":61,"column":null}},{"start":{},"end":{}}]},"4":{"loc":{"start":{"line":64,"column":2},"end":{"line":66,"column":null}},"type":"if","locations":[{"start":{"line":64,"column":2},"end":{"line":66,"column":null}},{"start":{},"end":{}}]},"5":{"loc":{"start":{"line":75,"column":2},"end":{"line":87,"column":null}},"type":"if","locations":[{"start":{"line":75,"column":2},"end":{"line":87,"column":null}},{"start":{"line":81,"column":9},"end":{"line":87,"column":null}}]},"6":{"loc":{"start":{"line":75,"column":6},"end":{"line":75,"column":37}},"type":"binary-expr","locations":[{"start":{"line":75,"column":6},"end":{"line":75,"column":16}},{"start":{"line":75,"column":16},"end":{"line":75,"column":37}}]},"7":{"loc":{"start":{"line":96,"column":4},"end":{"line":104,"column":null}},"type":"if","locations":[{"start":{"line":96,"column":4},"end":{"line":104,"column":null}},{"start":{},"end":{}}]},"8":{"loc":{"start":{"line":110,"column":6},"end":{"line":112,"column":null}},"type":"binary-expr","locations":[{"start":{"line":110,"column":6},"end":{"line":110,"column":null}},{"start":{"line":111,"column":6},"end":{"line":111,"column":null}},{"start":{"line":112,"column":6},"end":{"line":112,"column":null}}]},"9":{"loc":{"start":{"line":118,"column":4},"end":{"line":135,"column":null}},"type":"if","locations":[{"start":{"line":118,"column":4},"end":{"line":135,"column":null}},{"start":{},"end":{}}]},"10":{"loc":{"start":{"line":119,"column":28},"end":{"line":121,"column":null}},"type":"cond-expr","locations":[{"start":{"line":120,"column":10},"end":{"line":120,"column":null}},{"start":{"line":121,"column":10},"end":{"line":121,"column":null}}]},"11":{"loc":{"start":{"line":170,"column":10},"end":{"line":171,"column":87}},"type":"binary-expr","locations":[{"start":{"line":170,"column":10},"end":{"line":170,"column":null}},{"start":{"line":171,"column":10},"end":{"line":171,"column":87}}]},"12":{"loc":{"start":{"line":171,"column":13},"end":{"line":171,"column":72}},"type":"binary-expr","locations":[{"start":{"line":171,"column":13},"end":{"line":171,"column":44}},{"start":{"line":171,"column":48},"end":{"line":171,"column":72}}]},"13":{"loc":{"start":{"line":181,"column":4},"end":{"line":206,"column":null}},"type":"if","locations":[{"start":{"line":181,"column":4},"end":{"line":206,"column":null}},{"start":{},"end":{}}]},"14":{"loc":{"start":{"line":189,"column":6},"end":{"line":197,"column":null}},"type":"if","locations":[{"start":{"line":189,"column":6},"end":{"line":197,"column":null}},{"start":{},"end":{}}]},"15":{"loc":{"start":{"line":233,"column":4},"end":{"line":238,"column":null}},"type":"if","locations":[{"start":{"line":233,"column":4},"end":{"line":238,"column":null}},{"start":{},"end":{}}]},"16":{"loc":{"start":{"line":241,"column":6},"end":{"line":243,"column":null}},"type":"binary-expr","locations":[{"start":{"line":241,"column":6},"end":{"line":241,"column":null}},{"start":{"line":242,"column":6},"end":{"line":242,"column":null}},{"start":{"line":243,"column":6},"end":{"line":243,"column":null}}]},"17":{"loc":{"start":{"line":251,"column":17},"end":{"line":251,"column":null}},"type":"binary-expr","locations":[{"start":{"line":251,"column":17},"end":{"line":251,"column":30}},{"start":{"line":251,"column":30},"end":{"line":251,"column":null}}]},"18":{"loc":{"start":{"line":252,"column":21},"end":{"line":254,"column":null}},"type":"cond-expr","locations":[{"start":{"line":253,"column":10},"end":{"line":253,"column":null}},{"start":{"line":254,"column":10},"end":{"line":254,"column":null}}]}},"s":{"0":0,"1":0,"2":0,"3":0,"4":0,"5":0,"6":0,"7":0,"8":0,"9":0,"10":0,"11":0,"12":0,"13":0,"14":0,"15":0,"16":0,"17":0,"18":0,"19":0,"20":0,"21":0,"22":0,"23":0,"24":0,"25":0,"26":0,"27":0,"28":0,"29":0,"30":0,"31":0,"32":0,"33":0,"34":0,"35":0,"36":0,"37":0,"38":0,"39":0,"40":0,"41":0,"42":0,"43":0,"44":0,"45":0,"46":0,"47":0,"48":0,"49":0,"50":0,"51":0,"52":0,"53":0,"54":0,"55":0,"56":0,"57":0,"58":0,"59":0,"60":0,"61":0,"62":0,"63":0,"64":0,"65":0,"66":0,"67":0,"68":0,"69":0,"70":0,"71":0,"72":0},"f":{"0":0,"1":0,"2":0,"3":0,"4":0,"5":0,"6":0,"7":0,"8":0,"9":0},"b":{"0":[0,0],"1":[0,0],"2":[0,0],"3":[0,0],"4":[0,0],"5":[0,0],"6":[0,0],"7":[0,0],"8":[0,0,0],"9":[0,0],"10":[0,0],"11":[0,0],"12":[0,0],"13":[0,0],"14":[0,0],"15":[0,0],"16":[0,0,0],"17":[0,0],"18":[0,0]}}
,"/Users/steve/yum-dashboard/app/api/creators/route.ts": {"path":"/Users/steve/yum-dashboard/app/api/creators/route.ts","statementMap":{"0":{"start":{"line":155,"column":22},"end":{"line":155,"column":25}},"1":{"start":{"line":22,"column":22},"end":{"line":22,"column":26}},"2":{"start":{"line":1,"column":42},"end":{"line":1,"column":null}},"3":{"start":{"line":2,"column":35},"end":{"line":2,"column":null}},"4":{"start":{"line":3,"column":24},"end":{"line":3,"column":null}},"5":{"start":{"line":4,"column":18},"end":{"line":4,"column":null}},"6":{"start":{"line":5,"column":57},"end":{"line":5,"column":null}},"7":{"start":{"line":7,"column":28},"end":{"line":12,"column":null}},"8":{"start":{"line":14,"column":26},"end":{"line":20,"column":null}},"9":{"start":{"line":23,"column":2},"end":{"line":152,"column":null}},"10":{"start":{"line":25,"column":24},"end":{"line":25,"column":null}},"11":{"start":{"line":26,"column":21},"end":{"line":40,"column":null}},"12":{"start":{"line":32,"column":12},"end":{"line":32,"column":null}},"13":{"start":{"line":35,"column":12},"end":{"line":36,"column":null}},"14":{"start":{"line":36,"column":14},"end":{"line":36,"column":null}},"15":{"start":{"line":43,"column":49},"end":{"line":43,"column":null}},"16":{"start":{"line":44,"column":4},"end":{"line":49,"column":null}},"17":{"start":{"line":45,"column":6},"end":{"line":47,"column":null}},"18":{"start":{"line":52,"column":17},"end":{"line":52,"column":null}},"19":{"start":{"line":53,"column":23},"end":{"line":53,"column":null}},"20":{"start":{"line":54,"column":4},"end":{"line":62,"column":null}},"21":{"start":{"line":55,"column":6},"end":{"line":60,"column":null}},"22":{"start":{"line":58,"column":54},"end":{"line":58,"column":63}},"23":{"start":{"line":64,"column":55},"end":{"line":64,"column":70}},"24":{"start":{"line":68,"column":4},"end":{"line":78,"column":null}},"25":{"start":{"line":69,"column":6},"end":{"line":69,"column":null}},"26":{"start":{"line":71,"column":6},"end":{"line":76,"column":null}},"27":{"start":{"line":72,"column":8},"end":{"line":74,"column":null}},"28":{"start":{"line":77,"column":6},"end":{"line":77,"column":null}},"29":{"start":{"line":81,"column":57},"end":{"line":87,"column":null}},"30":{"start":{"line":89,"column":4},"end":{"line":95,"column":null}},"31":{"start":{"line":90,"column":6},"end":{"line":90,"column":null}},"32":{"start":{"line":91,"column":6},"end":{"line":93,"column":null}},"33":{"start":{"line":97,"column":4},"end":{"line":102,"column":null}},"34":{"start":{"line":98,"column":6},"end":{"line":100,"column":null}},"35":{"start":{"line":105,"column":24},"end":{"line":115,"column":null}},"36":{"start":{"line":117,"column":53},"end":{"line":121,"column":null}},"37":{"start":{"line":123,"column":4},"end":{"line":129,"column":null}},"38":{"start":{"line":124,"column":6},"end":{"line":124,"column":null}},"39":{"start":{"line":125,"column":6},"end":{"line":127,"column":null}},"40":{"start":{"line":132,"column":4},"end":{"line":135,"column":null}},"41":{"start":{"line":137,"column":4},"end":{"line":144,"column":null}},"42":{"start":{"line":147,"column":4},"end":{"line":147,"column":null}},"43":{"start":{"line":148,"column":4},"end":{"line":150,"column":null}},"44":{"start":{"line":156,"column":2},"end":{"line":303,"column":null}},"45":{"start":{"line":158,"column":24},"end":{"line":158,"column":null}},"46":{"start":{"line":159,"column":21},"end":{"line":173,"column":null}},"47":{"start":{"line":165,"column":12},"end":{"line":165,"column":null}},"48":{"start":{"line":168,"column":12},"end":{"line":169,"column":null}},"49":{"start":{"line":169,"column":14},"end":{"line":169,"column":null}},"50":{"start":{"line":176,"column":49},"end":{"line":176,"column":null}},"51":{"start":{"line":177,"column":4},"end":{"line":182,"column":null}},"52":{"start":{"line":178,"column":6},"end":{"line":180,"column":null}},"53":{"start":{"line":185,"column":29},"end":{"line":185,"column":null}},"54":{"start":{"line":186,"column":28},"end":{"line":192,"column":null}},"55":{"start":{"line":194,"column":4},"end":{"line":202,"column":null}},"56":{"start":{"line":195,"column":6},"end":{"line":200,"column":null}},"57":{"start":{"line":198,"column":59},"end":{"line":198,"column":68}},"58":{"start":{"line":210,"column":8},"end":{"line":210,"column":28}},"59":{"start":{"line":213,"column":16},"end":{"line":225,"column":null}},"60":{"start":{"line":228,"column":4},"end":{"line":230,"column":null}},"61":{"start":{"line":229,"column":6},"end":{"line":229,"column":null}},"62":{"start":{"line":232,"column":4},"end":{"line":236,"column":null}},"63":{"start":{"line":233,"column":6},"end":{"line":234,"column":null}},"64":{"start":{"line":239,"column":17},"end":{"line":239,"column":null}},"65":{"start":{"line":240,"column":15},"end":{"line":240,"column":null}},"66":{"start":{"line":242,"column":50},"end":{"line":244,"column":null}},"67":{"start":{"line":246,"column":4},"end":{"line":252,"column":null}},"68":{"start":{"line":247,"column":6},"end":{"line":247,"column":null}},"69":{"start":{"line":248,"column":6},"end":{"line":250,"column":null}},"70":{"start":{"line":255,"column":21},"end":{"line":258,"column":null}},"71":{"start":{"line":260,"column":4},"end":{"line":262,"column":null}},"72":{"start":{"line":261,"column":6},"end":{"line":261,"column":null}},"73":{"start":{"line":264,"column":4},"end":{"line":268,"column":null}},"74":{"start":{"line":265,"column":6},"end":{"line":266,"column":null}},"75":{"start":{"line":270,"column":41},"end":{"line":270,"column":null}},"76":{"start":{"line":272,"column":4},"end":{"line":278,"column":null}},"77":{"start":{"line":273,"column":6},"end":{"line":273,"column":null}},"78":{"start":{"line":274,"column":6},"end":{"line":276,"column":null}},"79":{"start":{"line":280,"column":23},"end":{"line":280,"column":null}},"80":{"start":{"line":282,"column":4},"end":{"line":296,"column":null}},"81":{"start":{"line":298,"column":4},"end":{"line":298,"column":null}},"82":{"start":{"line":299,"column":4},"end":{"line":301,"column":null}}},"fnMap":{"0":{"name":"POST","decl":{"start":{"line":22,"column":22},"end":{"line":22,"column":26}},"loc":{"start":{"line":22,"column":47},"end":{"line":153,"column":null}}},"1":{"name":"(anonymous_4)","decl":{"start":{"line":31,"column":10},"end":{"line":31,"column":null}},"loc":{"start":{"line":31,"column":10},"end":{"line":33,"column":null}}},"2":{"name":"(anonymous_5)","decl":{"start":{"line":34,"column":10},"end":{"line":34,"column":17}},"loc":{"start":{"line":34,"column":29},"end":{"line":38,"column":null}}},"3":{"name":"(anonymous_6)","decl":{"start":{"line":35,"column":33},"end":{"line":35,"column":34}},"loc":{"start":{"line":36,"column":14},"end":{"line":36,"column":null}}},"4":{"name":"(anonymous_7)","decl":{"start":{"line":58,"column":47},"end":{"line":58,"column":48}},"loc":{"start":{"line":58,"column":54},"end":{"line":58,"column":63}}},"5":{"name":"GET","decl":{"start":{"line":155,"column":22},"end":{"line":155,"column":25}},"loc":{"start":{"line":155,"column":46},"end":{"line":304,"column":null}}},"6":{"name":"(anonymous_9)","decl":{"start":{"line":164,"column":10},"end":{"line":164,"column":null}},"loc":{"start":{"line":164,"column":10},"end":{"line":166,"column":null}}},"7":{"name":"(anonymous_10)","decl":{"start":{"line":167,"column":10},"end":{"line":167,"column":17}},"loc":{"start":{"line":167,"column":29},"end":{"line":171,"column":null}}},"8":{"name":"(anonymous_11)","decl":{"start":{"line":168,"column":33},"end":{"line":168,"column":34}},"loc":{"start":{"line":169,"column":14},"end":{"line":169,"column":null}}},"9":{"name":"(anonymous_12)","decl":{"start":{"line":198,"column":52},"end":{"line":198,"column":53}},"loc":{"start":{"line":198,"column":59},"end":{"line":198,"column":68}}}},"branchMap":{"0":{"loc":{"start":{"line":44,"column":4},"end":{"line":49,"column":null}},"type":"if","locations":[{"start":{"line":44,"column":4},"end":{"line":49,"column":null}},{"start":{},"end":{}}]},"1":{"loc":{"start":{"line":44,"column":8},"end":{"line":44,"column":28}},"type":"binary-expr","locations":[{"start":{"line":44,"column":8},"end":{"line":44,"column":21}},{"start":{"line":44,"column":21},"end":{"line":44,"column":28}}]},"2":{"loc":{"start":{"line":54,"column":4},"end":{"line":62,"column":null}},"type":"if","locations":[{"start":{"line":54,"column":4},"end":{"line":62,"column":null}},{"start":{},"end":{}}]},"3":{"loc":{"start":{"line":71,"column":6},"end":{"line":76,"column":null}},"type":"if","locations":[{"start":{"line":71,"column":6},"end":{"line":76,"column":null}},{"start":{},"end":{}}]},"4":{"loc":{"start":{"line":89,"column":4},"end":{"line":95,"column":null}},"type":"if","locations":[{"start":{"line":89,"column":4},"end":{"line":95,"column":null}},{"start":{},"end":{}}]},"5":{"loc":{"start":{"line":89,"column":8},"end":{"line":89,"column":54}},"type":"binary-expr","locations":[{"start":{"line":89,"column":8},"end":{"line":89,"column":22}},{"start":{"line":89,"column":22},"end":{"line":89,"column":54}}]},"6":{"loc":{"start":{"line":97,"column":4},"end":{"line":102,"column":null}},"type":"if","locations":[{"start":{"line":97,"column":4},"end":{"line":102,"column":null}},{"start":{},"end":{}}]},"7":{"loc":{"start":{"line":123,"column":4},"end":{"line":129,"column":null}},"type":"if","locations":[{"start":{"line":123,"column":4},"end":{"line":129,"column":null}},{"start":{},"end":{}}]},"8":{"loc":{"start":{"line":132,"column":4},"end":{"line":135,"column":null}},"type":"if","locations":[{"start":{"line":132,"column":4},"end":{"line":135,"column":null}},{"start":{},"end":{}}]},"9":{"loc":{"start":{"line":132,"column":8},"end":{"line":132,"column":37}},"type":"binary-expr","locations":[{"start":{"line":132,"column":8},"end":{"line":132,"column":18}},{"start":{"line":132,"column":18},"end":{"line":132,"column":37}}]},"10":{"loc":{"start":{"line":177,"column":4},"end":{"line":182,"column":null}},"type":"if","locations":[{"start":{"line":177,"column":4},"end":{"line":182,"column":null}},{"start":{},"end":{}}]},"11":{"loc":{"start":{"line":177,"column":8},"end":{"line":177,"column":28}},"type":"binary-expr","locations":[{"start":{"line":177,"column":8},"end":{"line":177,"column":21}},{"start":{"line":177,"column":21},"end":{"line":177,"column":28}}]},"12":{"loc":{"start":{"line":194,"column":4},"end":{"line":202,"column":null}},"type":"if","locations":[{"start":{"line":194,"column":4},"end":{"line":202,"column":null}},{"start":{},"end":{}}]},"13":{"loc":{"start":{"line":205,"column":6},"end":{"line":205,"column":14}},"type":"default-arg","locations":[{"start":{"line":205,"column":13},"end":{"line":205,"column":14}}]},"14":{"loc":{"start":{"line":206,"column":6},"end":{"line":206,"column":16}},"type":"default-arg","locations":[{"start":{"line":206,"column":14},"end":{"line":206,"column":16}}]},"15":{"loc":{"start":{"line":228,"column":4},"end":{"line":230,"column":null}},"type":"if","locations":[{"start":{"line":228,"column":4},"end":{"line":230,"column":null}},{"start":{},"end":{}}]},"16":{"loc":{"start":{"line":232,"column":4},"end":{"line":236,"column":null}},"type":"if","locations":[{"start":{"line":232,"column":4},"end":{"line":236,"column":null}},{"start":{},"end":{}}]},"17":{"loc":{"start":{"line":246,"column":4},"end":{"line":252,"column":null}},"type":"if","locations":[{"start":{"line":246,"column":4},"end":{"line":252,"column":null}},{"start":{},"end":{}}]},"18":{"loc":{"start":{"line":260,"column":4},"end":{"line":262,"column":null}},"type":"if","locations":[{"start":{"line":260,"column":4},"end":{"line":262,"column":null}},{"start":{},"end":{}}]},"19":{"loc":{"start":{"line":264,"column":4},"end":{"line":268,"column":null}},"type":"if","locations":[{"start":{"line":264,"column":4},"end":{"line":268,"column":null}},{"start":{},"end":{}}]},"20":{"loc":{"start":{"line":272,"column":4},"end":{"line":278,"column":null}},"type":"if","locations":[{"start":{"line":272,"column":4},"end":{"line":278,"column":null}},{"start":{},"end":{}}]},"21":{"loc":{"start":{"line":280,"column":34},"end":{"line":280,"column":48}},"type":"binary-expr","locations":[{"start":{"line":280,"column":34},"end":{"line":280,"column":43}},{"start":{"line":280,"column":43},"end":{"line":280,"column":48}}]},"22":{"loc":{"start":{"line":289,"column":17},"end":{"line":289,"column":null}},"type":"binary-expr","locations":[{"start":{"line":289,"column":17},"end":{"line":289,"column":26}},{"start":{"line":289,"column":26},"end":{"line":289,"column":null}}]}},"s":{"0":3,"1":4,"2":1,"3":1,"4":1,"5":1,"6":1,"7":1,"8":1,"9":4,"10":4,"11":4,"12":0,"13":0,"14":0,"15":4,"16":4,"17":1,"18":3,"19":3,"20":3,"21":1,"22":2,"23":2,"24":2,"25":2,"26":0,"27":0,"28":0,"29":2,"30":2,"31":0,"32":0,"33":2,"34":1,"35":1,"36":1,"37":1,"38":0,"39":0,"40":1,"41":1,"42":0,"43":0,"44":3,"45":3,"46":3,"47":0,"48":0,"49":0,"50":3,"51":3,"52":1,"53":2,"54":2,"55":2,"56":2,"57":9,"58":0,"59":0,"60":0,"61":0,"62":0,"63":0,"64":0,"65":0,"66":0,"67":0,"68":0,"69":0,"70":0,"71":0,"72":0,"73":0,"74":0,"75":0,"76":0,"77":0,"78":0,"79":0,"80":0,"81":0,"82":0},"f":{"0":4,"1":0,"2":0,"3":0,"4":2,"5":3,"6":0,"7":0,"8":0,"9":9},"b":{"0":[1,3],"1":[4,3],"2":[1,2],"3":[0,0],"4":[0,2],"5":[2,0],"6":[1,1],"7":[0,1],"8":[0,1],"9":[1,0],"10":[1,2],"11":[3,2],"12":[2,0],"13":[0],"14":[0],"15":[0,0],"16":[0,0],"17":[0,0],"18":[0,0],"19":[0,0],"20":[0,0],"21":[0,0],"22":[0,0]}}
,"/Users/steve/yum-dashboard/app/api/creators/[id]/route.ts": {"path":"/Users/steve/yum-dashboard/app/api/creators/[id]/route.ts","statementMap":{"0":{"start":{"line":125,"column":22},"end":{"line":125,"column":28}},"1":{"start":{"line":19,"column":22},"end":{"line":19,"column":25}},"2":{"start":{"line":1,"column":42},"end":{"line":1,"column":null}},"3":{"start":{"line":2,"column":35},"end":{"line":2,"column":null}},"4":{"start":{"line":3,"column":24},"end":{"line":3,"column":null}},"5":{"start":{"line":4,"column":18},"end":{"line":4,"column":null}},"6":{"start":{"line":6,"column":28},"end":{"line":11,"column":null}},"7":{"start":{"line":20,"column":2},"end":{"line":122,"column":null}},"8":{"start":{"line":21,"column":19},"end":{"line":21,"column":33}},"9":{"start":{"line":24,"column":24},"end":{"line":24,"column":null}},"10":{"start":{"line":25,"column":21},"end":{"line":39,"column":null}},"11":{"start":{"line":31,"column":12},"end":{"line":31,"column":null}},"12":{"start":{"line":34,"column":12},"end":{"line":35,"column":null}},"13":{"start":{"line":35,"column":14},"end":{"line":35,"column":null}},"14":{"start":{"line":42,"column":49},"end":{"line":42,"column":null}},"15":{"start":{"line":43,"column":4},"end":{"line":48,"column":null}},"16":{"start":{"line":44,"column":6},"end":{"line":46,"column":null}},"17":{"start":{"line":51,"column":17},"end":{"line":51,"column":null}},"18":{"start":{"line":52,"column":23},"end":{"line":52,"column":null}},"19":{"start":{"line":53,"column":4},"end":{"line":61,"column":null}},"20":{"start":{"line":54,"column":6},"end":{"line":59,"column":null}},"21":{"start":{"line":57,"column":54},"end":{"line":57,"column":63}},"22":{"start":{"line":63,"column":23},"end":{"line":63,"column":38}},"23":{"start":{"line":66,"column":30},"end":{"line":69,"column":null}},"24":{"start":{"line":72,"column":57},"end":{"line":87,"column":null}},"25":{"start":{"line":89,"column":4},"end":{"line":101,"column":null}},"26":{"start":{"line":90,"column":6},"end":{"line":95,"column":null}},"27":{"start":{"line":91,"column":8},"end":{"line":93,"column":null}},"28":{"start":{"line":96,"column":6},"end":{"line":96,"column":null}},"29":{"start":{"line":97,"column":6},"end":{"line":99,"column":null}},"30":{"start":{"line":103,"column":4},"end":{"line":108,"column":null}},"31":{"start":{"line":104,"column":6},"end":{"line":106,"column":null}},"32":{"start":{"line":110,"column":4},"end":{"line":115,"column":null}},"33":{"start":{"line":117,"column":4},"end":{"line":117,"column":null}},"34":{"start":{"line":118,"column":4},"end":{"line":120,"column":null}},"35":{"start":{"line":126,"column":2},"end":{"line":182,"column":null}},"36":{"start":{"line":127,"column":19},"end":{"line":127,"column":33}},"37":{"start":{"line":130,"column":24},"end":{"line":130,"column":null}},"38":{"start":{"line":131,"column":21},"end":{"line":145,"column":null}},"39":{"start":{"line":137,"column":12},"end":{"line":137,"column":null}},"40":{"start":{"line":140,"column":12},"end":{"line":141,"column":null}},"41":{"start":{"line":141,"column":14},"end":{"line":141,"column":null}},"42":{"start":{"line":148,"column":49},"end":{"line":148,"column":null}},"43":{"start":{"line":149,"column":4},"end":{"line":154,"column":null}},"44":{"start":{"line":150,"column":6},"end":{"line":152,"column":null}},"45":{"start":{"line":157,"column":35},"end":{"line":161,"column":31}},"46":{"start":{"line":163,"column":4},"end":{"line":169,"column":null}},"47":{"start":{"line":164,"column":6},"end":{"line":164,"column":null}},"48":{"start":{"line":165,"column":6},"end":{"line":167,"column":null}},"49":{"start":{"line":171,"column":4},"end":{"line":175,"column":null}},"50":{"start":{"line":177,"column":4},"end":{"line":177,"column":null}},"51":{"start":{"line":178,"column":4},"end":{"line":180,"column":null}}},"fnMap":{"0":{"name":"PUT","decl":{"start":{"line":19,"column":22},"end":{"line":19,"column":25}},"loc":{"start":{"line":19,"column":69},"end":{"line":123,"column":null}}},"1":{"name":"(anonymous_4)","decl":{"start":{"line":30,"column":10},"end":{"line":30,"column":null}},"loc":{"start":{"line":30,"column":10},"end":{"line":32,"column":null}}},"2":{"name":"(anonymous_5)","decl":{"start":{"line":33,"column":10},"end":{"line":33,"column":17}},"loc":{"start":{"line":33,"column":29},"end":{"line":37,"column":null}}},"3":{"name":"(anonymous_6)","decl":{"start":{"line":34,"column":33},"end":{"line":34,"column":34}},"loc":{"start":{"line":35,"column":14},"end":{"line":35,"column":null}}},"4":{"name":"(anonymous_7)","decl":{"start":{"line":57,"column":47},"end":{"line":57,"column":48}},"loc":{"start":{"line":57,"column":54},"end":{"line":57,"column":63}}},"5":{"name":"DELETE","decl":{"start":{"line":125,"column":22},"end":{"line":125,"column":28}},"loc":{"start":{"line":125,"column":72},"end":{"line":183,"column":null}}},"6":{"name":"(anonymous_9)","decl":{"start":{"line":136,"column":10},"end":{"line":136,"column":null}},"loc":{"start":{"line":136,"column":10},"end":{"line":138,"column":null}}},"7":{"name":"(anonymous_10)","decl":{"start":{"line":139,"column":10},"end":{"line":139,"column":17}},"loc":{"start":{"line":139,"column":29},"end":{"line":143,"column":null}}},"8":{"name":"(anonymous_11)","decl":{"start":{"line":140,"column":33},"end":{"line":140,"column":34}},"loc":{"start":{"line":141,"column":14},"end":{"line":141,"column":null}}}},"branchMap":{"0":{"loc":{"start":{"line":43,"column":4},"end":{"line":48,"column":null}},"type":"if","locations":[{"start":{"line":43,"column":4},"end":{"line":48,"column":null}},{"start":{},"end":{}}]},"1":{"loc":{"start":{"line":43,"column":8},"end":{"line":43,"column":28}},"type":"binary-expr","locations":[{"start":{"line":43,"column":8},"end":{"line":43,"column":21}},{"start":{"line":43,"column":21},"end":{"line":43,"column":28}}]},"2":{"loc":{"start":{"line":53,"column":4},"end":{"line":61,"column":null}},"type":"if","locations":[{"start":{"line":53,"column":4},"end":{"line":61,"column":null}},{"start":{},"end":{}}]},"3":{"loc":{"start":{"line":89,"column":4},"end":{"line":101,"column":null}},"type":"if","locations":[{"start":{"line":89,"column":4},"end":{"line":101,"column":null}},{"start":{},"end":{}}]},"4":{"loc":{"start":{"line":90,"column":6},"end":{"line":95,"column":null}},"type":"if","locations":[{"start":{"line":90,"column":6},"end":{"line":95,"column":null}},{"start":{},"end":{}}]},"5":{"loc":{"start":{"line":103,"column":4},"end":{"line":108,"column":null}},"type":"if","locations":[{"start":{"line":103,"column":4},"end":{"line":108,"column":null}},{"start":{},"end":{}}]},"6":{"loc":{"start":{"line":149,"column":4},"end":{"line":154,"column":null}},"type":"if","locations":[{"start":{"line":149,"column":4},"end":{"line":154,"column":null}},{"start":{},"end":{}}]},"7":{"loc":{"start":{"line":149,"column":8},"end":{"line":149,"column":28}},"type":"binary-expr","locations":[{"start":{"line":149,"column":8},"end":{"line":149,"column":21}},{"start":{"line":149,"column":21},"end":{"line":149,"column":28}}]},"8":{"loc":{"start":{"line":163,"column":4},"end":{"line":169,"column":null}},"type":"if","locations":[{"start":{"line":163,"column":4},"end":{"line":169,"column":null}},{"start":{},"end":{}}]}},"s":{"0":3,"1":4,"2":1,"3":1,"4":1,"5":1,"6":1,"7":4,"8":4,"9":4,"10":4,"11":0,"12":0,"13":0,"14":4,"15":4,"16":1,"17":3,"18":3,"19":3,"20":1,"21":1,"22":2,"23":2,"24":2,"25":2,"26":1,"27":1,"28":0,"29":0,"30":1,"31":0,"32":1,"33":0,"34":0,"35":3,"36":3,"37":3,"38":3,"39":0,"40":0,"41":0,"42":3,"43":3,"44":1,"45":2,"46":2,"47":1,"48":1,"49":1,"50":0,"51":0},"f":{"0":4,"1":0,"2":0,"3":0,"4":1,"5":3,"6":0,"7":0,"8":0},"b":{"0":[1,3],"1":[4,3],"2":[1,2],"3":[1,1],"4":[1,0],"5":[0,1],"6":[1,2],"7":[3,2],"8":[1,1]}}
,"/Users/steve/yum-dashboard/app/api/creators/import/route.ts": {"path":"/Users/steve/yum-dashboard/app/api/creators/import/route.ts","statementMap":{"0":{"start":{"line":31,"column":22},"end":{"line":31,"column":27}},"1":{"start":{"line":1,"column":42},"end":{"line":1,"column":null}},"2":{"start":{"line":2,"column":35},"end":{"line":2,"column":null}},"3":{"start":{"line":3,"column":24},"end":{"line":3,"column":null}},"4":{"start":{"line":4,"column":18},"end":{"line":4,"column":null}},"5":{"start":{"line":5,"column":57},"end":{"line":5,"column":null}},"6":{"start":{"line":7,"column":21},"end":{"line":10,"column":null}},"7":{"start":{"line":32,"column":2},"end":{"line":100,"column":null}},"8":{"start":{"line":34,"column":24},"end":{"line":34,"column":null}},"9":{"start":{"line":35,"column":21},"end":{"line":49,"column":null}},"10":{"start":{"line":41,"column":12},"end":{"line":41,"column":null}},"11":{"start":{"line":44,"column":12},"end":{"line":45,"column":null}},"12":{"start":{"line":45,"column":14},"end":{"line":45,"column":null}},"13":{"start":{"line":52,"column":49},"end":{"line":52,"column":null}},"14":{"start":{"line":53,"column":4},"end":{"line":58,"column":null}},"15":{"start":{"line":54,"column":6},"end":{"line":56,"column":null}},"16":{"start":{"line":61,"column":17},"end":{"line":61,"column":null}},"17":{"start":{"line":62,"column":23},"end":{"line":62,"column":null}},"18":{"start":{"line":63,"column":4},"end":{"line":71,"column":null}},"19":{"start":{"line":64,"column":6},"end":{"line":69,"column":null}},"20":{"start":{"line":67,"column":54},"end":{"line":67,"column":63}},"21":{"start":{"line":73,"column":29},"end":{"line":73,"column":44}},"22":{"start":{"line":77,"column":4},"end":{"line":86,"column":null}},"23":{"start":{"line":78,"column":6},"end":{"line":78,"column":null}},"24":{"start":{"line":79,"column":11},"end":{"line":86,"column":null}},"25":{"start":{"line":80,"column":6},"end":{"line":80,"column":null}},"26":{"start":{"line":82,"column":6},"end":{"line":84,"column":null}},"27":{"start":{"line":88,"column":4},"end":{"line":93,"column":null}},"28":{"start":{"line":95,"column":4},"end":{"line":95,"column":null}},"29":{"start":{"line":96,"column":4},"end":{"line":98,"column":null}},"30":{"start":{"line":108,"column":31},"end":{"line":113,"column":null}},"31":{"start":{"line":115,"column":2},"end":{"line":245,"column":null}},"32":{"start":{"line":117,"column":18},"end":{"line":117,"column":null}},"33":{"start":{"line":118,"column":4},"end":{"line":120,"column":null}},"34":{"start":{"line":119,"column":6},"end":{"line":119,"column":null}},"35":{"start":{"line":122,"column":19},"end":{"line":122,"column":null}},"36":{"start":{"line":123,"column":28},"end":{"line":123,"column":null}},"37":{"start":{"line":124,"column":31},"end":{"line":125,"column":null}},"38":{"start":{"line":125,"column":6},"end":{"line":125,"column":null}},"39":{"start":{"line":128,"column":4},"end":{"line":132,"column":null}},"40":{"start":{"line":129,"column":6},"end":{"line":130,"column":null}},"41":{"start":{"line":135,"column":20},"end":{"line":135,"column":null}},"42":{"start":{"line":135,"column":49},"end":{"line":135,"column":null}},"43":{"start":{"line":136,"column":22},"end":{"line":136,"column":null}},"44":{"start":{"line":137,"column":21},"end":{"line":137,"column":null}},"45":{"start":{"line":138,"column":24},"end":{"line":138,"column":null}},"46":{"start":{"line":139,"column":29},"end":{"line":139,"column":null}},"47":{"start":{"line":142,"column":4},"end":{"line":240,"column":null}},"48":{"start":{"line":142,"column":17},"end":{"line":142,"column":20}},"49":{"start":{"line":143,"column":19},"end":{"line":143,"column":null}},"50":{"start":{"line":144,"column":6},"end":{"line":144,"column":null}},"51":{"start":{"line":144,"column":17},"end":{"line":144,"column":null}},"52":{"start":{"line":146,"column":6},"end":{"line":239,"column":null}},"53":{"start":{"line":147,"column":23},"end":{"line":147,"column":null}},"54":{"start":{"line":148,"column":32},"end":{"line":153,"column":null}},"55":{"start":{"line":155,"column":8},"end":{"line":164,"column":null}},"56":{"start":{"line":156,"column":10},"end":{"line":161,"column":null}},"57":{"start":{"line":162,"column":10},"end":{"line":162,"column":null}},"58":{"start":{"line":163,"column":10},"end":{"line":163,"column":null}},"59":{"start":{"line":168,"column":8},"end":{"line":179,"column":null}},"60":{"start":{"line":169,"column":10},"end":{"line":169,"column":null}},"61":{"start":{"line":171,"column":10},"end":{"line":176,"column":null}},"62":{"start":{"line":177,"column":10},"end":{"line":177,"column":null}},"63":{"start":{"line":178,"column":10},"end":{"line":178,"column":null}},"64":{"start":{"line":182,"column":42},"end":{"line":188,"column":null}},"65":{"start":{"line":190,"column":8},"end":{"line":199,"column":null}},"66":{"start":{"line":191,"column":10},"end":{"line":196,"column":null}},"67":{"start":{"line":197,"column":10},"end":{"line":197,"column":null}},"68":{"start":{"line":198,"column":10},"end":{"line":198,"column":null}},"69":{"start":{"line":202,"column":28},"end":{"line":212,"column":null}},"70":{"start":{"line":214,"column":57},"end":{"line":218,"column":null}},"71":{"start":{"line":220,"column":8},"end":{"line":229,"column":null}},"72":{"start":{"line":221,"column":10},"end":{"line":226,"column":null}},"73":{"start":{"line":227,"column":10},"end":{"line":227,"column":null}},"74":{"start":{"line":228,"column":10},"end":{"line":228,"column":null}},"75":{"start":{"line":231,"column":8},"end":{"line":231,"column":null}},"76":{"start":{"line":232,"column":8},"end":{"line":232,"column":null}},"77":{"start":{"line":234,"column":8},"end":{"line":237,"column":null}},"78":{"start":{"line":238,"column":8},"end":{"line":238,"column":null}},"79":{"start":{"line":242,"column":4},"end":{"line":243,"column":null}},"80":{"start":{"line":247,"column":2},"end":{"line":247,"column":null}},"81":{"start":{"line":255,"column":31},"end":{"line":260,"column":null}},"82":{"start":{"line":262,"column":2},"end":{"line":382,"column":null}},"83":{"start":{"line":264,"column":27},"end":{"line":264,"column":null}},"84":{"start":{"line":265,"column":4},"end":{"line":267,"column":null}},"85":{"start":{"line":266,"column":6},"end":{"line":266,"column":null}},"86":{"start":{"line":269,"column":4},"end":{"line":377,"column":null}},"87":{"start":{"line":269,"column":17},"end":{"line":269,"column":20}},"88":{"start":{"line":270,"column":22},"end":{"line":270,"column":39}},"89":{"start":{"line":272,"column":6},"end":{"line":376,"column":null}},"90":{"start":{"line":274,"column":27},"end":{"line":274,"column":null}},"91":{"start":{"line":275,"column":26},"end":{"line":275,"column":null}},"92":{"start":{"line":276,"column":28},"end":{"line":276,"column":null}},"93":{"start":{"line":277,"column":26},"end":{"line":277,"column":null}},"94":{"start":{"line":279,"column":22},"end":{"line":279,"column":55}},"95":{"start":{"line":280,"column":23},"end":{"line":280,"column":39}},"96":{"start":{"line":281,"column":21},"end":{"line":281,"column":35}},"97":{"start":{"line":283,"column":8},"end":{"line":290,"column":null}},"98":{"start":{"line":284,"column":10},"end":{"line":287,"column":null}},"99":{"start":{"line":288,"column":10},"end":{"line":288,"column":null}},"100":{"start":{"line":289,"column":10},"end":{"line":289,"column":null}},"101":{"start":{"line":293,"column":8},"end":{"line":302,"column":null}},"102":{"start":{"line":294,"column":10},"end":{"line":299,"column":null}},"103":{"start":{"line":300,"column":10},"end":{"line":300,"column":null}},"104":{"start":{"line":301,"column":10},"end":{"line":301,"column":null}},"105":{"start":{"line":306,"column":8},"end":{"line":317,"column":null}},"106":{"start":{"line":307,"column":10},"end":{"line":307,"column":null}},"107":{"start":{"line":309,"column":10},"end":{"line":314,"column":null}},"108":{"start":{"line":315,"column":10},"end":{"line":315,"column":null}},"109":{"start":{"line":316,"column":10},"end":{"line":316,"column":null}},"110":{"start":{"line":320,"column":42},"end":{"line":326,"column":null}},"111":{"start":{"line":328,"column":8},"end":{"line":337,"column":null}},"112":{"start":{"line":329,"column":10},"end":{"line":334,"column":null}},"113":{"start":{"line":335,"column":10},"end":{"line":335,"column":null}},"114":{"start":{"line":336,"column":10},"end":{"line":336,"column":null}},"115":{"start":{"line":340,"column":28},"end":{"line":349,"column":null}},"116":{"start":{"line":351,"column":57},"end":{"line":355,"column":null}},"117":{"start":{"line":357,"column":8},"end":{"line":366,"column":null}},"118":{"start":{"line":358,"column":10},"end":{"line":363,"column":null}},"119":{"start":{"line":364,"column":10},"end":{"line":364,"column":null}},"120":{"start":{"line":365,"column":10},"end":{"line":365,"column":null}},"121":{"start":{"line":368,"column":8},"end":{"line":368,"column":null}},"122":{"start":{"line":369,"column":8},"end":{"line":369,"column":null}},"123":{"start":{"line":371,"column":8},"end":{"line":374,"column":null}},"124":{"start":{"line":375,"column":8},"end":{"line":375,"column":null}},"125":{"start":{"line":379,"column":4},"end":{"line":380,"column":null}},"126":{"start":{"line":384,"column":2},"end":{"line":384,"column":null}},"127":{"start":{"line":388,"column":27},"end":{"line":388,"column":29}},"128":{"start":{"line":389,"column":16},"end":{"line":389,"column":null}},"129":{"start":{"line":390,"column":17},"end":{"line":390,"column":null}},"130":{"start":{"line":392,"column":2},"end":{"line":411,"column":null}},"131":{"start":{"line":392,"column":15},"end":{"line":392,"column":18}},"132":{"start":{"line":393,"column":17},"end":{"line":393,"column":24}},"133":{"start":{"line":395,"column":4},"end":{"line":410,"column":null}},"134":{"start":{"line":396,"column":6},"end":{"line":403,"column":null}},"135":{"start":{"line":398,"column":8},"end":{"line":398,"column":null}},"136":{"start":{"line":399,"column":8},"end":{"line":399,"column":13}},"137":{"start":{"line":402,"column":8},"end":{"line":402,"column":null}},"138":{"start":{"line":404,"column":11},"end":{"line":410,"column":null}},"139":{"start":{"line":406,"column":6},"end":{"line":406,"column":null}},"140":{"start":{"line":407,"column":6},"end":{"line":407,"column":null}},"141":{"start":{"line":409,"column":6},"end":{"line":409,"column":null}},"142":{"start":{"line":413,"column":2},"end":{"line":413,"column":null}},"143":{"start":{"line":414,"column":2},"end":{"line":414,"column":null}}},"fnMap":{"0":{"name":"POST","decl":{"start":{"line":31,"column":22},"end":{"line":31,"column":27}},"loc":{"start":{"line":31,"column":47},"end":{"line":101,"column":null}}},"1":{"name":"(anonymous_2)","decl":{"start":{"line":40,"column":10},"end":{"line":40,"column":null}},"loc":{"start":{"line":40,"column":10},"end":{"line":42,"column":null}}},"2":{"name":"(anonymous_3)","decl":{"start":{"line":43,"column":10},"end":{"line":43,"column":17}},"loc":{"start":{"line":43,"column":29},"end":{"line":47,"column":null}}},"3":{"name":"(anonymous_4)","decl":{"start":{"line":44,"column":33},"end":{"line":44,"column":34}},"loc":{"start":{"line":45,"column":14},"end":{"line":45,"column":null}}},"4":{"name":"(anonymous_5)","decl":{"start":{"line":67,"column":47},"end":{"line":67,"column":48}},"loc":{"start":{"line":67,"column":54},"end":{"line":67,"column":63}}},"5":{"name":"importFromCSV","decl":{"start":{"line":103,"column":15},"end":{"line":103,"column":null}},"loc":{"start":{"line":106,"column":15},"end":{"line":248,"column":null}}},"6":{"name":"(anonymous_7)","decl":{"start":{"line":124,"column":53},"end":{"line":124,"column":54}},"loc":{"start":{"line":125,"column":6},"end":{"line":125,"column":null}}},"7":{"name":"(anonymous_8)","decl":{"start":{"line":135,"column":42},"end":{"line":135,"column":43}},"loc":{"start":{"line":135,"column":49},"end":{"line":135,"column":null}}},"8":{"name":"importFromOPML","decl":{"start":{"line":250,"column":15},"end":{"line":250,"column":null}},"loc":{"start":{"line":253,"column":15},"end":{"line":385,"column":null}}},"9":{"name":"parseCSVLine","decl":{"start":{"line":387,"column":9},"end":{"line":387,"column":22}},"loc":{"start":{"line":387,"column":34},"end":{"line":415,"column":null}}}},"branchMap":{"0":{"loc":{"start":{"line":53,"column":4},"end":{"line":58,"column":null}},"type":"if","locations":[{"start":{"line":53,"column":4},"end":{"line":58,"column":null}},{"start":{},"end":{}}]},"1":{"loc":{"start":{"line":53,"column":8},"end":{"line":53,"column":28}},"type":"binary-expr","locations":[{"start":{"line":53,"column":8},"end":{"line":53,"column":21}},{"start":{"line":53,"column":21},"end":{"line":53,"column":28}}]},"2":{"loc":{"start":{"line":63,"column":4},"end":{"line":71,"column":null}},"type":"if","locations":[{"start":{"line":63,"column":4},"end":{"line":71,"column":null}},{"start":{},"end":{}}]},"3":{"loc":{"start":{"line":77,"column":4},"end":{"line":86,"column":null}},"type":"if","locations":[{"start":{"line":77,"column":4},"end":{"line":86,"column":null}},{"start":{"line":79,"column":11},"end":{"line":86,"column":null}}]},"4":{"loc":{"start":{"line":79,"column":11},"end":{"line":86,"column":null}},"type":"if","locations":[{"start":{"line":79,"column":11},"end":{"line":86,"column":null}},{"start":{"line":81,"column":11},"end":{"line":86,"column":null}}]},"5":{"loc":{"start":{"line":118,"column":4},"end":{"line":120,"column":null}},"type":"if","locations":[{"start":{"line":118,"column":4},"end":{"line":120,"column":null}},{"start":{},"end":{}}]},"6":{"loc":{"start":{"line":128,"column":4},"end":{"line":132,"column":null}},"type":"if","locations":[{"start":{"line":128,"column":4},"end":{"line":132,"column":null}},{"start":{},"end":{}}]},"7":{"loc":{"start":{"line":144,"column":6},"end":{"line":144,"column":null}},"type":"if","locations":[{"start":{"line":144,"column":6},"end":{"line":144,"column":null}},{"start":{},"end":{}}]},"8":{"loc":{"start":{"line":149,"column":16},"end":{"line":149,"column":null}},"type":"binary-expr","locations":[{"start":{"line":149,"column":16},"end":{"line":149,"column":33}},{"start":{"line":149,"column":37},"end":{"line":149,"column":null}}]},"9":{"loc":{"start":{"line":150,"column":15},"end":{"line":150,"column":null}},"type":"binary-expr","locations":[{"start":{"line":150,"column":15},"end":{"line":150,"column":31}},{"start":{"line":150,"column":35},"end":{"line":150,"column":null}}]},"10":{"loc":{"start":{"line":151,"column":18},"end":{"line":151,"column":null}},"type":"cond-expr","locations":[{"start":{"line":151,"column":37},"end":{"line":151,"column":56}},{"start":{"line":151,"column":59},"end":{"line":151,"column":null}}]},"11":{"loc":{"start":{"line":152,"column":23},"end":{"line":152,"column":null}},"type":"cond-expr","locations":[{"start":{"line":152,"column":47},"end":{"line":152,"column":71}},{"start":{"line":152,"column":74},"end":{"line":152,"column":null}}]},"12":{"loc":{"start":{"line":155,"column":8},"end":{"line":164,"column":null}},"type":"if","locations":[{"start":{"line":155,"column":8},"end":{"line":164,"column":null}},{"start":{},"end":{}}]},"13":{"loc":{"start":{"line":155,"column":12},"end":{"line":155,"column":41}},"type":"binary-expr","locations":[{"start":{"line":155,"column":12},"end":{"line":155,"column":25}},{"start":{"line":155,"column":29},"end":{"line":155,"column":41}}]},"14":{"loc":{"start":{"line":175,"column":49},"end":{"line":175,"column":107}},"type":"cond-expr","locations":[{"start":{"line":175,"column":74},"end":{"line":175,"column":87}},{"start":{"line":175,"column":90},"end":{"line":175,"column":107}}]},"15":{"loc":{"start":{"line":190,"column":8},"end":{"line":199,"column":null}},"type":"if","locations":[{"start":{"line":190,"column":8},"end":{"line":199,"column":null}},{"start":{},"end":{}}]},"16":{"loc":{"start":{"line":220,"column":8},"end":{"line":229,"column":null}},"type":"if","locations":[{"start":{"line":220,"column":8},"end":{"line":229,"column":null}},{"start":{},"end":{}}]},"17":{"loc":{"start":{"line":236,"column":39},"end":{"line":236,"column":97}},"type":"cond-expr","locations":[{"start":{"line":236,"column":64},"end":{"line":236,"column":77}},{"start":{"line":236,"column":80},"end":{"line":236,"column":97}}]},"18":{"loc":{"start":{"line":243,"column":29},"end":{"line":243,"column":87}},"type":"cond-expr","locations":[{"start":{"line":243,"column":54},"end":{"line":243,"column":67}},{"start":{"line":243,"column":70},"end":{"line":243,"column":87}}]},"19":{"loc":{"start":{"line":265,"column":4},"end":{"line":267,"column":null}},"type":"if","locations":[{"start":{"line":265,"column":4},"end":{"line":267,"column":null}},{"start":{},"end":{}}]},"20":{"loc":{"start":{"line":279,"column":22},"end":{"line":279,"column":55}},"type":"binary-expr","locations":[{"start":{"line":279,"column":22},"end":{"line":279,"column":37}},{"start":{"line":279,"column":41},"end":{"line":279,"column":55}}]},"21":{"loc":{"start":{"line":283,"column":8},"end":{"line":290,"column":null}},"type":"if","locations":[{"start":{"line":283,"column":8},"end":{"line":290,"column":null}},{"start":{},"end":{}}]},"22":{"loc":{"start":{"line":283,"column":12},"end":{"line":283,"column":31}},"type":"binary-expr","locations":[{"start":{"line":283,"column":12},"end":{"line":283,"column":22}},{"start":{"line":283,"column":22},"end":{"line":283,"column":31}}]},"23":{"loc":{"start":{"line":293,"column":8},"end":{"line":302,"column":null}},"type":"if","locations":[{"start":{"line":293,"column":8},"end":{"line":302,"column":null}},{"start":{},"end":{}}]},"24":{"loc":{"start":{"line":293,"column":12},"end":{"line":293,"column":55}},"type":"binary-expr","locations":[{"start":{"line":293,"column":12},"end":{"line":293,"column":20}},{"start":{"line":293,"column":20},"end":{"line":293,"column":38}},{"start":{"line":293,"column":38},"end":{"line":293,"column":55}}]},"25":{"loc":{"start":{"line":313,"column":49},"end":{"line":313,"column":107}},"type":"cond-expr","locations":[{"start":{"line":313,"column":74},"end":{"line":313,"column":87}},{"start":{"line":313,"column":90},"end":{"line":313,"column":107}}]},"26":{"loc":{"start":{"line":328,"column":8},"end":{"line":337,"column":null}},"type":"if","locations":[{"start":{"line":328,"column":8},"end":{"line":337,"column":null}},{"start":{},"end":{}}]},"27":{"loc":{"start":{"line":357,"column":8},"end":{"line":366,"column":null}},"type":"if","locations":[{"start":{"line":357,"column":8},"end":{"line":366,"column":null}},{"start":{},"end":{}}]},"28":{"loc":{"start":{"line":373,"column":40},"end":{"line":373,"column":98}},"type":"cond-expr","locations":[{"start":{"line":373,"column":65},"end":{"line":373,"column":78}},{"start":{"line":373,"column":81},"end":{"line":373,"column":98}}]},"29":{"loc":{"start":{"line":380,"column":30},"end":{"line":380,"column":88}},"type":"cond-expr","locations":[{"start":{"line":380,"column":55},"end":{"line":380,"column":68}},{"start":{"line":380,"column":71},"end":{"line":380,"column":88}}]},"30":{"loc":{"start":{"line":395,"column":4},"end":{"line":410,"column":null}},"type":"if","locations":[{"start":{"line":395,"column":4},"end":{"line":410,"column":null}},{"start":{"line":404,"column":11},"end":{"line":410,"column":null}}]},"31":{"loc":{"start":{"line":396,"column":6},"end":{"line":403,"column":null}},"type":"if","locations":[{"start":{"line":396,"column":6},"end":{"line":403,"column":null}},{"start":{"line":400,"column":13},"end":{"line":403,"column":null}}]},"32":{"loc":{"start":{"line":396,"column":10},"end":{"line":396,"column":43}},"type":"binary-expr","locations":[{"start":{"line":396,"column":10},"end":{"line":396,"column":22}},{"start":{"line":396,"column":22},"end":{"line":396,"column":43}}]},"33":{"loc":{"start":{"line":404,"column":11},"end":{"line":410,"column":null}},"type":"if","locations":[{"start":{"line":404,"column":11},"end":{"line":410,"column":null}},{"start":{"line":408,"column":11},"end":{"line":410,"column":null}}]},"34":{"loc":{"start":{"line":404,"column":15},"end":{"line":404,"column":42}},"type":"binary-expr","locations":[{"start":{"line":404,"column":15},"end":{"line":404,"column":31}},{"start":{"line":404,"column":31},"end":{"line":404,"column":42}}]}},"s":{"0":7,"1":1,"2":1,"3":1,"4":1,"5":1,"6":1,"7":7,"8":7,"9":7,"10":0,"11":0,"12":0,"13":7,"14":7,"15":1,"16":6,"17":6,"18":6,"19":1,"20":1,"21":5,"22":5,"23":3,"24":2,"25":2,"26":0,"27":3,"28":2,"29":2,"30":3,"31":3,"32":3,"33":3,"34":1,"35":2,"36":2,"37":2,"38":4,"39":2,"40":0,"41":2,"42":5,"43":2,"44":2,"45":2,"46":2,"47":2,"48":2,"49":3,"50":3,"51":0,"52":3,"53":3,"54":3,"55":3,"56":0,"57":0,"58":0,"59":3,"60":3,"61":0,"62":0,"63":0,"64":3,"65":3,"66":1,"67":1,"68":1,"69":2,"70":2,"71":2,"72":0,"73":0,"74":0,"75":2,"76":2,"77":0,"78":0,"79":1,"80":2,"81":2,"82":2,"83":2,"84":2,"85":1,"86":1,"87":1,"88":1,"89":1,"90":1,"91":1,"92":1,"93":1,"94":1,"95":1,"96":1,"97":1,"98":0,"99":0,"100":0,"101":1,"102":0,"103":0,"104":0,"105":1,"106":1,"107":0,"108":0,"109":0,"110":1,"111":1,"112":0,"113":0,"114":0,"115":1,"116":1,"117":0,"118":0,"119":0,"120":0,"121":0,"122":0,"123":1,"124":1,"125":1,"126":1,"127":3,"128":3,"129":3,"130":3,"131":3,"132":158,"133":158,"134":4,"135":0,"136":0,"137":4,"138":154,"139":5,"140":5,"141":149,"142":3,"143":3},"f":{"0":7,"1":0,"2":0,"3":0,"4":1,"5":3,"6":4,"7":5,"8":2,"9":3},"b":{"0":[1,6],"1":[7,6],"2":[1,5],"3":[3,2],"4":[2,0],"5":[1,2],"6":[0,2],"7":[0,3],"8":[3,0],"9":[3,0],"10":[2,1],"11":[0,3],"12":[0,3],"13":[3,3],"14":[0,0],"15":[1,2],"16":[0,2],"17":[0,0],"18":[1,0],"19":[1,1],"20":[1,0],"21":[0,1],"22":[1,1],"23":[0,1],"24":[1,1,0],"25":[0,0],"26":[0,1],"27":[0,0],"28":[1,0],"29":[1,0],"30":[4,154],"31":[0,4],"32":[4,2],"33":[5,149],"34":[154,7]}}
,"/Users/steve/yum-dashboard/app/api/gdpr/consent/route.ts": {"path":"/Users/steve/yum-dashboard/app/api/gdpr/consent/route.ts","statementMap":{"0":{"start":{"line":21,"column":22},"end":{"line":21,"column":25}},"1":{"start":{"line":103,"column":22},"end":{"line":103,"column":26}},"2":{"start":{"line":239,"column":22},"end":{"line":239,"column":25}},"3":{"start":{"line":1,"column":42},"end":{"line":1,"column":null}},"4":{"start":{"line":2,"column":35},"end":{"line":2,"column":null}},"5":{"start":{"line":3,"column":24},"end":{"line":3,"column":null}},"6":{"start":{"line":4,"column":18},"end":{"line":4,"column":null}},"7":{"start":{"line":7,"column":28},"end":{"line":18,"column":null}},"8":{"start":{"line":22,"column":2},"end":{"line":99,"column":null}},"9":{"start":{"line":24,"column":24},"end":{"line":24,"column":null}},"10":{"start":{"line":25,"column":21},"end":{"line":43,"column":null}},"11":{"start":{"line":31,"column":12},"end":{"line":31,"column":null}},"12":{"start":{"line":34,"column":12},"end":{"line":40,"column":null}},"13":{"start":{"line":35,"column":14},"end":{"line":37,"column":null}},"14":{"start":{"line":36,"column":16},"end":{"line":36,"column":null}},"15":{"start":{"line":50,"column":8},"end":{"line":50,"column":null}},"16":{"start":{"line":52,"column":4},"end":{"line":57,"column":null}},"17":{"start":{"line":53,"column":6},"end":{"line":55,"column":null}},"18":{"start":{"line":60,"column":49},"end":{"line":64,"column":null}},"19":{"start":{"line":66,"column":4},"end":{"line":71,"column":null}},"20":{"start":{"line":67,"column":6},"end":{"line":69,"column":null}},"21":{"start":{"line":74,"column":37},"end":{"line":80,"column":null}},"22":{"start":{"line":82,"column":4},"end":{"line":92,"column":null}},"23":{"start":{"line":94,"column":4},"end":{"line":94,"column":null}},"24":{"start":{"line":95,"column":4},"end":{"line":97,"column":null}},"25":{"start":{"line":104,"column":2},"end":{"line":235,"column":null}},"26":{"start":{"line":105,"column":17},"end":{"line":105,"column":null}},"27":{"start":{"line":108,"column":23},"end":{"line":108,"column":null}},"28":{"start":{"line":109,"column":4},"end":{"line":117,"column":null}},"29":{"start":{"line":110,"column":6},"end":{"line":115,"column":null}},"30":{"start":{"line":113,"column":54},"end":{"line":113,"column":63}},"31":{"start":{"line":119,"column":61},"end":{"line":119,"column":76}},"32":{"start":{"line":122,"column":24},"end":{"line":122,"column":null}},"33":{"start":{"line":123,"column":21},"end":{"line":141,"column":null}},"34":{"start":{"line":129,"column":12},"end":{"line":129,"column":null}},"35":{"start":{"line":132,"column":12},"end":{"line":138,"column":null}},"36":{"start":{"line":133,"column":14},"end":{"line":135,"column":null}},"37":{"start":{"line":134,"column":16},"end":{"line":134,"column":null}},"38":{"start":{"line":148,"column":8},"end":{"line":148,"column":null}},"39":{"start":{"line":150,"column":4},"end":{"line":155,"column":null}},"40":{"start":{"line":151,"column":6},"end":{"line":153,"column":null}},"41":{"start":{"line":159,"column":6},"end":{"line":161,"column":null}},"42":{"start":{"line":162,"column":22},"end":{"line":162,"column":null}},"43":{"start":{"line":165,"column":31},"end":{"line":172,"column":null}},"44":{"start":{"line":175,"column":28},"end":{"line":177,"column":null}},"45":{"start":{"line":180,"column":4},"end":{"line":184,"column":null}},"46":{"start":{"line":181,"column":6},"end":{"line":181,"column":null}},"47":{"start":{"line":182,"column":6},"end":{"line":182,"column":null}},"48":{"start":{"line":183,"column":6},"end":{"line":183,"column":null}},"49":{"start":{"line":186,"column":35},"end":{"line":189,"column":null}},"50":{"start":{"line":191,"column":4},"end":{"line":197,"column":null}},"51":{"start":{"line":192,"column":6},"end":{"line":192,"column":null}},"52":{"start":{"line":193,"column":6},"end":{"line":195,"column":null}},"53":{"start":{"line":200,"column":4},"end":{"line":205,"column":null}},"54":{"start":{"line":208,"column":4},"end":{"line":225,"column":null}},"55":{"start":{"line":227,"column":4},"end":{"line":227,"column":null}},"56":{"start":{"line":228,"column":4},"end":{"line":233,"column":null}},"57":{"start":{"line":240,"column":2},"end":{"line":350,"column":null}},"58":{"start":{"line":241,"column":17},"end":{"line":241,"column":null}},"59":{"start":{"line":248,"column":8},"end":{"line":248,"column":null}},"60":{"start":{"line":251,"column":24},"end":{"line":251,"column":null}},"61":{"start":{"line":252,"column":21},"end":{"line":270,"column":null}},"62":{"start":{"line":258,"column":12},"end":{"line":258,"column":null}},"63":{"start":{"line":261,"column":12},"end":{"line":267,"column":null}},"64":{"start":{"line":262,"column":14},"end":{"line":264,"column":null}},"65":{"start":{"line":263,"column":16},"end":{"line":263,"column":null}},"66":{"start":{"line":277,"column":8},"end":{"line":277,"column":null}},"67":{"start":{"line":279,"column":4},"end":{"line":284,"column":null}},"68":{"start":{"line":280,"column":6},"end":{"line":282,"column":null}},"69":{"start":{"line":288,"column":6},"end":{"line":290,"column":null}},"70":{"start":{"line":291,"column":22},"end":{"line":291,"column":null}},"71":{"start":{"line":294,"column":27},"end":{"line":303,"column":null}},"72":{"start":{"line":306,"column":35},"end":{"line":314,"column":null}},"73":{"start":{"line":316,"column":4},"end":{"line":322,"column":null}},"74":{"start":{"line":317,"column":6},"end":{"line":317,"column":null}},"75":{"start":{"line":318,"column":6},"end":{"line":320,"column":null}},"76":{"start":{"line":325,"column":4},"end":{"line":330,"column":null}},"77":{"start":{"line":332,"column":4},"end":{"line":343,"column":null}},"78":{"start":{"line":345,"column":4},"end":{"line":345,"column":null}},"79":{"start":{"line":346,"column":4},"end":{"line":348,"column":null}}},"fnMap":{"0":{"name":"GET","decl":{"start":{"line":21,"column":22},"end":{"line":21,"column":25}},"loc":{"start":{"line":21,"column":46},"end":{"line":100,"column":null}}},"1":{"name":"(anonymous_5)","decl":{"start":{"line":30,"column":10},"end":{"line":30,"column":null}},"loc":{"start":{"line":30,"column":10},"end":{"line":32,"column":null}}},"2":{"name":"(anonymous_6)","decl":{"start":{"line":33,"column":10},"end":{"line":33,"column":17}},"loc":{"start":{"line":33,"column":29},"end":{"line":41,"column":null}}},"3":{"name":"(anonymous_7)","decl":{"start":{"line":35,"column":35},"end":{"line":35,"column":36}},"loc":{"start":{"line":35,"column":60},"end":{"line":37,"column":null}}},"4":{"name":"POST","decl":{"start":{"line":103,"column":22},"end":{"line":103,"column":26}},"loc":{"start":{"line":103,"column":47},"end":{"line":236,"column":null}}},"5":{"name":"(anonymous_9)","decl":{"start":{"line":113,"column":47},"end":{"line":113,"column":48}},"loc":{"start":{"line":113,"column":54},"end":{"line":113,"column":63}}},"6":{"name":"(anonymous_10)","decl":{"start":{"line":128,"column":10},"end":{"line":128,"column":null}},"loc":{"start":{"line":128,"column":10},"end":{"line":130,"column":null}}},"7":{"name":"(anonymous_11)","decl":{"start":{"line":131,"column":10},"end":{"line":131,"column":17}},"loc":{"start":{"line":131,"column":29},"end":{"line":139,"column":null}}},"8":{"name":"(anonymous_12)","decl":{"start":{"line":133,"column":35},"end":{"line":133,"column":36}},"loc":{"start":{"line":133,"column":60},"end":{"line":135,"column":null}}},"9":{"name":"PUT","decl":{"start":{"line":239,"column":22},"end":{"line":239,"column":25}},"loc":{"start":{"line":239,"column":46},"end":{"line":351,"column":null}}},"10":{"name":"(anonymous_14)","decl":{"start":{"line":257,"column":10},"end":{"line":257,"column":null}},"loc":{"start":{"line":257,"column":10},"end":{"line":259,"column":null}}},"11":{"name":"(anonymous_15)","decl":{"start":{"line":260,"column":10},"end":{"line":260,"column":17}},"loc":{"start":{"line":260,"column":29},"end":{"line":268,"column":null}}},"12":{"name":"(anonymous_16)","decl":{"start":{"line":262,"column":35},"end":{"line":262,"column":36}},"loc":{"start":{"line":262,"column":60},"end":{"line":264,"column":null}}}},"branchMap":{"0":{"loc":{"start":{"line":52,"column":4},"end":{"line":57,"column":null}},"type":"if","locations":[{"start":{"line":52,"column":4},"end":{"line":57,"column":null}},{"start":{},"end":{}}]},"1":{"loc":{"start":{"line":52,"column":8},"end":{"line":52,"column":28}},"type":"binary-expr","locations":[{"start":{"line":52,"column":8},"end":{"line":52,"column":21}},{"start":{"line":52,"column":21},"end":{"line":52,"column":28}}]},"2":{"loc":{"start":{"line":66,"column":4},"end":{"line":71,"column":null}},"type":"if","locations":[{"start":{"line":66,"column":4},"end":{"line":71,"column":null}},{"start":{},"end":{}}]},"3":{"loc":{"start":{"line":85,"column":22},"end":{"line":85,"column":null}},"type":"binary-expr","locations":[{"start":{"line":85,"column":22},"end":{"line":85,"column":48}},{"start":{"line":85,"column":48},"end":{"line":85,"column":null}}]},"4":{"loc":{"start":{"line":87,"column":25},"end":{"line":87,"column":null}},"type":"binary-expr","locations":[{"start":{"line":87,"column":25},"end":{"line":87,"column":54}},{"start":{"line":87,"column":54},"end":{"line":87,"column":null}}]},"5":{"loc":{"start":{"line":89,"column":23},"end":{"line":89,"column":43}},"type":"binary-expr","locations":[{"start":{"line":89,"column":23},"end":{"line":89,"column":41}},{"start":{"line":89,"column":41},"end":{"line":89,"column":43}}]},"6":{"loc":{"start":{"line":90,"column":30},"end":{"line":90,"column":null}},"type":"binary-expr","locations":[{"start":{"line":90,"column":30},"end":{"line":90,"column":64}},{"start":{"line":90,"column":68},"end":{"line":90,"column":null}}]},"7":{"loc":{"start":{"line":109,"column":4},"end":{"line":117,"column":null}},"type":"if","locations":[{"start":{"line":109,"column":4},"end":{"line":117,"column":null}},{"start":{},"end":{}}]},"8":{"loc":{"start":{"line":150,"column":4},"end":{"line":155,"column":null}},"type":"if","locations":[{"start":{"line":150,"column":4},"end":{"line":155,"column":null}},{"start":{},"end":{}}]},"9":{"loc":{"start":{"line":150,"column":8},"end":{"line":150,"column":28}},"type":"binary-expr","locations":[{"start":{"line":150,"column":8},"end":{"line":150,"column":21}},{"start":{"line":150,"column":21},"end":{"line":150,"column":28}}]},"10":{"loc":{"start":{"line":159,"column":6},"end":{"line":161,"column":null}},"type":"binary-expr","locations":[{"start":{"line":159,"column":6},"end":{"line":159,"column":null}},{"start":{"line":160,"column":6},"end":{"line":160,"column":null}},{"start":{"line":161,"column":6},"end":{"line":161,"column":null}}]},"11":{"loc":{"start":{"line":162,"column":22},"end":{"line":162,"column":null}},"type":"binary-expr","locations":[{"start":{"line":162,"column":22},"end":{"line":162,"column":59}},{"start":{"line":162,"column":59},"end":{"line":162,"column":null}}]},"12":{"loc":{"start":{"line":180,"column":4},"end":{"line":184,"column":null}},"type":"if","locations":[{"start":{"line":180,"column":4},"end":{"line":184,"column":null}},{"start":{},"end":{}}]},"13":{"loc":{"start":{"line":180,"column":8},"end":{"line":180,"column":70}},"type":"binary-expr","locations":[{"start":{"line":180,"column":8},"end":{"line":180,"column":34}},{"start":{"line":180,"column":34},"end":{"line":180,"column":70}}]},"14":{"loc":{"start":{"line":191,"column":4},"end":{"line":197,"column":null}},"type":"if","locations":[{"start":{"line":191,"column":4},"end":{"line":197,"column":null}},{"start":{},"end":{}}]},"15":{"loc":{"start":{"line":210,"column":55},"end":{"line":210,"column":95}},"type":"cond-expr","locations":[{"start":{"line":210,"column":71},"end":{"line":210,"column":83}},{"start":{"line":210,"column":83},"end":{"line":210,"column":95}}]},"16":{"loc":{"start":{"line":219,"column":10},"end":{"line":221,"column":37}},"type":"cond-expr","locations":[{"start":{"line":220,"column":14},"end":{"line":220,"column":null}},{"start":{"line":221,"column":14},"end":{"line":221,"column":37}}]},"17":{"loc":{"start":{"line":219,"column":10},"end":{"line":219,"column":null}},"type":"binary-expr","locations":[{"start":{"line":219,"column":10},"end":{"line":219,"column":36}},{"start":{"line":219,"column":36},"end":{"line":219,"column":null}}]},"18":{"loc":{"start":{"line":243,"column":6},"end":{"line":243,"column":37}},"type":"default-arg","locations":[{"start":{"line":243,"column":32},"end":{"line":243,"column":37}}]},"19":{"loc":{"start":{"line":244,"column":6},"end":{"line":244,"column":31}},"type":"default-arg","locations":[{"start":{"line":244,"column":26},"end":{"line":244,"column":31}}]},"20":{"loc":{"start":{"line":245,"column":6},"end":{"line":245,"column":31}},"type":"default-arg","locations":[{"start":{"line":245,"column":26},"end":{"line":245,"column":31}}]},"21":{"loc":{"start":{"line":246,"column":6},"end":{"line":246,"column":31}},"type":"default-arg","locations":[{"start":{"line":246,"column":23},"end":{"line":246,"column":31}}]},"22":{"loc":{"start":{"line":247,"column":6},"end":{"line":247,"column":36}},"type":"default-arg","locations":[{"start":{"line":247,"column":31},"end":{"line":247,"column":36}}]},"23":{"loc":{"start":{"line":279,"column":4},"end":{"line":284,"column":null}},"type":"if","locations":[{"start":{"line":279,"column":4},"end":{"line":284,"column":null}},{"start":{},"end":{}}]},"24":{"loc":{"start":{"line":279,"column":8},"end":{"line":279,"column":28}},"type":"binary-expr","locations":[{"start":{"line":279,"column":8},"end":{"line":279,"column":21}},{"start":{"line":279,"column":21},"end":{"line":279,"column":28}}]},"25":{"loc":{"start":{"line":288,"column":6},"end":{"line":290,"column":null}},"type":"binary-expr","locations":[{"start":{"line":288,"column":6},"end":{"line":288,"column":null}},{"start":{"line":289,"column":6},"end":{"line":289,"column":null}},{"start":{"line":290,"column":6},"end":{"line":290,"column":null}}]},"26":{"loc":{"start":{"line":291,"column":22},"end":{"line":291,"column":null}},"type":"binary-expr","locations":[{"start":{"line":291,"column":22},"end":{"line":291,"column":59}},{"start":{"line":291,"column":59},"end":{"line":291,"column":null}}]},"27":{"loc":{"start":{"line":316,"column":4},"end":{"line":322,"column":null}},"type":"if","locations":[{"start":{"line":316,"column":4},"end":{"line":322,"column":null}},{"start":{},"end":{}}]}},"s":{"0":0,"1":0,"2":0,"3":0,"4":0,"5":0,"6":0,"7":0,"8":0,"9":0,"10":0,"11":0,"12":0,"13":0,"14":0,"15":0,"16":0,"17":0,"18":0,"19":0,"20":0,"21":0,"22":0,"23":0,"24":0,"25":0,"26":0,"27":0,"28":0,"29":0,"30":0,"31":0,"32":0,"33":0,"34":0,"35":0,"36":0,"37":0,"38":0,"39":0,"40":0,"41":0,"42":0,"43":0,"44":0,"45":0,"46":0,"47":0,"48":0,"49":0,"50":0,"51":0,"52":0,"53":0,"54":0,"55":0,"56":0,"57":0,"58":0,"59":0,"60":0,"61":0,"62":0,"63":0,"64":0,"65":0,"66":0,"67":0,"68":0,"69":0,"70":0,"71":0,"72":0,"73":0,"74":0,"75":0,"76":0,"77":0,"78":0,"79":0},"f":{"0":0,"1":0,"2":0,"3":0,"4":0,"5":0,"6":0,"7":0,"8":0,"9":0,"10":0,"11":0,"12":0},"b":{"0":[0,0],"1":[0,0],"2":[0,0],"3":[0,0],"4":[0,0],"5":[0,0],"6":[0,0],"7":[0,0],"8":[0,0],"9":[0,0],"10":[0,0,0],"11":[0,0],"12":[0,0],"13":[0,0],"14":[0,0],"15":[0,0],"16":[0,0],"17":[0,0],"18":[0],"19":[0],"20":[0],"21":[0],"22":[0],"23":[0,0],"24":[0,0],"25":[0,0,0],"26":[0,0],"27":[0,0]}}
,"/Users/steve/yum-dashboard/app/api/gdpr/delete-account/route.ts": {"path":"/Users/steve/yum-dashboard/app/api/gdpr/delete-account/route.ts","statementMap":{"0":{"start":{"line":185,"column":22},"end":{"line":185,"column":25}},"1":{"start":{"line":5,"column":22},"end":{"line":5,"column":26}},"2":{"start":{"line":1,"column":42},"end":{"line":1,"column":null}},"3":{"start":{"line":2,"column":35},"end":{"line":2,"column":null}},"4":{"start":{"line":3,"column":24},"end":{"line":3,"column":null}},"5":{"start":{"line":6,"column":2},"end":{"line":181,"column":null}},"6":{"start":{"line":7,"column":17},"end":{"line":7,"column":null}},"7":{"start":{"line":8,"column":37},"end":{"line":8,"column":null}},"8":{"start":{"line":11,"column":4},"end":{"line":16,"column":null}},"9":{"start":{"line":12,"column":6},"end":{"line":14,"column":null}},"10":{"start":{"line":19,"column":24},"end":{"line":19,"column":null}},"11":{"start":{"line":20,"column":21},"end":{"line":38,"column":null}},"12":{"start":{"line":26,"column":12},"end":{"line":26,"column":null}},"13":{"start":{"line":29,"column":12},"end":{"line":35,"column":null}},"14":{"start":{"line":30,"column":14},"end":{"line":32,"column":null}},"15":{"start":{"line":31,"column":16},"end":{"line":31,"column":null}},"16":{"start":{"line":45,"column":8},"end":{"line":45,"column":null}},"17":{"start":{"line":47,"column":4},"end":{"line":52,"column":null}},"18":{"start":{"line":48,"column":6},"end":{"line":50,"column":null}},"19":{"start":{"line":55,"column":4},"end":{"line":60,"column":null}},"20":{"start":{"line":63,"column":41},"end":{"line":70,"column":null}},"21":{"start":{"line":72,"column":4},"end":{"line":78,"column":null}},"22":{"start":{"line":73,"column":6},"end":{"line":73,"column":null}},"23":{"start":{"line":74,"column":6},"end":{"line":76,"column":null}},"24":{"start":{"line":84,"column":29},"end":{"line":84,"column":31}},"25":{"start":{"line":87,"column":4},"end":{"line":88,"column":null}},"26":{"start":{"line":92,"column":4},"end":{"line":93,"column":null}},"27":{"start":{"line":97,"column":4},"end":{"line":98,"column":null}},"28":{"start":{"line":102,"column":4},"end":{"line":103,"column":null}},"29":{"start":{"line":110,"column":4},"end":{"line":111,"column":null}},"30":{"start":{"line":115,"column":28},"end":{"line":115,"column":null}},"31":{"start":{"line":118,"column":21},"end":{"line":121,"column":null}},"32":{"start":{"line":120,"column":8},"end":{"line":121,"column":60}},"33":{"start":{"line":124,"column":4},"end":{"line":127,"column":null}},"34":{"start":{"line":125,"column":6},"end":{"line":125,"column":null}},"35":{"start":{"line":130,"column":39},"end":{"line":131,"column":null}},"36":{"start":{"line":134,"column":4},"end":{"line":148,"column":null}},"37":{"start":{"line":135,"column":6},"end":{"line":135,"column":null}},"38":{"start":{"line":152,"column":4},"end":{"line":162,"column":null}},"39":{"start":{"line":153,"column":6},"end":{"line":158,"column":null}},"40":{"start":{"line":161,"column":6},"end":{"line":161,"column":null}},"41":{"start":{"line":164,"column":4},"end":{"line":170,"column":null}},"42":{"start":{"line":172,"column":4},"end":{"line":172,"column":null}},"43":{"start":{"line":173,"column":4},"end":{"line":179,"column":null}},"44":{"start":{"line":186,"column":2},"end":{"line":250,"column":null}},"45":{"start":{"line":188,"column":24},"end":{"line":188,"column":null}},"46":{"start":{"line":189,"column":21},"end":{"line":207,"column":null}},"47":{"start":{"line":195,"column":12},"end":{"line":195,"column":null}},"48":{"start":{"line":198,"column":12},"end":{"line":204,"column":null}},"49":{"start":{"line":199,"column":14},"end":{"line":201,"column":null}},"50":{"start":{"line":200,"column":16},"end":{"line":200,"column":null}},"51":{"start":{"line":214,"column":8},"end":{"line":214,"column":null}},"52":{"start":{"line":216,"column":4},"end":{"line":221,"column":null}},"53":{"start":{"line":217,"column":6},"end":{"line":219,"column":null}},"54":{"start":{"line":224,"column":49},"end":{"line":228,"column":null}},"55":{"start":{"line":230,"column":4},"end":{"line":235,"column":null}},"56":{"start":{"line":231,"column":6},"end":{"line":233,"column":null}},"57":{"start":{"line":237,"column":4},"end":{"line":243,"column":null}},"58":{"start":{"line":245,"column":4},"end":{"line":245,"column":null}},"59":{"start":{"line":246,"column":4},"end":{"line":248,"column":null}}},"fnMap":{"0":{"name":"POST","decl":{"start":{"line":5,"column":22},"end":{"line":5,"column":26}},"loc":{"start":{"line":5,"column":47},"end":{"line":182,"column":null}}},"1":{"name":"(anonymous_4)","decl":{"start":{"line":25,"column":10},"end":{"line":25,"column":null}},"loc":{"start":{"line":25,"column":10},"end":{"line":27,"column":null}}},"2":{"name":"(anonymous_5)","decl":{"start":{"line":28,"column":10},"end":{"line":28,"column":17}},"loc":{"start":{"line":28,"column":29},"end":{"line":36,"column":null}}},"3":{"name":"(anonymous_6)","decl":{"start":{"line":30,"column":35},"end":{"line":30,"column":36}},"loc":{"start":{"line":30,"column":60},"end":{"line":32,"column":null}}},"4":{"name":"(anonymous_7)","decl":{"start":{"line":119,"column":6},"end":{"line":119,"column":7}},"loc":{"start":{"line":120,"column":8},"end":{"line":121,"column":60}}},"5":{"name":"GET","decl":{"start":{"line":185,"column":22},"end":{"line":185,"column":25}},"loc":{"start":{"line":185,"column":46},"end":{"line":251,"column":null}}},"6":{"name":"(anonymous_9)","decl":{"start":{"line":194,"column":10},"end":{"line":194,"column":null}},"loc":{"start":{"line":194,"column":10},"end":{"line":196,"column":null}}},"7":{"name":"(anonymous_10)","decl":{"start":{"line":197,"column":10},"end":{"line":197,"column":17}},"loc":{"start":{"line":197,"column":29},"end":{"line":205,"column":null}}},"8":{"name":"(anonymous_11)","decl":{"start":{"line":199,"column":35},"end":{"line":199,"column":36}},"loc":{"start":{"line":199,"column":60},"end":{"line":201,"column":null}}}},"branchMap":{"0":{"loc":{"start":{"line":11,"column":4},"end":{"line":16,"column":null}},"type":"if","locations":[{"start":{"line":11,"column":4},"end":{"line":16,"column":null}},{"start":{},"end":{}}]},"1":{"loc":{"start":{"line":47,"column":4},"end":{"line":52,"column":null}},"type":"if","locations":[{"start":{"line":47,"column":4},"end":{"line":52,"column":null}},{"start":{},"end":{}}]},"2":{"loc":{"start":{"line":47,"column":8},"end":{"line":47,"column":28}},"type":"binary-expr","locations":[{"start":{"line":47,"column":8},"end":{"line":47,"co
[...]
,"/Users/steve/yum-dashboard/lib/supabase.ts": {"path":"/Users/steve/yum-dashboard/lib/supabase.ts","statementMap":{"0":{"start":{"line":8,"column":13},"end":{"line":8,"column":27}},"1":{"start":{"line":28,"column":13},"end":{"line":28,"column":25}},"2":{"start":{"line":246,"column":13},"end":{"line":246,"column":23}},"3":{"start":{"line":230,"column":16},"end":{"line":230,"column":43}},"4":{"start":{"line":279,"column":0},"end":{"line":279,"column":15}},"5":{"start":{"line":152,"column":13},"end":{"line":152,"column":24}},"6":{"start":{"line":175,"column":16},"end":{"line":175,"column":35}},"7":{"start":{"line":213,"column":16},"end":{"line":213,"column":34}},"8":{"start":{"line":220,"column":16},"end":{"line":220,"column":32}},"9":{"start":{"line":166,"column":13},"end":{"line":166,"column":28}},"10":{"start":{"line":235,"column":13},"end":{"line":235,"column":27}},"11":{"start":{"line":159,"column":13},"end":{"line":159,"column":28}},"12":{"start":{"line":254,"column":22},"end":{"line":254,"column":35}},"13":{"start":{"line":269,"column":22},"end":{"line":269,"column":37}},"14":{"start":{"line":5,"column":13},"end":{"line":5,"column":28}},"15":{"start":{"line":4,"column":13},"end":{"line":4,"column":24}},"16":{"start":{"line":1,"column":36},"end":{"line":1,"column":null}},"17":{"start":{"line":4,"column":27},"end":{"line":4,"column":63}},"18":{"start":{"line":5,"column":31},"end":{"line":5,"column":72}},"19":{"start":{"line":8,"column":30},"end":{"line":25,"column":null}},"20":{"start":{"line":28,"column":28},"end":{"line":149,"column":null}},"21":{"start":{"line":31,"column":4},"end":{"line":31,"column":null}},"22":{"start":{"line":31,"column":30},"end":{"line":31,"column":null}},"23":{"start":{"line":33,"column":16},"end":{"line":33,"column":null}},"24":{"start":{"line":34,"column":26},"end":{"line":34,"column":null}},"25":{"start":{"line":35,"column":28},"end":{"line":35,"column":null}},"26":{"start":{"line":37,"column":4},"end":{"line":37,"column":null}},"27":{"start":{"line":42,"column":4},"end":{"line":42,"column":null}},"28":{"start":{"line":42,"column":30},"end":{"line":42,"column":null}},"29":{"start":{"line":44,"column":16},"end":{"line":44,"column":null}},"30":{"start":{"line":45,"column":26},"end":{"line":45,"column":null}},"31":{"start":{"line":47,"column":4},"end":{"line":47,"column":null}},"32":{"start":{"line":52,"column":4},"end":{"line":52,"column":null}},"33":{"start":{"line":52,"column":30},"end":{"line":52,"column":null}},"34":{"start":{"line":54,"column":16},"end":{"line":54,"column":null}},"35":{"start":{"line":55,"column":26},"end":{"line":55,"column":null}},"36":{"start":{"line":57,"column":4},"end":{"line":57,"column":null}},"37":{"start":{"line":62,"column":4},"end":{"line":67,"column":null}},"38":{"start":{"line":63,"column":6},"end":{"line":65,"column":null}},"39":{"start":{"line":72,"column":4},"end":{"line":72,"column":null}},"40":{"start":{"line":72,"column":39},"end":{"line":72,"column":null}},"41":{"start":{"line":74,"column":25},"end":{"line":75,"column":null}},"42":{"start":{"line":77,"column":4},"end":{"line":77,"column":null}},"43":{"start":{"line":82,"column":25},"end":{"line":82,"column":null}},"44":{"start":{"line":83,"column":30},"end":{"line":83,"column":null}},"45":{"start":{"line":85,"column":4},"end":{"line":85,"column":null}},"46":{"start":{"line":90,"column":4},"end":{"line":99,"column":null}},"47":{"start":{"line":91,"column":6},"end":{"line":93,"column":null}},"48":{"start":{"line":96,"column":6},"end":{"line":98,"column":null}},"49":{"start":{"line":97,"column":8},"end":{"line":97,"column":null}},"50":{"start":{"line":104,"column":4},"end":{"line":108,"column":null}},"51":{"start":{"line":105,"column":6},"end":{"line":107,"column":null}},"52":{"start":{"line":106,"column":8},"end":{"line":106,"column":null}},"53":{"start":{"line":113,"column":4},"end":{"line":147,"column":null}},"54":{"start":{"line":115,"column":6},"end":{"line":115,"column":null}},"55":{"start":{"line":118,"column":6},"end":{"line":118,"column":null}},"56":{"start":{"line":121,"column":24},"end":{"line":121,"column":null}},"57":{"start":{"line":124,"column":6},"end":{"line":141,"column":null}},"58":{"start":{"line":126,"column":8},"end":{"line":126,"column":null}},"59":{"start":{"line":129,"column":8},"end":{"line":140,"column":null}},"60":{"start":{"line":130,"column":10},"end":{"line":136,"column":null}},"61":{"start":{"line":131,"column":26},"end":{"line":131,"column":null}},"62":{"start":{"line":132,"column":25},"end":{"line":132,"column":null}},"63":{"start":{"line":133,"column":12},"end":{"line":135,"column":null}},"64":{"start":{"line":134,"column":14},"end":{"line":134,"column":null}},"65":{"start":{"line":139,"column":10},"end":{"line":139,"column":null}},"66":{"start":{"line":143,"column":6},"end":{"line":143,"column":null}},"67":{"start":{"line":145,"column":6},"end":{"line":145,"column":null}},"68":{"start":{"line":146,"column":6},"end":{"line":146,"column":null}},"69":{"start":{"line":152,"column":27},"end":{"line":156,"column":null}},"70":{"start":{"line":159,"column":31},"end":{"line":163,"column":null}},"71":{"start":{"line":166,"column":31},"end":{"line":172,"column":null}},"72":{"start":{"line":176,"column":2},"end":{"line":176,"column":null}},"73":{"start":{"line":176,"column":14},"end":{"line":176,"column":null}},"74":{"start":{"line":179,"column":4},"end":{"line":182,"column":null}},"75":{"start":{"line":185,"column":2},"end":{"line":187,"column":null}},"76":{"start":{"line":186,"column":4},"end":{"line":186,"column":null}},"77":{"start":{"line":189,"column":2},"end":{"line":191,"column":null}},"78":{"start":{"line":190,"column":4},"end":{"line":190,"column":null}},"79":{"start":{"line":193,"column":2},"end":{"line":195,"column":null}},"80":{"start":{"line":194,"column":4},"end":{"line":194,"column":null}},"81":{"start":{"line":197,"column":2},"end":{"line":199,"column":null}},"82":{"start":{"line":198,"column":4},"end":{"line":198,"column":null}},"83":{"start":{"line":201,"column":2},"end":{"line":203,"column":null}},"84":{"start":{"line":202,"column":4},"end":{"line":202,"column":null}},"85":{"start":{"line":205,"column":2},"end":{"line":207,"column":null}},"86":{"start":{"line":206,"column":4},"end":{"line":206,"column":null}},"87":{"start":{"line":210,"column":2},"end":{"line":210,"column":null}},"88":{"start":{"line":214,"column":2},"end":{"line":214,"column":null}},"89":{"start":{"line":214,"column":14},"end":{"line":214,"column":null}},"90":{"start":{"line":216,"column":18},"end":{"line":216,"column":null}},"91":{"start":{"line":217,"column":2},"end":{"line":217,"column":null}},"92":{"start":{"line":221,"column":2},"end":{"line":221,"column":null}},"93":{"start":{"line":221,"column":14},"end":{"line":221,"column":null}},"94":{"start":{"line":223,"column":18},"end":{"line":223,"column":null}},"95":{"start":{"line":224,"column":2},"end":{"line":225,"column":null}},"96":{"start":{"line":231,"column":2},"end":{"line":231,"column":null}},"97":{"start":{"line":235,"column":30},"end":{"line":243,"column":null}},"98":{"start":{"line":246,"column":26},"end":{"line":251,"column":null}},"99":{"start":{"line":255,"column":19},"end":{"line":255,"column":null}},"100":{"start":{"line":257,"column":2},"end":{"line":265,"column":null}},"101":{"start":{"line":270,"column":19},"end":{"line":270,"column":null}},"102":{"start":{"line":271,"column":17},"end":{"line":271,"column":41}},"103":{"start":{"line":273,"column":2},"end":{"line":276,"column":null}},"104":{"start":{"line":279,"column":15},"end":{"line":279,"column":43}}},"fnMap":{"0":{"name":"(anonymous_17)","decl":{"start":{"line":30,"column":23},"end":{"line":30,"column":24}},"loc":{"start":{"line":30,"column":24},"end":{"line":38,"column":null}}},"1":{"name":"(anonymous_18)","decl":{"start":{"line":41,"column":20},"end":{"line":41,"column":21}},"loc":{"start":{"line":41,"column":21},"end":{"line":48,"column":null}}},"2":{"name":"(anonymous_19)","decl":{"start":{"line":51,"column":22},"end":{"line":51,"column":23}},"loc":{"start":{"line":51,"column":23},"end":{"line":58,"column":null}}},"3":{"name":"(anonymous_20)","decl":{"start":{"line":61,"column":22},"end":{"line":61,"column":null}},"loc":{"start":{"line":61,"column":22},"end":{"line":68,"column":null}}},"4":{"name":"(anonymous_21)","decl":{"start":{"line":71,"column":19},"end":{"line":71,"column":null}},"loc":{"start":{"line":71,"column":19},"end":{"line":78,"column":null}}},"5":{"name":"(anonymous_22)","decl":{"start":{"line":81,"column":22},"end":{"line":81,"column":null}},"loc":{"start":{"line":81,"column":22},"end":{"line":86,"column":null}}},"6":{"name":"(anonymous_23)","decl":{"start":{"line":89,"column":25},"end":{"line":89,"column":null}},"loc":{"start":{"line":89,"column":25},"end":{"line":100,"column":null}}},"7":{"name":"(anonymous_24)","decl":{"start":{"line":96,"column":17},"end":{"line":96,"column":null}},"loc":{"start":{"line":96,"column":17},"end":{"line":98,"column":9}}},"8":{"name":"(anonymous_25)","decl":{"start":{"line":103,"column":23},"end":{"line":103,"column":null}},"loc":{"start":{"line":103,"column":23},"end":{"line":109,"column":null}}},"9":{"name":"(anonymous_26)","decl":{"start":{"line":105,"column":57},"end":{"line":105,"column":58}},"loc":{"start":{"line":105,"column":58},"end":{"line":107,"column":null}}},"10":{"name":"(anonymous_27)","decl":{"start":{"line":112,"column":18},"end":{"line":112,"column":25}},"loc":{"start":{"line":112,"column":25},"end":{"line":148,"column":null}}},"11":{"name":"(anonymous_28)","decl":{"start":{"line":130,"column":45},"end":{"line":130,"column":46}},"loc":{"start":{"line":130,"column":46},"end":{"line":136,"column":null}}},"12":{"name":"getAuthErrorMessage","decl":{"start":{"line":175,"column":16},"end":{"line":175,"column":35}},"loc":{"start":{"line":175,"column":46},"end":{"line":211,"column":null}}},"13":{"name":"isExpiredLinkError","decl":{"start":{"line":213,"column":16},"end":{"line":213,"column":34}},"loc":{"start":{"line":213,"column":45},"end":{"line":218,"column":null}}},"14":{"name":"isRateLimitError","decl":{"start":{"line":220,"column":16},"end":{"line":220,"column":32}},"loc":{"start":{"line":220,"column":43},"end":{"line":227,"column":null}}},"15":{"name":"createBrowserSupabaseClient","decl":{"start":{"line":230,"column":16},"end":{"line":230,"column":43}},"loc":{"start":{"line":230,"column":16},"end":{"line":232,"column":null}}},"16":{"name":"sendMagicLink","decl":{"start":{"line":254,"column":22},"end":{"line":254,"column":35}},"loc":{"start":{"line":254,"column":74},"end":{"line":266,"column":null}}},"17":{"name":"signInWithOAuth","decl":{"start":{"line":269,"column":22},"end":{"line":269,"column":37}},"loc":{"start":{"line":269,"column":75},"end":{"line":277,"column":null}}}},"branchMap":{"0":{"loc":{"start":{"line":31,"column":4},"end":{"line":31,"column":null}},"type":"if","locations":[{"start":{"line":31,"column":4},"end":{"line":31,"column":null}},{"start":{},"end":{}}]},"1":{"loc":{"start":{"line":42,"column":4},"end":{"line":42,"column":null}},"type":"if","locations":[{"start":{"line":42,"column":4},"end":{"line":42,"column":null}},{"start":{},"end":{}}]},"2":{"loc":{"start":{"line":52,"column":4},"end":{"line":52,"column":null}},"type":"if","locations":[{"start":{"line":52,"column":4},"end":{"line":52,"column":null}},{"start":{},"end":{}}]},"3":{"loc":{"start":{"line":62,"column":4},"end":{"line":67,"column":null}},"type":"if","locations":[{"start":{"line":62,"column":4},"end":{"line":67,"column":null}},{"start":{},"end":{}}]},"4":{"loc":{"start":{"line":72,"column":4},"end":{"line":72,"column":null}},"type":"if","locations":[{"start":{"line":72,"column":4},"end":{"line":72,"column":null}},{"start":{},"end":{}}]},"5":{"loc":{"start":{"line":77,"column":11},"end":{"line":77,"column":null}},"type":"cond-expr","locations":[{"start":{"line":77,"column":26},"end":{"line":77,"column":55}},{"start":{"line":77,"column":55},"end":{"line":77,"column":null}}]},"6":{"loc":{"start":{"line":90,"column":4},"end":{"line":99,"column":null}},"type":"if","locations":[{"start":{"line":90,"column":4},"end":{"line":99,"column":null}},{"start":{},"end":{}}]},"7":{"loc":{"start":{"line":104,"column":4},"end":{"line":108,"column":null}},"type":"if","locations":[{"start":{"line":104,"column":4},"end":{"line":108,"column":null}},{"start":{},"end":{}}]},"8":{"loc":{"start":{"line":124,"column":6},"end":{"line":141,"column":null}},"type":"if","locations":[{"start":{"line":124,"column":6},"end":{"line":141,"column":null}},{"start":{},"end":{}}]},"9":{"loc":{"start":{"line":132,"column":25},"end":{"line":132,"column":null}},"type":"cond-expr","locations":[{"start":{"line":132,"column":38},"end":{"line":132,"column":59}},{"start":{"line":132,"column":59},"end":{"line":132,"column":null}}]},"10":{"loc":{"start":{"line":133,"column":12},"end":{"line":135,"column":null}},"type":"if","locations":[{"start":{"line":133,"column":12},"end":{"line":135,"column":null}},{"start":{},"end":{}}]},"11":{"loc":{"start":{"line":153,"column":14},"end":{"line":153,"column":null}},"type":"binary-expr","locations":[{"start":{"line":153,"column":14},"end":{"line":153,"column":45}},{"start":{"line":153,"column":49},"end":{"line":153,"column":null}}]},"12":{"loc":{"start":{"line":154,"column":22},"end":{"line":154,"column":81}},"type":"binary-expr","locations":[{"start":{"line":154,"column":22},"end":{"line":154,"column":53}},{"start":{"line":154,"column":57},"end":{"line":154,"column":81}}]},"13":{"loc":{"start":{"line":155,"column":30},"end":{"line":155,"column":89}},"type":"binary-expr","locations":[{"start":{"line":155,"column":30},"end":{"line":155,"column":61}},{"start":{"line":155,"column":65},"end":{"line":155,"column":89}}]},"14":{"loc":{"start":{"line":176,"column":2},"end":{"line":176,"column":null}},"type":"if","locations":[{"start":{"line":176,"column":2},"end":{"line":176,"column":null}},{"start":{},"end":{}}]},"15":{"loc":{"start":{"line":179,"column":4},"end":{"line":182,"column":null}},"type":"binary-expr","locations":[{"start":{"line":179,"column":4},"end":{"line":179,"column":17}},{"start":{"line":180,"column":4},"end":{"line":180,"column":27}},{"start":{"line":181,"column":4},"end":{"line":181,"column":15}},{"start":{"line":182,"column":4},"end":{"line":182,"column":null}}]},"16":{"loc":{"start":{"line":185,"column":2},"end":{"line":187,"column":null}},"type":"if","locations":[{"start":{"line":185,"column":2},"end":{"line":187,"column":null}},{"start":{},"end":{}}]},"17":{"loc":{"start":{"line":185,"column":6},"end":{"line":185,"column":72}},"type":"binary-expr","locations":[{"start":{"line":185,"column":6},"end":{"line":185,"column":37}},{"start":{"line":185,"column":37},"end":{"line":185,"column":72}}]},"18":{"loc":{"start":{"line":189,"column":2},"end":{"line":191,"column":null}},"type":"if","locations":[{"start":{"line":189,"column":2},"end":{"line":191,"column":null}},{"start":{},"end":{}}]},"19":{"loc":{"start":{"line":193,"column":2},"end":{"line":195,"column":null}},"type":"if","locations":[{"start":{"line":193,"column":2},"end":{"line":195,"column":null}},{"start":{},"end":{}}]},"20":{"loc":{"start":{"line":193,"column":6},"end":{"line":193,"column":79}},"type":"binary-expr","locations":[{"start":{"line":193,"column":6},"end":{"line":193,"column":40}},{"start":{"line":193,"column":40},"end":{"line":193,"column":79}}]},"21":{"loc":{"start":{"line":197,"column":2},"end":{"line":199,"column":null}},"type":"if","locations":[{"start":{"line":197,"column":2},"end":{"line":199,"column":null}},{"start":{},"end":{}}]},"22":{"loc":{"start":{"line":201,"column":2},"end":{"line":203,"column":null}},"type":"if","locations":[{"start":{"line":201,"column":2},"end":{"line":203,"column":null}},{"start":{},"end":{}}]},"23":{"loc":{"start":{"line":205,"column":2},"end":{"line":207,"column":null}},"type":"if","locations":[{"start":{"line":205,"column":2},"end":{"line":207,"column":null}},{"start":{},"end":{}}]},"24":{"loc":{"start":{"line":214,"column":2},"end":{"line":214,"column":null}},"type":"if","locations":[{"start":{"line":214,"column":2},"end":{"line":214,"column":null}},{"start":{},"end":{}}]},"25":{"loc":{"start":{"line":216,"column":18},"end":{"line":216,"column":null}},"type":"binary-expr","locations":[{"start":{"line":216,"column":18},"end":{"line":216,"column":31}},{"start":{"line":216,"column":35},"end":{"line":216,"column":58}},{"start":{"line":216,"column":62},"end":{"line":216,"column":73}},{"start":{"line":216,"column":77},"end":{"line":216,"column":null}}]},"26":{"loc":{"start":{"line":217,"column":9},"end":{"line":217,"column":null}},"type":"binary-expr","locations":[{"start":{"line":217,"column":9},"end":{"line":217,"column":40}},{"start":{"line":217,"column":40},"end":{"line":217,"column":null}}]},"27":{"loc":{"start":{"line":221,"column":2},"end":{"line":221,"column":null}},"type":"if","locations":[{"start":{"line":221,"column":2},"end":{"line":221,"column":null}},{"start":{},"end":{}}]},"28":{"loc":{"start":{"line":223,"column":18},"end":{"line":223,"column":null}},"type":"binary-expr","locations":[{"start":{"line":223,"column":18},"end":{"line":223,"column":31}},{"start":{"line":223,"column":35},"end":{"line":223,"column":58}},{"start":{"line":223,"column":62},"end":{"line":223,"column":73}},{"start":{"line":223,"column":77},"end":{"line":223,"column":null}}]},"29":{"loc":{"start":{"line":225,"column":4},"end":{"line":225,"column":null}},"type":"binary-expr","locations":[{"start":{"line":225,"column":4},"end":{"line":225,"column":38}},{"start":{"line":225,"column":38},"end":{"line":225,"column":null}}]}},"s":{"0":0,"1":0,"2":0,"3":0,"4":0,"5":0,"6":0,"7":0,"8":0,"9":0,"10":0,"11":0,"12":0,"13":0,"14":0,"15":0,"16":0,"17":0,"18":0,"19":0,"20":0,"21":0,"22":0,"23":0,"24":0,"25":0,"26":0,"27":0,"28":0,"29":0,"30":0,"31":0,"32":0,"33":0,"34":0,"35":0,"36":0,"37":0,"38":0,"39":0,"40":0,"41":0,"42":0,"43":0,"44":0,"45":0,"46":0,"47":0,"48":0,"49":0,"50":0,"51":0,"52":0,"53":0,"54":0,"55":0,"56":0,"57":0,"58":0,"59":0,"60":0,"61":0,"62":0,"63":0,"64":0,"65":0,"66":0,"67":0,"68":0,"69":0,"70":0,"71":0,"72":0,"73":0,"74":0,"75":0,"76":0,"77":0,"78":0,"79":0,"80":0,"81":0,"82":0,"83":0,"84":0,"85":0,"86":0,"87":0,"88":0,"89":0,"90":0,"91":0,"92":0,"93":0,"94":0,"95":0,"96":0,"97":0,"98":0,"99":0,"100":0,"101":0,"102":0,"103":0,"104":0},"f":{"0":0,"1":0,"2":0,"3":0,"4":0,"5":0,"6":0,"7":0,"8":0,"9":0,"10":0,"11":0,"12":0,"13":0,"14":0,"15":0,"16":0,"17":0},"b":{"0":[0,0],"1":[0,0],"2":[0,0],"3":[0,0],"4":[0,0],"5":[0,0],"6":[0,0],"7":[0,0],"8":[0,0],"9":[0,0],"10":[0,0],"11":[0,0],"12":[0,0],"13":[0,0],"14":[0,0],"15":[0,0,0,0],"16":[0,0],"17":[0,0],"18":[0,0],"19":[0,0],"20":[0,0],"21":[0,0],"22":[0,0],"23":[0,0],"24":[0,0],"25":[0,0,0,0],"26":[0,0],"27":[0,0],"28":[0,0,0,0],"29":[0,0]}}
,"/Users/steve/yum-dashboard/lib/utils.ts": {"path":"/Users/steve/yum-dashboard/lib/utils.ts","statementMap":{"0":{"start":{"line":4,"column":16},"end":{"line":4,"column":19}},"1":{"start":{"line":1,"column":38},"end":{"line":1,"column":null}},"2":{"start":{"line":2,"column":24},"end":{"line":2,"column":null}},"3":{"start":{"line":5,"column":2},"end":{"line":5,"column":null}}},"fnMap":{"0":{"name":"cn","decl":{"start":{"line":4,"column":16},"end":{"line":4,"column":19}},"loc":{"start":{"line":4,"column":42},"end":{"line":6,"column":null}}}},"branchMap":{},"s":{"0":1914,"1":3,"2":3,"3":1914},"f":{"0":1914},"b":{}}
}
