TN:
SF:app/layout.tsx
FN:11,RootLayout
FNF:1
FNH:0
FNDA:0,RootLayout
DA:2,0
DA:3,0
DA:4,0
DA:6,0
DA:11,0
LF:5
LH:0
BRF:0
BRH:0
end_of_record
TN:
SF:app/page.tsx
FN:17,Home
FN:23,(anonymous_3)
FNF:2
FNH:0
FNDA:0,Home
FNDA:0,(anonymous_3)
DA:3,0
DA:4,0
DA:5,0
DA:6,0
DA:13,0
DA:14,0
DA:15,0
DA:17,0
DA:18,0
DA:19,0
DA:20,0
DA:23,0
DA:24,0
DA:25,0
DA:30,0
LF:15
LH:0
BRDA:24,0,0,0
BRDA:24,0,1,0
BRDA:24,1,0,0
BRDA:24,1,1,0
BRDA:30,2,0,0
BRDA:30,2,1,0
BRF:6
BRH:0
end_of_record
TN:
SF:app/api/auth/magic-link/route.ts
FN:20,(anonymous_3)
FN:37,getRateLimitKey
FN:41,isRateLimited
FN:71,updateRateLimit
FN:90,POST
FN:100,(anonymous_8)
FN:147,(anonymous_9)
FN:150,(anonymous_10)
FN:152,(anonymous_11)
FN:228,GET
FNF:10
FNH:0
FNDA:0,(anonymous_3)
FNDA:0,getRateLimitKey
FNDA:0,isRateLimited
FNDA:0,updateRateLimit
FNDA:0,POST
FNDA:0,(anonymous_8)
FNDA:0,(anonymous_9)
FNDA:0,(anonymous_10)
FNDA:0,(anonymous_11)
FNDA:0,GET
DA:1,0
DA:2,0
DA:3,0
DA:9,0
DA:10,0
DA:13,0
DA:19,0
DA:21,0
DA:22,0
DA:23,0
DA:24,0
DA:32,0
DA:38,0
DA:42,0
DA:43,0
DA:45,0
DA:46,0
DA:50,0
DA:51,0
DA:52,0
DA:56,0
DA:57,0
DA:64,0
DA:65,0
DA:68,0
DA:72,0
DA:73,0
DA:75,0
DA:76,0
DA:82,0
DA:90,0
DA:91,0
DA:92,0
DA:95,0
DA:96,0
DA:97,0
DA:100,0
DA:106,0
DA:110,0
DA:114,0
DA:117,0
DA:118,0
DA:119,0
DA:122,0
DA:138,0
DA:141,0
DA:142,0
DA:148,0
DA:151,0
DA:152,0
DA:153,0
DA:166,0
DA:181,0
DA:183,0
DA:186,0
DA:189,0
DA:190,0
DA:199,0
DA:209,0
DA:216,0
DA:217,0
DA:228,0
DA:229,0
DA:230,0
DA:231,0
DA:233,0
DA:234,0
DA:241,0
DA:245,0
DA:246,0
DA:248,0
DA:257,0
DA:258,0
LF:73
LH:0
BRDA:23,0,0,0
BRDA:23,0,1,0
BRDA:45,1,0,0
BRDA:45,1,1,0
BRDA:50,2,0,0
BRDA:50,2,1,0
BRDA:56,3,0,0
BRDA:56,3,1,0
BRDA:64,4,0,0
BRDA:64,4,1,0
BRDA:75,5,0,0
BRDA:75,5,1,0
BRDA:75,6,0,0
BRDA:75,6,1,0
BRDA:96,7,0,0
BRDA:96,7,1,0
BRDA:110,8,0,0
BRDA:110,8,1,0
BRDA:110,8,2,0
BRDA:118,9,0,0
BRDA:118,9,1,0
BRDA:119,10,0,0
BRDA:119,10,1,0
BRDA:170,11,0,0
BRDA:170,11,1,0
BRDA:171,12,0,0
BRDA:171,12,1,0
BRDA:181,13,0,0
BRDA:181,13,1,0
BRDA:189,14,0,0
BRDA:189,14,1,0
BRDA:233,15,0,0
BRDA:233,15,1,0
BRDA:241,16,0,0
BRDA:241,16,1,0
BRDA:241,16,2,0
BRDA:251,17,0,0
BRDA:251,17,1,0
BRDA:252,18,0,0
BRDA:252,18,1,0
BRF:40
BRH:0
end_of_record
TN:
SF:app/api/creators/route.ts
FN:22,POST
FN:31,(anonymous_4)
FN:34,(anonymous_5)
FN:35,(anonymous_6)
FN:58,(anonymous_7)
FN:155,GET
FN:164,(anonymous_9)
FN:167,(anonymous_10)
FN:168,(anonymous_11)
FN:198,(anonymous_12)
FNF:10
FNH:4
FNDA:4,POST
FNDA:0,(anonymous_4)
FNDA:0,(anonymous_5)
FNDA:0,(anonymous_6)
FNDA:2,(anonymous_7)
FNDA:3,GET
FNDA:0,(anonymous_9)
FNDA:0,(anonymous_10)
FNDA:0,(anonymous_11)
FNDA:9,(anonymous_12)
DA:1,1
DA:2,1
DA:3,1
DA:4,1
DA:5,1
DA:7,1
DA:14,1
DA:22,4
DA:23,4
DA:25,4
DA:26,4
DA:32,0
DA:35,0
DA:36,0
DA:43,4
DA:44,4
DA:45,1
DA:52,3
DA:53,3
DA:54,3
DA:55,1
DA:58,2
DA:64,2
DA:68,2
DA:69,2
DA:71,0
DA:72,0
DA:77,0
DA:81,2
DA:89,2
DA:90,0
DA:91,0
DA:97,2
DA:98,1
DA:105,1
DA:117,1
DA:123,1
DA:124,0
DA:125,0
DA:132,1
DA:137,1
DA:147,0
DA:148,0
DA:155,3
DA:156,3
DA:158,3
DA:159,3
DA:165,0
DA:168,0
DA:169,0
DA:176,3
DA:177,3
DA:178,1
DA:185,2
DA:186,2
DA:194,2
DA:195,2
DA:198,9
DA:210,0
DA:213,0
DA:228,0
DA:229,0
DA:232,0
DA:233,0
DA:239,0
DA:240,0
DA:242,0
DA:246,0
DA:247,0
DA:248,0
DA:255,0
DA:260,0
DA:261,0
DA:264,0
DA:265,0
DA:270,0
DA:272,0
DA:273,0
DA:274,0
DA:280,0
DA:282,0
DA:298,0
DA:299,0
LF:83
LH:43
BRDA:44,0,0,1
BRDA:44,0,1,3
BRDA:44,1,0,4
BRDA:44,1,1,3
BRDA:54,2,0,1
BRDA:54,2,1,2
BRDA:71,3,0,0
BRDA:71,3,1,0
BRDA:89,4,0,0
BRDA:89,4,1,2
BRDA:89,5,0,2
BRDA:89,5,1,0
BRDA:97,6,0,1
BRDA:97,6,1,1
BRDA:123,7,0,0
BRDA:123,7,1,1
BRDA:132,8,0,0
BRDA:132,8,1,1
BRDA:132,9,0,1
BRDA:132,9,1,0
BRDA:177,10,0,1
BRDA:177,10,1,2
BRDA:177,11,0,3
BRDA:177,11,1,2
BRDA:194,12,0,2
BRDA:194,12,1,0
BRDA:205,13,0,0
BRDA:206,14,0,0
BRDA:228,15,0,0
BRDA:228,15,1,0
BRDA:232,16,0,0
BRDA:232,16,1,0
BRDA:246,17,0,0
BRDA:246,17,1,0
BRDA:260,18,0,0
BRDA:260,18,1,0
BRDA:264,19,0,0
BRDA:264,19,1,0
BRDA:272,20,0,0
BRDA:272,20,1,0
BRDA:280,21,0,0
BRDA:280,21,1,0
BRDA:289,22,0,0
BRDA:289,22,1,0
BRF:44
BRH:18
end_of_record
TN:
SF:app/api/creators/[id]/route.ts
FN:19,PUT
FN:30,(anonymous_4)
FN:33,(anonymous_5)
FN:34,(anonymous_6)
FN:57,(anonymous_7)
FN:125,DELETE
FN:136,(anonymous_9)
FN:139,(anonymous_10)
FN:140,(anonymous_11)
FNF:9
FNH:3
FNDA:4,PUT
FNDA:0,(anonymous_4)
FNDA:0,(anonymous_5)
FNDA:0,(anonymous_6)
FNDA:1,(anonymous_7)
FNDA:3,DELETE
FNDA:0,(anonymous_9)
FNDA:0,(anonymous_10)
FNDA:0,(anonymous_11)
DA:1,1
DA:2,1
DA:3,1
DA:4,1
DA:6,1
DA:19,4
DA:20,4
DA:21,4
DA:24,4
DA:25,4
DA:31,0
DA:34,0
DA:35,0
DA:42,4
DA:43,4
DA:44,1
DA:51,3
DA:52,3
DA:53,3
DA:54,1
DA:57,1
DA:63,2
DA:66,2
DA:72,2
DA:89,2
DA:90,1
DA:91,1
DA:96,0
DA:97,0
DA:103,1
DA:104,0
DA:110,1
DA:117,0
DA:118,0
DA:125,3
DA:126,3
DA:127,3
DA:130,3
DA:131,3
DA:137,0
DA:140,0
DA:141,0
DA:148,3
DA:149,3
DA:150,1
DA:157,2
DA:163,2
DA:164,1
DA:165,1
DA:171,1
DA:177,0
DA:178,0
LF:52
LH:39
BRDA:43,0,0,1
BRDA:43,0,1,3
BRDA:43,1,0,4
BRDA:43,1,1,3
BRDA:53,2,0,1
BRDA:53,2,1,2
BRDA:89,3,0,1
BRDA:89,3,1,1
BRDA:90,4,0,1
BRDA:90,4,1,0
BRDA:103,5,0,0
BRDA:103,5,1,1
BRDA:149,6,0,1
BRDA:149,6,1,2
BRDA:149,7,0,3
BRDA:149,7,1,2
BRDA:163,8,0,1
BRDA:163,8,1,1
BRF:18
BRH:16
end_of_record
TN:
SF:app/api/creators/import/route.ts
FN:31,POST
FN:40,(anonymous_2)
FN:43,(anonymous_3)
FN:44,(anonymous_4)
FN:67,(anonymous_5)
FN:103,importFromCSV
FN:124,(anonymous_7)
FN:135,(anonymous_8)
FN:250,importFromOPML
FN:387,parseCSVLine
FNF:10
FNH:7
FNDA:7,POST
FNDA:0,(anonymous_2)
FNDA:0,(anonymous_3)
FNDA:0,(anonymous_4)
FNDA:1,(anonymous_5)
FNDA:3,importFromCSV
FNDA:4,(anonymous_7)
FNDA:5,(anonymous_8)
FNDA:2,importFromOPML
FNDA:3,parseCSVLine
DA:1,1
DA:2,1
DA:3,1
DA:4,1
DA:5,1
DA:7,1
DA:31,7
DA:32,7
DA:34,7
DA:35,7
DA:41,0
DA:44,0
DA:45,0
DA:52,7
DA:53,7
DA:54,1
DA:61,6
DA:62,6
DA:63,6
DA:64,1
DA:67,1
DA:73,5
DA:77,5
DA:78,3
DA:79,2
DA:80,2
DA:82,0
DA:88,3
DA:95,2
DA:96,2
DA:108,3
DA:115,3
DA:117,3
DA:118,3
DA:119,1
DA:122,2
DA:123,2
DA:124,2
DA:125,4
DA:128,2
DA:129,0
DA:135,5
DA:136,2
DA:137,2
DA:138,2
DA:139,2
DA:142,2
DA:143,3
DA:144,3
DA:146,3
DA:147,3
DA:148,3
DA:155,3
DA:156,0
DA:162,0
DA:163,0
DA:168,3
DA:169,3
DA:171,0
DA:177,0
DA:178,0
DA:182,3
DA:190,3
DA:191,1
DA:197,1
DA:198,1
DA:202,2
DA:214,2
DA:220,2
DA:221,0
DA:227,0
DA:228,0
DA:231,2
DA:232,2
DA:234,0
DA:238,0
DA:242,1
DA:247,2
DA:255,2
DA:262,2
DA:264,2
DA:265,2
DA:266,1
DA:269,1
DA:270,1
DA:272,1
DA:274,1
DA:275,1
DA:276,1
DA:277,1
DA:279,1
DA:280,1
DA:281,1
DA:283,1
DA:284,0
DA:288,0
DA:289,0
DA:293,1
DA:294,0
DA:300,0
DA:301,0
DA:306,1
DA:307,1
DA:309,0
DA:315,0
DA:316,0
DA:320,1
DA:328,1
DA:329,0
DA:335,0
DA:336,0
DA:340,1
DA:351,1
DA:357,0
DA:358,0
DA:364,0
DA:365,0
DA:368,0
DA:369,0
DA:371,1
DA:375,1
DA:379,1
DA:384,1
DA:388,3
DA:389,3
DA:390,3
DA:392,3
DA:393,158
DA:395,158
DA:396,4
DA:398,0
DA:399,0
DA:402,4
DA:404,154
DA:406,5
DA:407,5
DA:409,149
DA:413,3
DA:414,3
LF:139
LH:103
BRDA:53,0,0,1
BRDA:53,0,1,6
BRDA:53,1,0,7
BRDA:53,1,1,6
BRDA:63,2,0,1
BRDA:63,2,1,5
BRDA:77,3,0,3
BRDA:77,3,1,2
BRDA:79,4,0,2
BRDA:79,4,1,0
BRDA:118,5,0,1
BRDA:118,5,1,2
BRDA:128,6,0,0
BRDA:128,6,1,2
BRDA:144,7,0,0
BRDA:144,7,1,3
BRDA:149,8,0,3
BRDA:149,8,1,0
BRDA:150,9,0,3
BRDA:150,9,1,0
BRDA:151,10,0,2
BRDA:151,10,1,1
BRDA:152,11,0,0
BRDA:152,11,1,3
BRDA:155,12,0,0
BRDA:155,12,1,3
BRDA:155,13,0,3
BRDA:155,13,1,3
BRDA:175,14,0,0
BRDA:175,14,1,0
BRDA:190,15,0,1
BRDA:190,15,1,2
BRDA:220,16,0,0
BRDA:220,16,1,2
BRDA:236,17,0,0
BRDA:236,17,1,0
BRDA:243,18,0,1
BRDA:243,18,1,0
BRDA:265,19,0,1
BRDA:265,19,1,1
BRDA:279,20,0,1
BRDA:279,20,1,0
BRDA:283,21,0,0
BRDA:283,21,1,1
BRDA:283,22,0,1
BRDA:283,22,1,1
BRDA:293,23,0,0
BRDA:293,23,1,1
BRDA:293,24,0,1
BRDA:293,24,1,1
BRDA:293,24,2,0
BRDA:313,25,0,0
BRDA:313,25,1,0
BRDA:328,26,0,0
BRDA:328,26,1,1
BRDA:357,27,0,0
BRDA:357,27,1,0
BRDA:373,28,0,1
BRDA:373,28,1,0
BRDA:380,29,0,1
BRDA:380,29,1,0
BRDA:395,30,0,4
BRDA:395,30,1,154
BRDA:396,31,0,0
BRDA:396,31,1,4
BRDA:396,32,0,4
BRDA:396,32,1,2
BRDA:404,33,0,5
BRDA:404,33,1,149
BRDA:404,34,0,154
BRDA:404,34,1,7
BRF:71
BRH:46
end_of_record
TN:
SF:app/api/gdpr/consent/route.ts
FN:21,GET
FN:30,(anonymous_5)
FN:33,(anonymous_6)
FN:35,(anonymous_7)
FN:103,POST
FN:113,(anonymous_9)
FN:128,(anonymous_10)
FN:131,(anonymous_11)
FN:133,(anonymous_12)
FN:239,PUT
FN:257,(anonymous_14)
FN:260,(anonymous_15)
FN:262,(anonymous_16)
FNF:13
FNH:0
FNDA:0,GET
FNDA:0,(anonymous_5)
FNDA:0,(anonymous_6)
FNDA:0,(anonymous_7)
FNDA:0,POST
FNDA:0,(anonymous_9)
FNDA:0,(anonymous_10)
FNDA:0,(anonymous_11)
FNDA:0,(anonymous_12)
FNDA:0,PUT
FNDA:0,(anonymous_14)
FNDA:0,(anonymous_15)
FNDA:0,(anonymous_16)
DA:1,0
DA:2,0
DA:3,0
DA:4,0
DA:7,0
DA:21,0
DA:22,0
DA:24,0
DA:25,0
DA:31,0
DA:34,0
DA:35,0
DA:36,0
DA:50,0
DA:52,0
DA:53,0
DA:60,0
DA:66,0
DA:67,0
DA:74,0
DA:82,0
DA:94,0
DA:95,0
DA:103,0
DA:104,0
DA:105,0
DA:108,0
DA:109,0
DA:110,0
DA:113,0
DA:119,0
DA:122,0
DA:123,0
DA:129,0
DA:132,0
DA:133,0
DA:134,0
DA:148,0
DA:150,0
DA:151,0
DA:159,0
DA:162,0
DA:165,0
DA:175,0
DA:180,0
DA:181,0
DA:182,0
DA:183,0
DA:186,0
DA:191,0
DA:192,0
DA:193,0
DA:200,0
DA:208,0
DA:227,0
DA:228,0
DA:239,0
DA:240,0
DA:241,0
DA:248,0
DA:251,0
DA:252,0
DA:258,0
DA:261,0
DA:262,0
DA:263,0
DA:277,0
DA:279,0
DA:280,0
DA:288,0
DA:291,0
DA:294,0
DA:306,0
DA:316,0
DA:317,0
DA:318,0
DA:325,0
DA:332,0
DA:345,0
DA:346,0
LF:80
LH:0
BRDA:52,0,0,0
BRDA:52,0,1,0
BRDA:52,1,0,0
BRDA:52,1,1,0
BRDA:66,2,0,0
BRDA:66,2,1,0
BRDA:85,3,0,0
BRDA:85,3,1,0
BRDA:87,4,0,0
BRDA:87,4,1,0
BRDA:89,5,0,0
BRDA:89,5,1,0
BRDA:90,6,0,0
BRDA:90,6,1,0
BRDA:109,7,0,0
BRDA:109,7,1,0
BRDA:150,8,0,0
BRDA:150,8,1,0
BRDA:150,9,0,0
BRDA:150,9,1,0
BRDA:159,10,0,0
BRDA:159,10,1,0
BRDA:159,10,2,0
BRDA:162,11,0,0
BRDA:162,11,1,0
BRDA:180,12,0,0
BRDA:180,12,1,0
BRDA:180,13,0,0
BRDA:180,13,1,0
BRDA:191,14,0,0
BRDA:191,14,1,0
BRDA:210,15,0,0
BRDA:210,15,1,0
BRDA:219,16,0,0
BRDA:219,16,1,0
BRDA:219,17,0,0
BRDA:219,17,1,0
BRDA:243,18,0,0
BRDA:244,19,0,0
BRDA:245,20,0,0
BRDA:246,21,0,0
BRDA:247,22,0,0
BRDA:279,23,0,0
BRDA:279,23,1,0
BRDA:279,24,0,0
BRDA:279,24,1,0
BRDA:288,25,0,0
BRDA:288,25,1,0
BRDA:288,25,2,0
BRDA:291,26,0,0
BRDA:291,26,1,0
BRDA:316,27,0,0
BRDA:316,27,1,0
BRF:53
BRH:0
end_of_record
TN:
SF:app/api/gdpr/delete-account/route.ts
FN:5,POST
FN:25,(anonymous_4)
FN:28,(anonymous_5)
FN:30,(anonymous_6)
FN:119,(anonymous_7)
FN:185,GET
FN:194,(anonymous_9)
FN:197,(anonymous_10)
FN:199,(anonymous_11)
FNF:9
FNH:0
FNDA:0,POST
FNDA:0,(anonymous_4)
FNDA:0,(anonymous_5)
FNDA:0,(anonymous_6)
FNDA:0,(anonymous_7)
FNDA:0,GET
FNDA:0,(anonymous_9)
FNDA:0,(anonymous_10)
FNDA:0,(anonymous_11)
DA:1,0
DA:2,0
DA:3,0
DA:5,0
DA:6,0
DA:7,0
DA:8,0
DA:11,0
DA:12,0
DA:19,0
DA:20,0
DA:26,0
DA:29,0
DA:30,0
DA:31,0
DA:45,0
DA:47,0
DA:48,0
DA:55,0
DA:63,0
DA:72,0
DA:73,0
DA:74,0
DA:84,0
DA:87,0
DA:92,0
DA:97,0
DA:102,0
DA:110,0
DA:115,0
DA:118,0
DA:120,0
DA:124,0
DA:125,0
DA:130,0
DA:134,0
DA:135,0
DA:152,0
DA:153,0
DA:161,0
DA:164,0
DA:172,0
DA:173,0
DA:185,0
DA:186,0
DA:188,0
DA:189,0
DA:195,0
DA:198,0
DA:199,0
DA:200,0
DA:214,0
DA:216,0
DA:217,0
DA:224,0
DA:230,0
DA:231,0
DA:237,0
DA:245,0
DA:246,0
LF:60
LH:0
BRDA:11,0,0,0
BRDA:11,0,1,0
BRDA:47,1,0,0
BRDA:47,1,1,0
BRDA:47,2,0,0
BRDA:47,2,1,0
BRDA:72,3,0,0
BRDA:72,3,1,0
BRDA:120,4,0,0
BRDA:120,4,1,0
BRDA:120,4,2,0
BRDA:124,5,0,0
BRDA:124,5,1,0
BRDA:134,6,0,0
BRDA:134,6,1,0
BRDA:216,7,0,0
BRDA:216,7,1,0
BRDA:216,8,0,0
BRDA:216,8,1,0
BRDA:230,9,0,0
BRDA:230,9,1,0
BRDA:239,10,0,0
BRDA:239,10,1,0
BRF:23
BRH:0
end_of_record
TN:
SF:app/api/gdpr/export/route.ts
FN:5,GET
FN:14,(anonymous_4)
FN:17,(anonymous_5)
FN:19,(anonymous_6)
FN:133,(anonymous_7)
FN:164,(anonymous_8)
FN:180,(anonymous_9)
FN:201,(anonymous_10)
FN:217,(anonymous_11)
FN:253,POST
FN:265,(anonymous_13)
FN:268,(anonymous_14)
FN:270,(anonymous_15)
FNF:13
FNH:0
FNDA:0,GET
FNDA:0,(anonymous_4)
FNDA:0,(anonymous_5)
FNDA:0,(anonymous_6)
FNDA:0,(anonymous_7)
FNDA:0,(anonymous_8)
FNDA:0,(anonymous_9)
FNDA:0,(anonymous_10)
FNDA:0,(anonymous_11)
FNDA:0,POST
FNDA:0,(anonymous_13)
FNDA:0,(anonymous_14)
FNDA:0,(anonymous_15)
DA:1,0
DA:2,0
DA:3,0
DA:5,0
DA:6,0
DA:8,0
DA:9,0
DA:15,0
DA:18,0
DA:19,0
DA:20,0
DA:34,0
DA:36,0
DA:37,0
DA:58,0
DA:75,0
DA:81,0
DA:82,0
DA:97,0
DA:103,0
DA:104,0
DA:115,0
DA:132,0
DA:133,0
DA:150,0
DA:163,0
DA:164,0
DA:174,0
DA:179,0
DA:180,0
DA:193,0
DA:200,0
DA:201,0
DA:210,0
DA:216,0
DA:217,0
DA:225,0
DA:233,0
DA:240,0
DA:241,0
DA:253,0
DA:254,0
DA:255,0
DA:256,0
DA:259,0
DA:260,0
DA:266,0
DA:269,0
DA:270,0
DA:271,0
DA:285,0
DA:287,0
DA:288,0
DA:296,0
DA:312,0
DA:313,0
LF:56
LH:0
BRDA:36,0,0,0
BRDA:36,0,1,0
BRDA:36,1,0,0
BRDA:36,1,1,0
BRDA:81,2,0,0
BRDA:81,2,1,0
BRDA:103,3,0,0
BRDA:103,3,1,0
BRDA:132,4,0,0
BRDA:132,4,1,0
BRDA:163,5,0,0
BRDA:163,5,1,0
BRDA:179,6,0,0
BRDA:179,6,1,0
BRDA:200,7,0,0
BRDA:200,7,1,0
BRDA:204,8,0,0
BRDA:204,8,1,0
BRDA:216,9,0,0
BRDA:216,9,1,0
BRDA:256,10,0,0
BRDA:256,11,0,0
BRDA:287,12,0,0
BRDA:287,12,1,0
BRDA:287,13,0,0
BRDA:287,13,1,0
BRF:26
BRH:0
end_of_record
TN:
SF:app/api/health/route.ts
FN:5,GET
FNF:1
FNH:0
FNDA:0,GET
DA:1,0
DA:2,0
DA:3,0
DA:5,0
DA:6,0
DA:16,0
DA:17,0
DA:18,0
DA:19,0
DA:21,0
DA:23,0
DA:28,0
DA:32,0
DA:36,0
DA:37,0
DA:42,0
DA:43,0
DA:47,0
DA:49,0
LF:19
LH:0
BRDA:19,0,0,0
BRDA:19,0,1,0
BRDA:19,1,0,0
BRDA:19,1,1,0
BRDA:19,1,2,0
BRDA:30,2,0,0
BRDA:30,2,1,0
BRDA:38,3,0,0
BRDA:38,3,1,0
BRDA:42,4,0,0
BRDA:42,4,1,0
BRDA:47,5,0,0
BRDA:47,5,1,0
BRF:13
BRH:0
end_of_record
TN:
SF:app/auth/callback/route.ts
FN:5,GET
FN:32,(anonymous_2)
FN:35,(anonymous_3)
FN:43,(anonymous_4)
FNF:4
FNH:0
FNDA:0,GET
FNDA:0,(anonymous_2)
FNDA:0,(anonymous_3)
FNDA:0,(anonymous_4)
DA:1,0
DA:2,0
DA:3,0
DA:5,0
DA:6,0
DA:7,0
DA:10,0
DA:11,0
DA:12,0
DA:15,0
DA:16,0
DA:17,0
DA:22,0
DA:23,0
DA:24,0
DA:27,0
DA:33,0
DA:42,0
DA:43,0
DA:44,0
DA:58,0
DA:60,0
DA:61,0
DA:64,0
DA:66,0
DA:70,0
DA:72,0
DA:73,0
DA:75,0
DA:76,0
DA:77,0
DA:80,0
DA:83,0
DA:88,0
DA:90,0
DA:97,0
DA:98,0
DA:117,0
DA:118,0
DA:124,0
DA:127,0
DA:128,0
DA:135,0
LF:43
LH:0
BRDA:10,0,0,0
BRDA:10,0,1,0
BRDA:10,0,2,0
BRDA:15,1,0,0
BRDA:15,1,1,0
BRDA:18,2,0,0
BRDA:18,2,1,0
BRDA:22,3,0,0
BRDA:22,3,1,0
BRDA:60,4,0,0
BRDA:60,4,1,0
BRDA:66,5,0,0
BRDA:66,5,1,0
BRDA:67,6,0,0
BRDA:67,6,1,0
BRDA:72,7,0,0
BRDA:72,7,1,0
BRDA:75,8,0,0
BRDA:75,8,1,0
BRDA:77,9,0,0
BRDA:77,9,1,0
BRDA:88,10,0,0
BRDA:88,10,1,0
BRDA:88,11,0,0
BRDA:88,11,1,0
BRDA:97,12,0,0
BRDA:97,12,1,0
BRDA:97,13,0,0
BRDA:97,13,1,0
BRDA:104,14,0,0
BRDA:104,14,1,0
BRDA:107,15,0,0
BRDA:107,15,1,0
BRDA:110,16,0,0
BRDA:110,16,1,0
BRDA:117,17,0,0
BRDA:117,17,1,0
BRF:37
BRH:0
end_of_record
TN:
SF:app/auth/error/page.tsx
FN:18,AuthErrorContent
FN:26,(anonymous_3)
FN:94,(anonymous_4)
FN:98,(anonymous_5)
FN:180,AuthErrorPage
FNF:5
FNH:0
FNDA:0,AuthErrorContent
FNDA:0,(anonymous_3)
FNDA:0,(anonymous_4)
FNDA:0,(anonymous_5)
FNDA:0,AuthErrorPage
DA:9,0
DA:10,0
DA:11,0
DA:12,0
DA:13,0
DA:14,0
DA:16,0
DA:19,0
DA:20,0
DA:21,0
DA:22,0
DA:23,0
DA:26,0
DA:27,0
DA:29,0
DA:33,0
DA:44,0
DA:45,0
DA:55,0
DA:59,0
DA:71,0
DA:72,0
DA:82,0
DA:92,0
DA:94,0
DA:95,0
DA:98,0
DA:100,0
DA:101,0
DA:180,0
LF:30
LH:0
BRDA:27,0,0,0
BRDA:27,0,1,0
BRDA:27,0,2,0
BRDA:29,1,0,0
BRDA:29,1,1,0
BRDA:30,2,0,0
BRDA:30,2,1,0
BRDA:44,3,0,0
BRDA:44,3,1,0
BRDA:55,4,0,0
BRDA:55,4,1,0
BRDA:56,5,0,0
BRDA:56,5,1,0
BRDA:71,6,0,0
BRDA:71,6,1,0
BRDA:132,7,0,0
BRDA:132,7,1,0
BRDA:136,8,0,0
BRDA:156,9,0,0
BRF:19
BRH:0
end_of_record
TN:
SF:app/auth/forgot-password/page.tsx
FN:20,ForgotPasswordPage
FN:32,(anonymous_3)
FN:38,(anonymous_4)
FN:106,(anonymous_5)
FN:117,(anonymous_6)
FN:155,(anonymous_7)
FNF:6
FNH:0
FNDA:0,ForgotPasswordPage
FNDA:0,(anonymous_3)
FNDA:0,(anonymous_4)
FNDA:0,(anonymous_5)
FNDA:0,(anonymous_6)
FNDA:0,(anonymous_7)
DA:3,0
DA:10,0
DA:11,0
DA:12,0
DA:13,0
DA:14,0
DA:15,0
DA:16,0
DA:17,0
DA:18,0
DA:20,0
DA:21,0
DA:22,0
DA:23,0
DA:24,0
DA:26,0
DA:27,0
DA:28,0
DA:29,0
DA:32,0
DA:33,0
DA:34,0
DA:38,0
DA:39,0
DA:40,0
DA:41,0
DA:44,0
DA:45,0
DA:46,0
DA:47,0
DA:50,0
DA:51,0
DA:52,0
DA:53,0
DA:54,0
DA:57,0
DA:58,0
DA:60,0
DA:61,0
DA:63,0
DA:66,0
DA:68,0
DA:72,0
DA:83,0
DA:107,0
DA:108,0
DA:117,0
DA:156,0
DA:157,0
LF:49
LH:0
BRDA:33,0,0,0
BRDA:33,0,1,0
BRDA:44,1,0,0
BRDA:44,1,1,0
BRDA:51,2,0,0
BRDA:51,2,1,0
BRDA:60,3,0,0
BRDA:60,3,1,0
BRDA:72,4,0,0
BRDA:72,4,1,0
BRDA:83,5,0,0
BRDA:83,5,1,0
BRDA:140,6,0,0
BRDA:167,7,0,0
BRDA:167,7,1,0
BRDA:169,8,0,0
BRDA:169,8,1,0
BRF:17
BRH:0
end_of_record
TN:
SF:app/auth/login/page.tsx
FN:22,LoginPage
FN:39,(anonymous_3)
FN:45,(anonymous_4)
FN:47,(anonymous_5)
FN:56,(anonymous_6)
FN:81,(anonymous_7)
FN:92,(anonymous_8)
FN:181,(anonymous_9)
FNF:8
FNH:0
FNDA:0,LoginPage
FNDA:0,(anonymous_3)
FNDA:0,(anonymous_4)
FNDA:0,(anonymous_5)
FNDA:0,(anonymous_6)
FNDA:0,(anonymous_7)
FNDA:0,(anonymous_8)
FNDA:0,(anonymous_9)
DA:3,0
DA:10,0
DA:11,0
DA:12,0
DA:13,0
DA:14,0
DA:15,0
DA:16,0
DA:17,0
DA:18,0
DA:19,0
DA:20,0
DA:22,0
DA:23,0
DA:24,0
DA:25,0
DA:26,0
DA:27,0
DA:29,0
DA:33,0
DA:34,0
DA:35,0
DA:36,0
DA:39,0
DA:40,0
DA:41,0
DA:45,0
DA:46,0
DA:47,0
DA:48,0
DA:51,0
DA:52,0
DA:56,0
DA:57,0
DA:58,0
DA:59,0
DA:62,0
DA:63,0
DA:64,0
DA:65,0
DA:68,0
DA:69,0
DA:71,0
DA:72,0
DA:75,0
DA:77,0
DA:81,0
DA:82,0
DA:83,0
DA:84,0
DA:86,0
DA:88,0
DA:92,0
DA:93,0
DA:94,0
DA:95,0
DA:98,0
DA:99,0
DA:100,0
DA:102,0
DA:103,0
DA:105,0
DA:111,0
DA:113,0
DA:117,0
DA:181,0
LF:66
LH:0
BRDA:40,0,0,0
BRDA:40,0,1,0
BRDA:51,1,0,0
BRDA:51,1,1,0
BRDA:62,2,0,0
BRDA:62,2,1,0
BRDA:62,3,0,0
BRDA:62,3,1,0
BRDA:71,4,0,0
BRDA:71,4,1,0
BRDA:93,5,0,0
BRDA:93,5,1,0
BRDA:102,6,0,0
BRDA:102,6,1,0
BRDA:117,7,0,0
BRDA:117,7,1,0
BRDA:138,8,0,0
BRDA:158,9,0,0
BRDA:169,10,0,0
BRDA:169,10,1,0
BRDA:185,11,0,0
BRDA:203,12,0,0
BRDA:203,12,1,0
BRF:23
BRH:0
end_of_record
TN:
SF:app/auth/signup/page.tsx
FN:23,(anonymous_2)
FN:38,SignupPage
FN:57,(anonymous_4)
FN:64,(anonymous_5)
FN:67,(anonymous_6)
FN:69,(anonymous_7)
FN:73,(anonymous_8)
FN:116,(anonymous_9)
FN:127,(anonymous_10)
FN:180,(anonymous_11)
FN:242,(anonymous_12)
FN:259,(anonymous_13)
FN:298,(anonymous_14)
FNF:13
FNH:0
FNDA:0,(anonymous_2)
FNDA:0,SignupPage
FNDA:0,(anonymous_4)
FNDA:0,(anonymous_5)
FNDA:0,(anonymous_6)
FNDA:0,(anonymous_7)
FNDA:0,(anonymous_8)
FNDA:0,(anonymous_9)
FNDA:0,(anonymous_10)
FNDA:0,(anonymous_11)
FNDA:0,(anonymous_12)
FNDA:0,(anonymous_13)
FNDA:0,(anonymous_14)
DA:3,0
DA:10,0
DA:11,0
DA:12,0
DA:13,0
DA:14,0
DA:15,0
DA:16,0
DA:17,0
DA:18,0
DA:19,0
DA:20,0
DA:23,0
DA:24,0
DA:35,0
DA:38,0
DA:39,0
DA:40,0
DA:41,0
DA:42,0
DA:43,0
DA:45,0
DA:50,0
DA:51,0
DA:52,0
DA:53,0
DA:54,0
DA:57,0
DA:58,0
DA:59,0
DA:63,0
DA:64,0
DA:65,0
DA:67,0
DA:68,0
DA:69,0
DA:70,0
DA:73,0
DA:74,0
DA:75,0
DA:76,0
DA:79,0
DA:80,0
DA:81,0
DA:82,0
DA:85,0
DA:86,0
DA:87,0
DA:88,0
DA:91,0
DA:92,0
DA:93,0
DA:94,0
DA:97,0
DA:98,0
DA:100,0
DA:101,0
DA:103,0
DA:104,0
DA:110,0
DA:112,0
DA:116,0
DA:117,0
DA:118,0
DA:119,0
DA:121,0
DA:123,0
DA:127,0
DA:128,0
DA:129,0
DA:130,0
DA:133,0
DA:134,0
DA:135,0
DA:137,0
DA:138,0
DA:140,0
DA:141,0
DA:147,0
DA:149,0
DA:153,0
DA:164,0
DA:180,0
DA:242,0
DA:260,0
DA:298,0
LF:86
LH:0
BRDA:58,0,0,0
BRDA:58,0,1,0
BRDA:79,1,0,0
BRDA:79,1,1,0
BRDA:79,2,0,0
BRDA:79,2,1,0
BRDA:79,2,2,0
BRDA:85,3,0,0
BRDA:85,3,1,0
BRDA:91,4,0,0
BRDA:91,4,1,0
BRDA:100,5,0,0
BRDA:100,5,1,0
BRDA:128,6,0,0
BRDA:128,6,1,0
BRDA:137,7,0,0
BRDA:137,7,1,0
BRDA:153,8,0,0
BRDA:153,8,1,0
BRDA:164,9,0,0
BRDA:164,9,1,0
BRDA:202,10,0,0
BRDA:230,11,0,0
BRDA:230,11,1,0
BRDA:246,12,0,0
BRDA:254,13,0,0
BRDA:265,14,0,0
BRDA:270,15,0,0
BRDA:270,15,1,0
BRDA:286,16,0,0
BRDA:286,16,1,0
BRDA:302,17,0,0
BRDA:310,18,0,0
BRDA:313,19,0,0
BRDA:332,20,0,0
BRDA:332,20,1,0
BRDA:332,20,2,0
BRDA:334,21,0,0
BRDA:334,21,1,0
BRF:39
BRH:0
end_of_record
TN:
SF:app/creators/page.tsx
FN:3,CreatorsPage
FNF:1
FNH:0
FNDA:0,CreatorsPage
DA:1,0
DA:3,0
LF:2
LH:0
BRF:0
BRH:0
end_of_record
TN:
SF:app/creators/add/page.tsx
FN:8,AddCreatorPage
FN:12,(anonymous_2)
FN:22,(anonymous_3)
FNF:3
FNH:0
FNDA:0,AddCreatorPage
FNDA:0,(anonymous_2)
FNDA:0,(anonymous_3)
DA:3,0
DA:4,0
DA:5,0
DA:6,0
DA:8,0
DA:9,0
DA:12,0
DA:13,0
DA:22,0
LF:9
LH:0
BRF:0
BRH:0
end_of_record
TN:
SF:app/dashboard/page.tsx
FN:3,Dashboard
FNF:1
FNH:0
FNDA:0,Dashboard
DA:1,0
DA:3,0
DA:4,0
LF:3
LH:0
BRF:0
BRH:0
end_of_record
TN:
SF:app/privacy/page.tsx
FN:5,PrivacyPage
FNF:1
FNH:0
FNDA:0,PrivacyPage
DA:1,0
DA:2,0
DA:3,0
DA:5,0
LF:4
LH:0
BRF:0
BRH:0
end_of_record
TN:
SF:app/profile/page.tsx
FN:48,ProfilePage
FN:83,(anonymous_3)
FN:112,(anonymous_4)
FN:139,(anonymous_5)
FN:141,(anonymous_6)
FN:146,(anonymous_7)
FN:150,(anonymous_8)
FN:156,(anonymous_9)
FN:188,(anonymous_10)
FN:195,(anonymous_11)
FN:281,(anonymous_12)
FN:312,(anonymous_13)
FN:324,(anonymous_14)
FN:337,(anonymous_15)
FN:360,(anonymous_16)
FNF:15
FNH:0
FNDA:0,ProfilePage
FNDA:0,(anonymous_3)
FNDA:0,(anonymous_4)
FNDA:0,(anonymous_5)
FNDA:0,(anonymous_6)
FNDA:0,(anonymous_7)
FNDA:0,(anonymous_8)
FNDA:0,(anonymous_9)
FNDA:0,(anonymous_10)
FNDA:0,(anonymous_11)
FNDA:0,(anonymous_12)
FNDA:0,(anonymous_13)
FNDA:0,(anonymous_14)
FNDA:0,(anonymous_15)
FNDA:0,(anonymous_16)
DA:3,0
DA:4,0
DA:5,0
DA:6,0
DA:13,0
DA:14,0
DA:15,0
DA:16,0
DA:17,0
DA:18,0
DA:19,0
DA:31,0
DA:32,0
DA:33,0
DA:34,0
DA:35,0
DA:36,0
DA:37,0
DA:40,0
DA:48,0
DA:49,0
DA:50,0
DA:51,0
DA:52,0
DA:53,0
DA:54,0
DA:56,0
DA:57,0
DA:60,0
DA:61,0
DA:62,0
DA:65,0
DA:66,0
DA:67,0
DA:70,0
DA:81,0
DA:83,0
DA:84,0
DA:85,0
DA:86,0
DA:88,0
DA:89,0
DA:95,0
DA:99,0
DA:102,0
DA:108,0
DA:112,0
DA:116,0
DA:118,0
DA:119,0
DA:120,0
DA:121,0
DA:122,0
DA:123,0
DA:126,0
DA:131,0
DA:139,0
DA:140,0
DA:141,0
DA:143,0
DA:146,0
DA:147,0
DA:148,0
DA:150,0
DA:156,0
DA:157,0
DA:158,0
DA:188,0
DA:195,0
DA:281,0
DA:313,0
DA:325,0
DA:337,0
DA:361,0
LF:74
LH:0
BRDA:65,0,0,0
BRDA:65,0,1,0
BRDA:65,1,0,0
BRDA:65,1,1,0
BRDA:70,2,0,0
BRDA:70,2,1,0
BRDA:81,3,0,0
BRDA:81,3,1,0
BRDA:81,4,0,0
BRDA:81,4,1,0
BRDA:88,5,0,0
BRDA:88,5,1,0
BRDA:91,6,0,0
BRDA:91,6,1,0
BRDA:118,7,0,0
BRDA:118,7,1,0
BRDA:120,8,0,0
BRDA:120,8,1,0
BRDA:122,9,0,0
BRDA:122,9,1,0
BRDA:140,10,0,0
BRDA:140,10,1,0
BRDA:147,11,0,0
BRDA:147,11,1,0
BRDA:147,12,0,0
BRDA:147,12,1,0
BRDA:157,13,0,0
BRDA:157,13,1,0
BRDA:188,14,0,0
BRDA:221,15,0,0
BRDA:228,16,0,0
BRDA:228,16,1,0
BRDA:239,17,0,0
BRDA:239,17,1,0
BRDA:245,18,0,0
BRDA:318,19,0,0
BRDA:328,20,0,0
BRDA:328,20,1,0
BRDA:333,21,0,0
BRDA:333,21,1,0
BRF:40
BRH:0
end_of_record
TN:
SF:app/support/page.tsx
FN:5,SupportPage
FNF:1
FNH:0
FNDA:0,SupportPage
DA:1,0
DA:2,0
DA:3,0
DA:5,0
LF:4
LH:0
BRF:0
BRH:0
end_of_record
TN:
SF:app/terms/page.tsx
FN:5,TermsPage
FNF:1
FNH:0
FNDA:0,TermsPage
DA:1,0
DA:2,0
DA:3,0
DA:5,0
LF:4
LH:0
BRF:0
BRH:0
end_of_record
TN:
SF:components/daily-news-dashboard.tsx
FN:337,AppSidebar
FN:399,(anonymous_6)
FN:426,(anonymous_7)
FN:451,(anonymous_8)
FN:456,(anonymous_9)
FN:482,(anonymous_10)
FN:513,(anonymous_11)
FN:529,Header
FN:534,(anonymous_13)
FN:538,(anonymous_14)
FN:554,(anonymous_15)
FN:555,(anonymous_16)
FN:555,(anonymous_17)
FN:625,ContentCard
FN:628,(anonymous_19)
FN:630,(anonymous_20)
FN:647,(anonymous_21)
FN:648,(anonymous_22)
FN:649,(anonymous_23)
FN:710,(anonymous_24)
FN:730,(anonymous_25)
FN:731,(anonymous_26)
FN:757,TopicManagementModal
FN:803,(anonymous_28)
FN:835,CreatorManagementModal
FN:862,(anonymous_30)
FN:865,(anonymous_31)
FN:872,(anonymous_32)
FN:908,(anonymous_33)
FN:913,(anonymous_34)
FN:936,(anonymous_35)
FN:1057,(anonymous_39)
FN:1062,(anonymous_40)
FN:1128,(anonymous_41)
FN:1148,ContentListItem
FN:1150,(anonymous_43)
FN:1152,(anonymous_44)
FN:1204,(anonymous_45)
FN:1205,(anonymous_46)
FN:1251,(anonymous_47)
FN:1270,MobileFiltersSheet
FN:1286,(anonymous_49)
FN:1303,(anonymous_50)
FN:1321,(anonymous_51)
FN:1339,(anonymous_52)
FN:1375,(anonymous_53)
FN:1379,(anonymous_54)
FN:1391,DailyNewsDashboard
FN:1394,(anonymous_56)
FN:1408,(anonymous_57)
FN:1413,(anonymous_58)
FN:1418,(anonymous_59)
FN:1423,(anonymous_60)
FN:1428,(anonymous_61)
FN:1456,(anonymous_62)
FN:1487,(anonymous_63)
FN:1499,(anonymous_64)
FN:1511,(anonymous_65)
FN:1537,(anonymous_66)
FN:1554,(anonymous_67)
FN:1569,(anonymous_68)
FN:1577,(anonymous_69)
FN:1583,(anonymous_70)
FNF:63
FNH:0
FNDA:0,AppSidebar
FNDA:0,(anonymous_6)
FNDA:0,(anonymous_7)
FNDA:0,(anonymous_8)
FNDA:0,(anonymous_9)
FNDA:0,(anonymous_10)
FNDA:0,(anonymous_11)
FNDA:0,Header
FNDA:0,(anonymous_13)
FNDA:0,(anonymous_14)
FNDA:0,(anonymous_15)
FNDA:0,(anonymous_16)
FNDA:0,(anonymous_17)
FNDA:0,ContentCard
FNDA:0,(anonymous_19)
FNDA:0,(anonymous_20)
FNDA:0,(anonymous_21)
FNDA:0,(anonymous_22)
FNDA:0,(anonymous_23)
FNDA:0,(anonymous_24)
FNDA:0,(anonymous_25)
FNDA:0,(anonymous_26)
FNDA:0,TopicManagementModal
FNDA:0,(anonymous_28)
FNDA:0,CreatorManagementModal
FNDA:0,(anonymous_30)
FNDA:0,(anonymous_31)
FNDA:0,(anonymous_32)
FNDA:0,(anonymous_33)
FNDA:0,(anonymous_34)
FNDA:0,(anonymous_35)
FNDA:0,(anonymous_39)
FNDA:0,(anonymous_40)
FNDA:0,(anonymous_41)
FNDA:0,ContentListItem
FNDA:0,(anonymous_43)
FNDA:0,(anonymous_44)
FNDA:0,(anonymous_45)
FNDA:0,(anonymous_46)
FNDA:0,(anonymous_47)
FNDA:0,MobileFiltersSheet
FNDA:0,(anonymous_49)
FNDA:0,(anonymous_50)
FNDA:0,(anonymous_51)
FNDA:0,(anonymous_52)
FNDA:0,(anonymous_53)
FNDA:0,(anonymous_54)
FNDA:0,DailyNewsDashboard
FNDA:0,(anonymous_56)
FNDA:0,(anonymous_57)
FNDA:0,(anonymous_58)
FNDA:0,(anonymous_59)
FNDA:0,(anonymous_60)
FNDA:0,(anonymous_61)
FNDA:0,(anonymous_62)
FNDA:0,(anonymous_63)
FNDA:0,(anonymous_64)
FNDA:0,(anonymous_65)
FNDA:0,(anonymous_66)
FNDA:0,(anonymous_67)
FNDA:0,(anonymous_68)
FNDA:0,(anonymous_69)
FNDA:0,(anonymous_70)
DA:3,0
DA:4,0
DA:5,0
DA:21,0
DA:31,0
DA:36,0
DA:44,0
DA:57,0
DA:58,0
DA:59,0
DA:60,0
DA:61,0
DA:62,0
DA:68,0
DA:69,0
DA:70,0
DA:71,0
DA:72,0
DA:73,0
DA:74,0
DA:75,0
DA:76,0
DA:77,0
DA:78,0
DA:79,0
DA:80,0
DA:102,0
DA:106,0
DA:114,0
DA:201,0
DA:260,0
DA:400,0
DA:427,0
DA:451,0
DA:456,0
DA:483,0
DA:513,0
DA:530,0
DA:531,0
DA:532,0
DA:534,0
DA:535,0
DA:536,0
DA:538,0
DA:554,0
DA:555,0
DA:626,0
DA:627,0
DA:628,0
DA:630,0
DA:631,0
DA:633,0
DA:635,0
DA:637,0
DA:639,0
DA:641,0
DA:645,0
DA:647,0
DA:648,0
DA:649,0
DA:652,0
DA:654,0
DA:710,0
DA:731,0
DA:732,0
DA:766,0
DA:803,0
DA:814,0
DA:844,0
DA:845,0
DA:846,0
DA:847,0
DA:850,0
DA:852,0
DA:862,0
DA:863,0
DA:864,0
DA:865,0
DA:868,0
DA:869,0
DA:872,0
DA:873,0
DA:876,0
DA:877,0
DA:879,0
DA:881,0
DA:882,0
DA:884,0
DA:885,0
DA:887,0
DA:888,0
DA:890,0
DA:891,0
DA:893,0
DA:894,0
DA:895,0
DA:897,0
DA:899,0
DA:902,0
DA:903,0
DA:908,0
DA:909,0
DA:910,0
DA:913,0
DA:914,0
DA:915,0
DA:916,0
DA:919,0
DA:921,0
DA:922,0
DA:935,0
DA:936,0
DA:937,0
DA:940,0
DA:942,0
DA:943,0
DA:944,0
DA:945,0
DA:946,0
DA:948,0
DA:949,0
DA:951,0
DA:1058,0
DA:1062,0
DA:1128,0
DA:1149,0
DA:1150,0
DA:1152,0
DA:1153,0
DA:1155,0
DA:1157,0
DA:1159,0
DA:1161,0
DA:1163,0
DA:1165,0
DA:1168,0
DA:1170,0
DA:1205,0
DA:1206,0
DA:1251,0
DA:1286,0
DA:1304,0
DA:1322,0
DA:1340,0
DA:1375,0
DA:1379,0
DA:1391,0
DA:1392,0
DA:1394,0
DA:1395,0
DA:1396,0
DA:1398,0
DA:1399,0
DA:1401,0
DA:1402,0
DA:1403,0
DA:1404,0
DA:1405,0
DA:1406,0
DA:1408,0
DA:1409,0
DA:1410,0
DA:1413,0
DA:1414,0
DA:1415,0
DA:1418,0
DA:1419,0
DA:1420,0
DA:1423,0
DA:1424,0
DA:1425,0
DA:1428,0
DA:1429,0
DA:1430,0
DA:1456,0
DA:1488,0
DA:1500,0
DA:1512,0
DA:1537,0
DA:1554,0
DA:1570,0
DA:1578,0
DA:1584,0
LF:183
LH:0
BRDA:491,0,0,0
BRDA:491,0,1,0
BRDA:499,1,0,0
BRDA:499,1,1,0
BRDA:503,2,0,0
BRDA:503,2,1,0
BRDA:535,3,0,0
BRDA:535,3,1,0
BRDA:535,4,0,0
BRDA:535,4,1,0
BRDA:557,5,0,0
BRDA:589,6,0,0
BRDA:589,6,1,0
BRDA:591,7,0,0
BRDA:591,7,1,0
BRDA:591,7,2,0
BRDA:600,8,0,0
BRDA:600,8,1,0
BRDA:631,9,0,0
BRDA:631,9,1,0
BRDA:631,9,2,0
BRDA:631,9,3,0
BRDA:631,9,4,0
BRDA:652,10,0,0
BRDA:652,10,1,0
BRDA:654,11,0,0
BRDA:654,11,1,0
BRDA:685,12,0,0
BRDA:685,12,1,0
BRDA:697,13,0,0
BRDA:697,13,1,0
BRDA:713,14,0,0
BRDA:713,14,1,0
BRDA:772,15,0,0
BRDA:772,15,1,0
BRDA:775,16,0,0
BRDA:775,16,1,0
BRDA:787,17,0,0
BRDA:787,17,1,0
BRDA:797,18,0,0
BRDA:797,18,1,0
BRDA:806,19,0,0
BRDA:806,19,1,0
BRDA:848,20,0,0
BRDA:848,20,1,0
BRDA:850,21,0,0
BRDA:850,21,1,0
BRDA:855,22,0,0
BRDA:855,22,1,0
BRDA:856,23,0,0
BRDA:856,23,1,0
BRDA:857,24,0,0
BRDA:857,24,1,0
BRDA:858,25,0,0
BRDA:858,25,1,0
BRDA:863,26,0,0
BRDA:863,26,1,0
BRDA:864,27,0,0
BRDA:864,27,1,0
BRDA:876,28,0,0
BRDA:876,28,1,0
BRDA:879,29,0,0
BRDA:879,29,1,0
BRDA:879,29,2,0
BRDA:879,29,3,0
BRDA:879,29,4,0
BRDA:881,30,0,0
BRDA:881,30,1,0
BRDA:881,30,2,0
BRDA:884,31,0,0
BRDA:884,31,1,0
BRDA:887,32,0,0
BRDA:887,32,1,0
BRDA:887,32,2,0
BRDA:890,33,0,0
BRDA:890,33,1,0
BRDA:902,34,0,0
BRDA:902,34,1,0
BRDA:914,35,0,0
BRDA:914,35,1,0
BRDA:930,36,0,0
BRDA:930,36,1,0
BRDA:931,37,0,0
BRDA:931,37,1,0
BRDA:935,38,0,0
BRDA:935,38,1,0
BRDA:937,39,0,0
BRDA:937,39,1,0
BRDA:948,40,0,0
BRDA:948,40,1,0
BRDA:960,41,0,0
BRDA:960,41,1,0
BRDA:963,42,0,0
BRDA:963,42,1,0
BRDA:996,43,0,0
BRDA:1090,44,0,0
BRDA:1090,44,1,0
BRDA:1107,45,0,0
BRDA:1107,45,1,0
BRDA:1109,46,0,0
BRDA:1109,46,1,0
BRDA:1121,47,0,0
BRDA:1133,48,0,0
BRDA:1133,48,1,0
BRDA:1136,49,0,0
BRDA:1137,50,0,0
BRDA:1137,50,1,0
BRDA:1137,51,0,0
BRDA:1137,51,1,0
BRDA:1153,52,0,0
BRDA:1153,52,1,0
BRDA:1155,53,0,0
BRDA:1155,53,1,0
BRDA:1155,53,2,0
BRDA:1155,53,3,0
BRDA:1155,53,4,0
BRDA:1170,54,0,0
BRDA:1170,54,1,0
BRDA:1178,55,0,0
BRDA:1178,55,1,0
BRDA:1254,56,0,0
BRDA:1254,56,1,0
BRDA:1345,57,0,0
BRDA:1345,57,1,0
BRDA:1536,58,0,0
BRDA:1536,58,1,0
BRDA:1553,59,0,0
BRDA:1553,59,1,0
BRDA:1576,60,0,0
BRF:129
BRH:0
end_of_record
TN:
SF:components/date-picker-with-range.tsx
FN:17,DatePickerWithRange
FNF:1
FNH:0
FNDA:0,DatePickerWithRange
DA:3,0
DA:4,0
DA:5,0
DA:8,0
DA:9,0
DA:10,0
DA:15,0
DA:17,0
DA:20,0
LF:9
LH:0
BRDA:34,0,0,0
BRDA:34,0,1,0
BRDA:39,1,0,0
BRDA:39,2,0,0
BRDA:39,2,1,0
BRF:5
BRH:0
end_of_record
TN:
SF:components/icons.tsx
FNF:0
FNH:0
DA:3,0
LF:1
LH:0
BRF:0
BRH:0
end_of_record
TN:
SF:components/session-debug.tsx
FN:13,SessionDebug
FN:22,(anonymous_5)
FN:36,(anonymous_6)
FNF:3
FNH:0
FNDA:0,SessionDebug
FNDA:0,(anonymous_5)
FNDA:0,(anonymous_6)
DA:3,0
DA:4,0
DA:5,0
DA:6,0
DA:7,0
DA:13,0
DA:16,0
DA:17,0
DA:20,0
DA:22,0
DA:23,0
DA:24,0
DA:25,0
DA:27,0
DA:28,0
DA:30,0
DA:31,0
DA:33,0
DA:36,0
DA:37,0
DA:148,0
LF:21
LH:0
BRDA:14,0,0,0
BRDA:20,1,0,0
BRDA:20,1,1,0
BRDA:27,2,0,0
BRDA:27,2,1,0
BRDA:30,3,0,0
BRDA:30,3,1,0
BRDA:56,4,0,0
BRDA:56,4,1,0
BRDA:58,5,0,0
BRDA:58,5,1,0
BRDA:64,6,0,0
BRDA:74,7,0,0
BRDA:74,7,1,0
BRDA:78,8,0,0
BRDA:92,9,0,0
BRDA:92,9,1,0
BRDA:104,10,0,0
BRDA:104,10,1,0
BRDA:111,11,0,0
BRDA:118,12,0,0
BRDA:118,12,1,0
BRDA:126,13,0,0
BRDA:129,14,0,0
BRF:24
BRH:0
end_of_record
TN:
SF:components/theme-provider.tsx
FN:9,ThemeProvider
FNF:1
FNH:0
FNDA:0,ThemeProvider
DA:3,0
DA:7,0
DA:9,0
LF:3
LH:0
BRF:0
BRH:0
end_of_record
TN:
SF:components/creators/creator-list-view.tsx
FN:49,useCreatorList
FN:64,(anonymous_2)
FN:73,(anonymous_3)
FN:105,(anonymous_4)
FN:109,(anonymous_5)
FN:110,(anonymous_6)
FN:114,(anonymous_7)
FN:119,(anonymous_8)
FN:120,(anonymous_9)
FN:131,(anonymous_10)
FN:133,(anonymous_11)
FN:155,CreatorSearch
FN:169,(anonymous_13)
FN:170,(anonymous_14)
FN:174,(anonymous_15)
FN:177,(anonymous_16)
FN:187,(anonymous_17)
FN:196,CreatorFilters
FN:236,(anonymous_19)
FN:239,(anonymous_20)
FN:242,(anonymous_21)
FN:260,(anonymous_22)
FN:263,(anonymous_23)
FN:266,(anonymous_24)
FN:284,(anonymous_25)
FN:287,(anonymous_26)
FN:290,(anonymous_27)
FN:307,CreatorTable
FN:324,(anonymous_29)
FN:340,(anonymous_30)
FN:353,(anonymous_31)
FN:364,(anonymous_32)
FN:371,(anonymous_33)
FN:401,(anonymous_34)
FN:441,CreatorCards
FN:452,(anonymous_36)
FN:459,(anonymous_37)
FN:487,(anonymous_38)
FN:503,CreatorListView
FN:521,(anonymous_40)
FN:522,(anonymous_41)
FN:525,(anonymous_42)
FN:528,(anonymous_43)
FN:533,(anonymous_44)
FN:545,(anonymous_45)
FN:573,(anonymous_46)
FN:643,(anonymous_47)
FN:648,(anonymous_48)
FN:653,(anonymous_49)
FN:665,(anonymous_50)
FNF:50
FNH:34
FNDA:70,useCreatorList
FNDA:27,(anonymous_2)
FNDA:137,(anonymous_3)
FNDA:26,(anonymous_4)
FNDA:5,(anonymous_5)
FNDA:5,(anonymous_6)
FNDA:0,(anonymous_7)
FNDA:1,(anonymous_8)
FNDA:1,(anonymous_9)
FNDA:0,(anonymous_10)
FNDA:0,(anonymous_11)
FNDA:50,CreatorSearch
FNDA:47,(anonymous_13)
FNDA:4,(anonymous_14)
FNDA:47,(anonymous_15)
FNDA:34,(anonymous_16)
FNDA:4,(anonymous_17)
FNDA:43,CreatorFilters
FNDA:0,(anonymous_19)
FNDA:215,(anonymous_20)
FNDA:0,(anonymous_21)
FNDA:0,(anonymous_22)
FNDA:215,(anonymous_23)
FNDA:0,(anonymous_24)
FNDA:0,(anonymous_25)
FNDA:0,(anonymous_26)
FNDA:0,(anonymous_27)
FNDA:12,CreatorTable
FNDA:12,(anonymous_29)
FNDA:0,(anonymous_30)
FNDA:0,(anonymous_31)
FNDA:24,(anonymous_32)
FNDA:0,(anonymous_33)
FNDA:48,(anonymous_34)
FNDA:4,CreatorCards
FNDA:8,(anonymous_36)
FNDA:1,(anonymous_37)
FNDA:16,(anonymous_38)
FNDA:70,CreatorListView
FNDA:24,(anonymous_40)
FNDA:24,(anonymous_41)
FNDA:24,(anonymous_42)
FNDA:0,(anonymous_43)
FNDA:1,(anonymous_44)
FNDA:125,(anonymous_45)
FNDA:4,(anonymous_46)
FNDA:0,(anonymous_47)
FNDA:15,(anonymous_48)
FNDA:0,(anonymous_49)
FNDA:1,(anonymous_50)
DA:3,2
DA:4,2
DA:6,2
DA:7,2
DA:8,2
DA:9,2
DA:10,2
DA:11,2
DA:12,2
DA:20,2
DA:28,2
DA:34,2
DA:35,2
DA:36,2
DA:37,2
DA:40,2
DA:50,70
DA:51,70
DA:52,70
DA:53,70
DA:54,70
DA:55,70
DA:56,70
DA:62,70
DA:64,70
DA:65,27
DA:67,27
DA:68,27
DA:70,27
DA:71,27
DA:73,27
DA:74,137
DA:75,136
DA:79,27
DA:86,25
DA:87,0
DA:90,25
DA:91,25
DA:92,25
DA:99,2
DA:101,27
DA:105,70
DA:106,26
DA:109,70
DA:110,5
DA:111,5
DA:114,70
DA:115,0
DA:116,0
DA:119,70
DA:120,1
DA:121,1
DA:122,1
DA:123,1
DA:125,0
DA:127,1
DA:131,70
DA:132,0
DA:133,0
DA:135,0
DA:139,70
DA:166,50
DA:169,50
DA:170,47
DA:171,4
DA:174,47
DA:177,50
DA:178,34
DA:187,4
DA:205,43
DA:213,43
DA:221,43
DA:236,0
DA:240,215
DA:242,0
DA:260,0
DA:264,215
DA:266,0
DA:284,0
DA:287,0
DA:290,0
DA:324,12
DA:340,0
DA:353,0
DA:365,24
DA:366,24
DA:371,0
DA:402,48
DA:453,8
DA:454,8
DA:459,1
DA:488,16
DA:503,24
DA:516,70
DA:518,70
DA:521,70
DA:522,24
DA:523,24
DA:524,24
DA:525,24
DA:528,70
DA:529,0
DA:530,0
DA:533,70
DA:534,1
DA:537,70
DA:546,125
DA:553,45
DA:573,4
DA:643,0
DA:649,15
DA:650,15
DA:653,0
DA:665,1
LF:114
LH:93
BRDA:49,0,0,70
BRDA:65,1,0,0
BRDA:65,1,1,27
BRDA:65,2,0,27
BRDA:65,2,1,27
BRDA:74,3,0,136
BRDA:74,3,1,1
BRDA:74,4,0,137
BRDA:74,4,1,137
BRDA:74,4,2,137
BRDA:86,5,0,0
BRDA:86,5,1,25
BRDA:99,6,0,2
BRDA:99,6,1,0
BRDA:122,7,0,1
BRDA:122,7,1,0
BRDA:132,8,0,0
BRDA:132,8,1,0
BRDA:158,9,0,50
BRDA:221,10,0,43
BRDA:221,10,1,43
BRDA:221,10,2,43
BRDA:231,11,0,43
BRDA:255,12,0,43
BRDA:279,13,0,43
BRDA:297,14,0,43
BRDA:324,15,0,12
BRDA:324,15,1,12
BRDA:344,16,0,12
BRDA:345,17,0,0
BRDA:345,17,1,0
BRDA:357,18,0,12
BRDA:358,19,0,0
BRDA:358,19,1,12
BRDA:385,20,0,24
BRDA:406,21,0,24
BRDA:406,21,1,24
BRDA:418,22,0,12
BRDA:418,22,1,12
BRDA:422,23,0,12
BRDA:422,23,1,12
BRDA:476,24,0,4
BRDA:476,24,1,4
BRDA:481,25,0,8
BRDA:529,26,0,0
BRDA:529,26,1,0
BRDA:529,27,0,0
BRDA:529,27,1,0
BRDA:537,28,0,25
BRDA:537,28,1,45
BRDA:537,29,0,70
BRDA:537,29,1,27
BRDA:553,30,0,2
BRDA:553,30,1,43
BRDA:572,31,0,43
BRDA:572,31,1,40
BRDA:586,32,0,43
BRDA:594,33,0,43
BRDA:613,34,0,43
BRDA:616,35,0,4
BRDA:636,36,0,43
BRDA:640,37,0,5
BRDA:662,38,0,5
BRF:63
BRH:50
end_of_record
TN:
SF:components/profile/account-deletion.tsx
FN:23,AccountDeletion
FN:30,(anonymous_2)
FN:113,(anonymous_3)
FNF:3
FNH:0
FNDA:0,AccountDeletion
FNDA:0,(anonymous_2)
FNDA:0,(anonymous_3)
DA:3,0
DA:4,0
DA:15,0
DA:16,0
DA:17,0
DA:18,0
DA:19,0
DA:20,0
DA:21,0
DA:23,0
DA:24,0
DA:25,0
DA:26,0
DA:27,0
DA:28,0
DA:30,0
DA:31,0
DA:32,0
DA:37,0
DA:40,0
DA:41,0
DA:43,0
DA:54,0
DA:56,0
DA:57,0
DA:61,0
DA:69,0
DA:72,0
DA:74,0
DA:75,0
DA:84,0
DA:113,0
LF:32
LH:0
BRDA:31,0,0,0
BRDA:31,0,1,0
BRDA:56,1,0,0
BRDA:56,1,1,0
BRDA:57,2,0,0
BRDA:57,2,1,0
BRDA:57,2,2,0
BRDA:64,3,0,0
BRDA:64,3,1,0
BRDA:78,4,0,0
BRDA:78,4,1,0
BRDA:123,5,0,0
BRDA:123,5,1,0
BRDA:126,6,0,0
BRDA:126,6,1,0
BRF:15
BRH:0
end_of_record
TN:
SF:components/profile/avatar-upload.tsx
FN:17,AvatarUpload
FN:28,(anonymous_2)
FN:58,(anonymous_3)
FN:158,(anonymous_4)
FN:222,(anonymous_5)
FNF:5
FNH:0
FNDA:0,AvatarUpload
FNDA:0,(anonymous_2)
FNDA:0,(anonymous_3)
FNDA:0,(anonymous_4)
FNDA:0,(anonymous_5)
DA:3,0
DA:4,0
DA:5,0
DA:6,0
DA:7,0
DA:8,0
DA:9,0
DA:17,0
DA:22,0
DA:23,0
DA:24,0
DA:25,0
DA:26,0
DA:28,0
DA:31,0
DA:32,0
DA:35,0
DA:36,0
DA:41,0
DA:45,0
DA:46,0
DA:51,0
DA:55,0
DA:58,0
DA:59,0
DA:60,0
DA:65,0
DA:68,0
DA:69,0
DA:71,0
DA:72,0
DA:73,0
DA:75,0
DA:78,0
DA:85,0
DA:86,0
DA:87,0
DA:90,0
DA:95,0
DA:97,0
DA:100,0
DA:101,0
DA:102,0
DA:103,0
DA:104,0
DA:108,0
DA:109,0
DA:113,0
DA:118,0
DA:121,0
DA:122,0
DA:125,0
DA:130,0
DA:133,0
DA:135,0
DA:136,0
DA:138,0
DA:139,0
DA:140,0
DA:141,0
DA:143,0
DA:144,0
DA:148,0
DA:154,0
DA:158,0
DA:159,0
DA:161,0
DA:162,0
DA:163,0
DA:164,0
DA:165,0
DA:169,0
DA:170,0
DA:171,0
DA:175,0
DA:177,0
DA:182,0
DA:183,0
DA:189,0
DA:222,0
LF:80
LH:0
BRDA:32,0,0,0
BRDA:32,0,1,0
BRDA:35,1,0,0
BRDA:35,1,1,0
BRDA:45,2,0,0
BRDA:45,2,1,0
BRDA:59,3,0,0
BRDA:59,3,1,0
BRDA:85,4,0,0
BRDA:85,4,1,0
BRDA:100,5,0,0
BRDA:100,5,1,0
BRDA:103,6,0,0
BRDA:103,6,1,0
BRDA:103,7,0,0
BRDA:103,7,1,0
BRDA:108,8,0,0
BRDA:108,8,1,0
BRDA:121,9,0,0
BRDA:121,9,1,0
BRDA:135,10,0,0
BRDA:135,10,1,0
BRDA:138,11,0,0
BRDA:138,11,1,0
BRDA:140,12,0,0
BRDA:140,12,1,0
BRDA:143,13,0,0
BRDA:143,13,1,0
BRDA:159,14,0,0
BRDA:159,14,1,0
BRDA:159,15,0,0
BRDA:159,15,1,0
BRDA:164,16,0,0
BRDA:164,16,1,0
BRDA:169,17,0,0
BRDA:169,17,1,0
BRDA:203,18,0,0
BRDA:227,19,0,0
BRDA:227,19,1,0
BRDA:230,20,0,0
BRF:40
BRH:0
end_of_record
TN:
SF:components/profile/gdpr-consent-management.tsx
FN:41,GdprConsentManagement
FN:56,(anonymous_2)
FN:60,(anonymous_3)
FN:90,(anonymous_4)
FN:141,(anonymous_5)
FN:146,(anonymous_6)
FN:157,(anonymous_7)
FN:261,(anonymous_8)
FN:285,(anonymous_9)
FN:309,(anonymous_10)
FN:346,(anonymous_11)
FNF:11
FNH:0
FNDA:0,GdprConsentManagement
FNDA:0,(anonymous_2)
FNDA:0,(anonymous_3)
FNDA:0,(anonymous_4)
FNDA:0,(anonymous_5)
FNDA:0,(anonymous_6)
FNDA:0,(anonymous_7)
FNDA:0,(anonymous_8)
FNDA:0,(anonymous_9)
FNDA:0,(anonymous_10)
FNDA:0,(anonymous_11)
DA:3,0
DA:4,0
DA:5,0
DA:6,0
DA:13,0
DA:14,0
DA:15,0
DA:16,0
DA:17,0
DA:41,0
DA:42,0
DA:46,0
DA:51,0
DA:52,0
DA:53,0
DA:56,0
DA:57,0
DA:60,0
DA:61,0
DA:62,0
DA:64,0
DA:65,0
DA:68,0
DA:69,0
DA:72,0
DA:73,0
DA:79,0
DA:80,0
DA:86,0
DA:90,0
DA:91,0
DA:92,0
DA:93,0
DA:109,0
DA:110,0
DA:111,0
DA:114,0
DA:116,0
DA:122,0
DA:124,0
DA:125,0
DA:135,0
DA:137,0
DA:141,0
DA:146,0
DA:153,0
DA:154,0
DA:157,0
DA:158,0
DA:159,0
DA:168,0
DA:262,0
DA:286,0
DA:310,0
DA:347,0
LF:55
LH:0
BRDA:64,0,0,0
BRDA:64,0,1,0
BRDA:72,1,0,0
BRDA:72,1,1,0
BRDA:74,2,0,0
BRDA:74,2,1,0
BRDA:75,3,0,0
BRDA:75,3,1,0
BRDA:76,4,0,0
BRDA:76,4,1,0
BRDA:104,5,0,0
BRDA:104,5,1,0
BRDA:109,6,0,0
BRDA:109,6,1,0
BRDA:111,7,0,0
BRDA:111,7,1,0
BRDA:128,8,0,0
BRDA:128,8,1,0
BRDA:153,9,0,0
BRDA:153,9,1,0
BRDA:158,10,0,0
BRDA:158,10,1,0
BRDA:168,11,0,0
BRDA:168,11,1,0
BRDA:207,12,0,0
BRDA:207,12,1,0
BRDA:213,13,0,0
BRDA:228,14,0,0
BRDA:228,14,1,0
BRDA:232,15,0,0
BRDA:232,15,1,0
BRDA:337,16,0,0
BRDA:337,16,1,0
BRDA:371,17,0,0
BRDA:371,17,1,0
BRF:35
BRH:0
end_of_record
TN:
SF:components/profile/profile-data-export.tsx
FN:9,ProfileDataExport
FN:15,(anonymous_2)
FNF:2
FNH:0
FNDA:0,ProfileDataExport
FNDA:0,(anonymous_2)
DA:3,0
DA:4,0
DA:5,0
DA:6,0
DA:7,0
DA:9,0
DA:10,0
DA:11,0
DA:12,0
DA:13,0
DA:15,0
DA:16,0
DA:18,0
DA:19,0
DA:21,0
DA:28,0
DA:29,0
DA:30,0
DA:34,0
DA:37,0
DA:38,0
DA:40,0
DA:41,0
DA:42,0
DA:43,0
DA:48,0
DA:49,0
DA:50,0
DA:51,0
DA:52,0
DA:53,0
DA:54,0
DA:55,0
DA:57,0
DA:63,0
DA:64,0
DA:73,0
LF:37
LH:0
BRDA:16,0,0,0
BRDA:16,0,1,0
BRDA:16,1,0,0
BRDA:16,1,1,0
BRDA:28,2,0,0
BRDA:28,2,1,0
BRDA:30,3,0,0
BRDA:30,3,1,0
BRDA:40,4,0,0
BRDA:40,4,1,0
BRDA:42,5,0,0
BRDA:42,5,1,0
BRDA:67,6,0,0
BRDA:67,6,1,0
BRDA:85,7,0,0
BRDA:85,7,1,0
BRF:16
BRH:0
end_of_record
TN:
SF:components/profile/profile-edit-form.tsx
FN:33,ProfileEditForm
FN:47,(anonymous_5)
FNF:2
FNH:0
FNDA:0,ProfileEditForm
FNDA:0,(anonymous_5)
DA:3,0
DA:4,0
DA:5,0
DA:13,0
DA:14,0
DA:15,0
DA:16,0
DA:19,0
DA:33,0
DA:39,0
DA:47,0
DA:48,0
LF:12
LH:0
BRDA:42,0,0,0
BRDA:42,0,1,0
BRDA:43,1,0,0
BRDA:43,1,1,0
BRDA:85,2,0,0
BRDA:85,2,1,0
BRF:6
BRH:0
end_of_record
TN:
SF:components/ui/accordion.tsx
FNF:0
FNH:0
DA:3,0
DA:4,0
DA:5,0
DA:7,0
DA:9,0
DA:21,0
DA:41,0
DA:56,0
DA:58,0
LF:9
LH:0
BRF:0
BRH:0
end_of_record
TN:
SF:components/ui/alert-dialog.tsx
FNF:0
FNH:0
DA:3,0
DA:4,0
DA:6,0
DA:7,0
DA:9,0
DA:11,0
DA:13,0
DA:28,0
DA:46,0
DA:60,0
DA:74,0
DA:86,0
DA:98,0
DA:111,0
DA:127,0
DA:130,0
DA:131,0
DA:132,0
DA:133,0
DA:134,0
DA:135,0
DA:136,0
DA:137,0
DA:138,0
DA:139,0
DA:140,0
LF:26
LH:0
BRF:0
BRH:0
end_of_record
TN:
SF:components/ui/alert.tsx
FNF:0
FNH:0
DA:1,0
DA:2,0
DA:4,0
DA:6,0
DA:33,0
DA:45,0
DA:57,0
DA:59,0
LF:8
LH:0
BRF:0
BRH:0
end_of_record
TN:
SF:components/ui/aspect-ratio.tsx
FNF:0
FNH:0
DA:3,0
DA:5,0
DA:7,0
LF:3
LH:0
BRF:0
BRH:0
end_of_record
TN:
SF:components/ui/avatar.tsx
FNF:0
FNH:0
DA:3,2
DA:4,2
DA:6,2
DA:21,2
DA:33,2
DA:48,2
DA:50,32
LF:7
LH:7
BRF:0
BRH:0
end_of_record
TN:
SF:components/ui/badge.tsx
FN:30,Badge
FNF:1
FNH:1
FNDA:64,Badge
DA:1,2
DA:2,2
DA:4,2
DA:6,2
DA:36,64
LF:5
LH:5
BRF:0
BRH:0
end_of_record
TN:
SF:components/ui/breadcrumb.tsx
FN:47,(anonymous_14)
FNF:1
FNH:0
FNDA:0,(anonymous_14)
DA:1,0
DA:2,0
DA:3,0
DA:5,0
DA:13,0
DA:28,0
DA:40,0
DA:42,0
DA:48,0
DA:58,0
DA:73,0
DA:89,0
DA:105,0
DA:108,0
DA:109,0
DA:110,0
DA:111,0
DA:112,0
DA:113,0
DA:114,0
LF:20
LH:0
BRDA:48,0,0,0
BRDA:48,0,1,0
BRDA:86,1,0,0
BRDA:86,1,1,0
BRF:4
BRH:0
end_of_record
TN:
SF:components/ui/button.tsx
FN:43,(anonymous_6)
FNF:1
FNH:1
FNDA:160,(anonymous_6)
DA:1,2
DA:2,2
DA:3,2
DA:5,2
DA:7,2
DA:42,2
DA:44,160
DA:54,2
DA:56,133
LF:9
LH:9
BRDA:43,0,0,160
BRDA:44,1,0,0
BRDA:44,1,1,160
BRF:3
BRH:2
end_of_record
TN:
SF:components/ui/calendar.tsx
FN:12,Calendar
FN:57,(anonymous_5)
FNF:2
FNH:0
FNDA:0,Calendar
FNDA:0,(anonymous_5)
DA:3,0
DA:4,0
DA:5,0
DA:7,0
DA:8,0
DA:58,0
DA:68,0
DA:70,0
LF:8
LH:0
BRDA:15,0,0,0
BRDA:58,1,0,0
BRDA:58,1,1,0
BRF:3
BRH:0
end_of_record
TN:
SF:components/ui/card.tsx
FNF:0
FNH:0
DA:1,2
DA:3,2
DA:18,2
DA:30,2
DA:45,2
DA:57,2
DA:65,2
DA:77,2
DA:80,8
DA:81,0
DA:82,0
DA:83,0
DA:84,0
DA:85,0
LF:14
LH:9
BRF:0
BRH:0
end_of_record
TN:
SF:components/ui/carousel.tsx
FN:35,useCarousel
FN:49,(anonymous_11)
FN:71,(anonymous_12)
FN:80,(anonymous_13)
FN:84,(anonymous_14)
FN:89,(anonymous_15)
FN:101,(anonymous_16)
FN:109,(anonymous_17)
FN:118,(anonymous_18)
FN:156,(anonymous_19)
FN:178,(anonymous_20)
FN:200,(anonymous_21)
FN:229,(anonymous_22)
FNF:13
FNH:0
FNDA:0,useCarousel
FNDA:0,(anonymous_11)
FNDA:0,(anonymous_12)
FNDA:0,(anonymous_13)
FNDA:0,(anonymous_14)
FNDA:0,(anonymous_15)
FNDA:0,(anonymous_16)
FNDA:0,(anonymous_17)
FNDA:0,(anonymous_18)
FNDA:0,(anonymous_19)
FNDA:0,(anonymous_20)
FNDA:0,(anonymous_21)
FNDA:0,(anonymous_22)
DA:3,0
DA:6,0
DA:7,0
DA:9,0
DA:10,0
DA:33,0
DA:36,0
DA:38,0
DA:39,0
DA:42,0
DA:45,0
DA:61,0
DA:68,0
DA:69,0
DA:71,0
DA:72,0
DA:73,0
DA:76,0
DA:77,0
DA:80,0
DA:81,0
DA:84,0
DA:85,0
DA:88,0
DA:90,0
DA:91,0
DA:92,0
DA:93,0
DA:94,0
DA:95,0
DA:101,0
DA:102,0
DA:103,0
DA:106,0
DA:109,0
DA:110,0
DA:111,0
DA:114,0
DA:115,0
DA:116,0
DA:118,0
DA:119,0
DA:151,0
DA:153,0
DA:157,0
DA:173,0
DA:175,0
DA:179,0
DA:195,0
DA:197,0
DA:201,0
DA:224,0
DA:226,0
DA:230,0
DA:253,0
DA:257,0
DA:258,0
DA:259,0
DA:260,0
DA:261,0
LF:60
LH:0
BRDA:38,0,0,0
BRDA:38,0,1,0
BRDA:51,1,0,0
BRDA:64,2,0,0
BRDA:64,2,1,0
BRDA:72,3,0,0
BRDA:72,3,1,0
BRDA:90,4,0,0
BRDA:90,4,1,0
BRDA:93,5,0,0
BRDA:93,5,1,0
BRDA:102,6,0,0
BRDA:102,6,1,0
BRDA:102,7,0,0
BRDA:102,7,1,0
BRDA:110,8,0,0
BRDA:110,8,1,0
BRDA:130,9,0,0
BRDA:130,9,1,0
BRDA:130,10,0,0
BRDA:130,10,1,0
BRDA:165,11,0,0
BRDA:165,11,1,0
BRDA:188,12,0,0
BRDA:188,12,1,0
BRDA:200,13,0,0
BRDA:200,14,0,0
BRDA:210,15,0,0
BRDA:210,15,1,0
BRDA:229,16,0,0
BRDA:229,17,0,0
BRDA:239,18,0,0
BRDA:239,18,1,0
BRF:33
BRH:0
end_of_record
TN:
SF:components/ui/chart.tsx
FN:27,useChart
FN:45,(anonymous_11)
FN:70,(anonymous_12)
FN:72,(anonymous_13)
FN:84,(anonymous_14)
FN:87,(anonymous_15)
FN:116,(anonymous_16)
FN:136,(anonymous_17)
FN:188,(anonymous_18)
FN:269,(anonymous_19)
FN:288,(anonymous_20)
FN:320,getPayloadConfigFromPayload
FNF:12
FNH:0
FNDA:0,useChart
FNDA:0,(anonymous_11)
FNDA:0,(anonymous_12)
FNDA:0,(anonymous_13)
FNDA:0,(anonymous_14)
FNDA:0,(anonymous_15)
FNDA:0,(anonymous_16)
FNDA:0,(anonymous_17)
FNDA:0,(anonymous_18)
FNDA:0,(anonymous_19)
FNDA:0,(anonymous_20)
FNDA:0,getPayloadConfigFromPayload
DA:3,0
DA:4,0
DA:6,0
DA:9,0
DA:25,0
DA:28,0
DA:30,0
DA:31,0
DA:34,0
DA:37,0
DA:46,0
DA:47,0
DA:68,0
DA:70,0
DA:71,0
DA:72,0
DA:75,0
DA:76,0
DA:84,0
DA:89,0
DA:91,0
DA:103,0
DA:105,0
DA:134,0
DA:136,0
DA:137,0
DA:138,0
DA:141,0
DA:142,0
DA:143,0
DA:145,0
DA:149,0
DA:157,0
DA:158,0
DA:172,0
DA:173,0
DA:176,0
DA:189,0
DA:190,0
DA:191,0
DA:193,0
DA:257,0
DA:259,0
DA:261,0
DA:273,0
DA:275,0
DA:276,0
DA:289,0
DA:290,0
DA:292,0
DA:317,0
DA:325,0
DA:326,0
DA:330,0
DA:336,0
DA:338,0
DA:342,0
DA:343,0
DA:348,0
DA:353,0
DA:359,0
DA:360,0
DA:361,0
DA:362,0
DA:363,0
DA:364,0
LF:66
LH:0
BRDA:30,0,0,0
BRDA:30,0,1,0
BRDA:47,1,0,0
BRDA:47,1,1,0
BRDA:72,2,0,0
BRDA:72,2,1,0
BRDA:75,3,0,0
BRDA:75,3,1,0
BRDA:89,4,0,0
BRDA:89,4,1,0
BRDA:91,5,0,0
BRDA:91,5,1,0
BRDA:121,6,0,0
BRDA:122,7,0,0
BRDA:123,8,0,0
BRDA:137,9,0,0
BRDA:137,9,1,0
BRDA:137,10,0,0
BRDA:137,10,1,0
BRDA:142,11,0,0
BRDA:142,11,1,0
BRDA:142,11,2,0
BRDA:142,11,3,0
BRDA:145,12,0,0
BRDA:145,12,1,0
BRDA:145,13,0,0
BRDA:145,13,1,0
BRDA:146,14,0,0
BRDA:146,14,1,0
BRDA:149,15,0,0
BRDA:149,15,1,0
BRDA:157,16,0,0
BRDA:157,16,1,0
BRDA:172,17,0,0
BRDA:172,17,1,0
BRDA:172,18,0,0
BRDA:172,18,1,0
BRDA:176,19,0,0
BRDA:176,19,1,0
BRDA:186,20,0,0
BRDA:186,20,1,0
BRDA:189,21,0,0
BRDA:189,21,1,0
BRDA:189,21,2,0
BRDA:189,21,3,0
BRDA:191,22,0,0
BRDA:191,22,1,0
BRDA:191,22,2,0
BRDA:198,23,0,0
BRDA:198,23,1,0
BRDA:202,24,0,0
BRDA:201,25,0,0
BRDA:201,25,1,0
BRDA:201,25,2,0
BRDA:206,26,0,0
BRDA:208,27,0,0
BRDA:217,28,0,0
BRDA:217,28,1,0
BRDA:232,29,0,0
BRDA:232,29,1,0
BRDA:236,30,0,0
BRDA:236,30,1,0
BRDA:238,31,0,0
BRDA:238,31,1,0
BRDA:241,32,0,0
BRDA:270,33,0,0
BRDA:270,34,0,0
BRDA:275,35,0,0
BRDA:275,35,1,0
BRDA:284,36,0,0
BRDA:284,36,1,0
BRDA:289,37,0,0
BRDA:289,37,1,0
BRDA:289,37,2,0
BRDA:300,38,0,0
BRDA:299,39,0,0
BRDA:299,39,1,0
BRDA:325,40,0,0
BRDA:325,40,1,0
BRDA:325,41,0,0
BRDA:325,41,1,0
BRDA:330,42,0,0
BRDA:330,42,1,0
BRDA:330,43,0,0
BRDA:330,43,1,0
BRDA:330,43,2,0
BRDA:338,44,0,0
BRDA:338,44,1,0
BRDA:339,45,0,0
BRDA:339,45,1,0
BRDA:343,46,0,0
BRDA:343,46,1,0
BRDA:344,47,0,0
BRDA:344,47,1,0
BRDA:344,47,2,0
BRDA:353,48,0,0
BRDA:353,48,1,0
BRF:97
BRH:0
end_of_record
TN:
SF:components/ui/checkbox.tsx
FNF:0
FNH:0
DA:3,2
DA:4,2
DA:5,2
DA:7,2
DA:28,2
DA:30,44
LF:6
LH:6
BRF:0
BRH:0
end_of_record
TN:
SF:components/ui/collapsible.tsx
FNF:0
FNH:0
DA:3,0
DA:5,0
DA:7,0
DA:9,0
DA:11,0
LF:5
LH:0
BRF:0
BRH:0
end_of_record
TN:
SF:components/ui/command.tsx
FN:26,(anonymous_14)
FN:127,(anonymous_21)
FNF:2
FNH:0
FNDA:0,(anonymous_14)
FNDA:0,(anonymous_21)
DA:3,0
DA:5,0
DA:6,0
DA:8,0
DA:9,0
DA:24,0
DA:26,0
DA:55,0
DA:68,0
DA:81,0
DA:97,0
DA:109,0
DA:125,0
DA:127,0
DA:141,0
DA:144,0
DA:145,0
DA:146,0
DA:147,0
DA:148,0
DA:149,0
DA:150,0
DA:151,0
DA:152,0
LF:24
LH:0
BRF:0
BRH:0
end_of_record
TN:
SF:components/ui/context-menu.tsx
FN:168,(anonymous_27)
FNF:1
FNH:0
FNDA:0,(anonymous_27)
DA:3,0
DA:4,0
DA:5,0
DA:7,0
DA:9,0
DA:11,0
DA:13,0
DA:15,0
DA:17,0
DA:19,0
DA:40,0
DA:55,0
DA:72,0
DA:90,0
DA:113,0
DA:136,0
DA:154,0
DA:166,0
DA:168,0
DA:182,0
DA:185,0
DA:186,0
DA:187,0
DA:188,0
DA:189,0
DA:190,0
DA:191,0
DA:192,0
DA:193,0
DA:194,0
DA:195,0
DA:196,0
DA:197,0
DA:198,0
DA:199,0
LF:35
LH:0
BRDA:31,0,0,0
BRDA:31,0,1,0
BRDA:84,1,0,0
BRDA:84,1,1,0
BRDA:148,2,0,0
BRDA:148,2,1,0
BRF:6
BRH:0
end_of_record
TN:
SF:components/ui/dialog.tsx
FNF:0
FNH:0
DA:3,0
DA:4,0
DA:5,0
DA:7,0
DA:9,0
DA:11,0
DA:13,0
DA:15,0
DA:30,0
DA:54,0
DA:68,0
DA:82,0
DA:97,0
DA:109,0
DA:112,0
DA:113,0
DA:114,0
DA:115,0
DA:116,0
DA:117,0
DA:118,0
DA:119,0
DA:120,0
DA:121,0
LF:24
LH:0
BRF:0
BRH:0
end_of_record
TN:
SF:components/ui/drawer.tsx
FNF:0
FNH:0
DA:3,0
DA:4,0
DA:6,0
DA:17,0
DA:19,0
DA:21,0
DA:23,0
DA:35,0
DA:56,0
DA:67,0
DA:78,0
DA:93,0
DA:105,0
DA:108,0
DA:109,0
DA:110,0
DA:111,0
DA:112,0
DA:113,0
DA:114,0
DA:115,0
DA:116,0
DA:117,0
LF:23
LH:0
BRDA:9,0,0,0
BRF:1
BRH:0
end_of_record
TN:
SF:components/ui/dropdown-menu.tsx
FN:171,(anonymous_27)
FNF:1
FNH:0
FNDA:0,(anonymous_27)
DA:3,2
DA:4,2
DA:5,2
DA:7,2
DA:9,2
DA:11,2
DA:13,2
DA:15,2
DA:17,2
DA:19,2
DA:40,2
DA:56,2
DA:75,2
DA:93,2
DA:116,2
DA:139,2
DA:157,2
DA:169,2
DA:171,2
DA:182,2
DA:185,129
DA:186,129
DA:187,129
DA:188,645
DA:189,0
DA:190,0
DA:191,0
DA:192,0
DA:193,0
DA:194,0
DA:195,0
DA:196,0
DA:197,0
DA:198,0
DA:199,0
LF:35
LH:24
BRDA:31,0,0,0
BRDA:31,0,1,0
BRDA:62,1,0,129
BRDA:87,2,0,0
BRDA:87,2,1,0
BRDA:151,3,0,0
BRDA:151,3,1,0
BRF:7
BRH:1
end_of_record
TN:
SF:components/ui/form.tsx
FN:31,(anonymous_12)
FN:44,(anonymous_13)
FN:78,(anonymous_14)
FN:92,(anonymous_15)
FN:109,(anonymous_16)
FN:132,(anonymous_17)
FN:149,(anonymous_18)
FNF:7
FNH:0
FNDA:0,(anonymous_12)
FNDA:0,(anonymous_13)
FNDA:0,(anonymous_14)
FNDA:0,(anonymous_15)
FNDA:0,(anonymous_16)
FNDA:0,(anonymous_17)
FNDA:0,(anonymous_18)
DA:3,0
DA:5,0
DA:13,0
DA:15,0
DA:16,0
DA:18,0
DA:27,0
DA:31,0
DA:44,0
DA:45,0
DA:46,0
DA:47,0
DA:49,0
DA:51,0
DA:52,0
DA:55,0
DA:57,0
DA:71,0
DA:75,0
DA:79,0
DA:87,0
DA:89,0
DA:93,0
DA:104,0
DA:106,0
DA:111,0
DA:127,0
DA:129,0
DA:133,0
DA:144,0
DA:146,0
DA:150,0
DA:151,0
DA:153,0
DA:154,0
DA:168,0
DA:171,0
DA:172,0
DA:173,0
DA:174,0
DA:175,0
DA:176,0
DA:177,0
DA:178,0
LF:44
LH:0
BRDA:51,0,0,0
BRDA:51,0,1,0
BRDA:98,1,0,0
BRDA:98,1,1,0
BRDA:118,2,0,0
BRDA:118,2,1,0
BRDA:151,3,0,0
BRDA:151,3,1,0
BRDA:153,4,0,0
BRDA:153,4,1,0
BRF:10
BRH:0
end_of_record
TN:
SF:components/ui/hover-card.tsx
FNF:0
FNH:0
DA:3,0
DA:4,0
DA:6,0
DA:8,0
DA:10,0
DA:27,0
DA:29,0
LF:7
LH:0
BRDA:15,0,0,0
BRDA:15,1,0,0
BRF:2
BRH:0
end_of_record
TN:
SF:components/ui/input-otp.tsx
FN:36,(anonymous_10)
FNF:1
FNH:0
FNDA:0,(anonymous_10)
DA:3,0
DA:4,0
DA:5,0
DA:7,0
DA:23,0
DA:31,0
DA:33,0
DA:37,0
DA:38,0
DA:59,0
DA:69,0
DA:71,0
LF:12
LH:0
BRDA:45,0,0,0
BRDA:45,0,1,0
BRDA:51,1,0,0
BRF:3
BRH:0
end_of_record
TN:
SF:components/ui/input.tsx
FN:6,(anonymous_4)
FNF:1
FNH:1
FNDA:433,(anonymous_4)
DA:1,3
DA:3,3
DA:5,3
DA:20,3
DA:22,436
LF:5
LH:5
BRF:0
BRH:0
end_of_record
TN:
SF:components/ui/label.tsx
FNF:0
FNH:0
DA:3,0
DA:4,0
DA:5,0
DA:7,0
DA:9,0
DA:24,0
DA:26,0
LF:7
LH:0
BRF:0
BRH:0
end_of_record
TN:
SF:components/ui/menubar.tsx
FN:203,(anonymous_30)
FNF:1
FNH:0
FNDA:0,(anonymous_30)
DA:3,0
DA:4,0
DA:5,0
DA:7,0
DA:9,0
DA:11,0
DA:13,0
DA:15,0
DA:17,0
DA:32,0
DA:47,0
DA:68,0
DA:83,0
DA:108,0
DA:126,0
DA:149,0
DA:171,0
DA:189,0
DA:201,0
DA:203,0
DA:217,0
DA:220,0
DA:221,0
DA:222,0
DA:223,0
DA:224,0
DA:225,0
DA:226,0
DA:227,0
DA:228,0
DA:229,0
DA:230,0
DA:231,0
DA:232,0
DA:233,0
DA:234,0
DA:235,0
LF:37
LH:0
BRDA:59,0,0,0
BRDA:59,0,1,0
BRDA:90,1,0,0
BRDA:90,2,0,0
BRDA:90,3,0,0
BRDA:120,4,0,0
BRDA:120,4,1,0
BRDA:183,5,0,0
BRDA:183,5,1,0
BRF:9
BRH:0
end_of_record
TN:
SF:components/ui/navigation-menu.tsx
FNF:0
FNH:0
DA:1,0
DA:2,0
DA:3,0
DA:4,0
DA:6,0
DA:24,0
DA:39,0
DA:41,0
DA:43,0
DA:63,0
DA:78,0
DA:80,0
DA:97,0
DA:115,0
DA:119,0
DA:120,0
DA:121,0
DA:122,0
DA:123,0
DA:124,0
DA:125,0
DA:126,0
DA:127,0
LF:23
LH:0
BRF:0
BRH:0
end_of_record
TN:
SF:components/ui/pagination.tsx
FNF:0
FNH:0
DA:1,2
DA:2,2
DA:4,2
DA:5,2
DA:15,2
DA:27,2
DA:35,2
DA:60,2
DA:76,2
DA:92,2
DA:107,2
DA:110,5
DA:111,5
DA:112,0
DA:113,20
DA:114,15
DA:115,5
DA:116,0
LF:18
LH:16
BRDA:45,0,0,15
BRDA:49,1,0,5
BRDA:49,1,1,15
BRDA:52,2,0,5
BRDA:52,2,1,15
BRF:5
BRH:5
end_of_record
TN:
SF:components/ui/popover.tsx
FNF:0
FNH:0
DA:3,0
DA:4,0
DA:6,0
DA:8,0
DA:10,0
DA:29,0
DA:31,0
LF:7
LH:0
BRDA:15,0,0,0
BRDA:15,1,0,0
BRF:2
BRH:0
end_of_record
TN:
SF:components/ui/progress.tsx
FNF:0
FNH:0
DA:3,0
DA:4,0
DA:6,0
DA:26,0
DA:28,0
LF:5
LH:0
BRDA:22,0,0,0
BRDA:22,0,1,0
BRF:2
BRH:0
end_of_record
TN:
SF:components/ui/radio-group.tsx
FN:12,(anonymous_6)
FN:26,(anonymous_7)
FNF:2
FNH:0
FNDA:0,(anonymous_6)
FNDA:0,(anonymous_7)
DA:3,0
DA:4,0
DA:5,0
DA:7,0
DA:9,0
DA:21,0
DA:23,0
DA:42,0
DA:44,0
LF:9
LH:0
BRF:0
BRH:0
end_of_record
TN:
SF:components/ui/resizable.tsx
FNF:0
FNH:0
DA:3,0
DA:4,0
DA:6,0
DA:21,0
DA:45,0
LF:5
LH:0
BRDA:37,0,0,0
BRF:1
BRH:0
end_of_record
TN:
SF:components/ui/scroll-area.tsx
FNF:0
FNH:0
DA:3,0
DA:4,0
DA:6,0
DA:24,0
DA:46,0
DA:48,0
LF:6
LH:0
BRDA:29,0,0,0
BRDA:35,1,0,0
BRDA:35,1,1,0
BRDA:37,2,0,0
BRDA:37,2,1,0
BRF:5
BRH:0
end_of_record
TN:
SF:components/ui/select.tsx
FNF:0
FNH:0
DA:3,0
DA:4,0
DA:5,0
DA:7,0
DA:9,0
DA:11,0
DA:13,0
DA:33,0
DA:50,0
DA:67,0
DA:100,0
DA:112,0
DA:135,0
DA:147,0
DA:150,0
DA:151,0
DA:152,0
DA:153,0
DA:154,0
DA:155,0
DA:156,0
DA:157,0
DA:158,0
DA:159,0
LF:24
LH:0
BRDA:73,0,0,0
BRDA:79,1,0,0
BRDA:79,1,1,0
BRDA:90,2,0,0
BRDA:90,2,1,0
BRF:5
BRH:0
end_of_record
TN:
SF:components/ui/separator.tsx
FNF:0
FNH:0
DA:3,0
DA:4,0
DA:6,0
DA:29,0
DA:31,0
LF:5
LH:0
BRDA:13,0,0,0
BRDA:13,1,0,0
BRDA:22,2,0,0
BRDA:22,2,1,0
BRF:4
BRH:0
end_of_record
TN:
SF:components/ui/sheet.tsx
FNF:0
FNH:0
DA:3,0
DA:4,0
DA:5,0
DA:6,0
DA:8,0
DA:10,0
DA:12,0
DA:14,0
DA:16,0
DA:31,0
DA:33,0
DA:75,0
DA:89,0
DA:103,0
DA:115,0
DA:127,0
DA:130,0
DA:131,0
DA:132,0
DA:133,0
DA:134,0
DA:135,0
DA:136,0
DA:137,0
DA:138,0
DA:139,0
LF:26
LH:0
BRDA:59,0,0,0
BRF:1
BRH:0
end_of_record
TN:
SF:components/ui/sidebar.tsx
FN:41,useSidebar
FN:58,(anonymous_29)
FN:76,(anonymous_30)
FN:88,(anonymous_31)
FN:90,(anonymous_32)
FN:91,(anonymous_33)
FN:94,(anonymous_34)
FN:95,(anonymous_35)
FN:106,(anonymous_36)
FN:112,(anonymous_37)
FN:159,(anonymous_38)
FN:257,(anonymous_39)
FN:267,(anonymous_40)
FN:283,(anonymous_41)
FN:312,(anonymous_42)
FN:330,(anonymous_43)
FN:348,(anonymous_44)
FN:363,(anonymous_45)
FN:378,(anonymous_46)
FN:393,(anonymous_47)
FN:411,(anonymous_48)
FN:426,(anonymous_49)
FN:447,(anonymous_50)
FN:535,(anonymous_54)
FN:589,(anonymous_55)
FN:636,(anonymous_57)
FN:637,(anonymous_58)
FN:698,(anonymous_61)
FNF:28
FNH:0
FNDA:0,useSidebar
FNDA:0,(anonymous_29)
FNDA:0,(anonymous_30)
FNDA:0,(anonymous_31)
FNDA:0,(anonymous_32)
FNDA:0,(anonymous_33)
FNDA:0,(anonymous_34)
FNDA:0,(anonymous_35)
FNDA:0,(anonymous_36)
FNDA:0,(anonymous_37)
FNDA:0,(anonymous_38)
FNDA:0,(anonymous_39)
FNDA:0,(anonymous_40)
FNDA:0,(anonymous_41)
FNDA:0,(anonymous_42)
FNDA:0,(anonymous_43)
FNDA:0,(anonymous_44)
FNDA:0,(anonymous_45)
FNDA:0,(anonymous_46)
FNDA:0,(anonymous_47)
FNDA:0,(anonymous_48)
FNDA:0,(anonymous_49)
FNDA:0,(anonymous_50)
FNDA:0,(anonymous_54)
FNDA:0,(anonymous_55)
FNDA:0,(anonymous_57)
FNDA:0,(anonymous_58)
FNDA:0,(anonymous_61)
DA:3,0
DA:4,0
DA:5,0
DA:6,0
DA:8,0
DA:9,0
DA:10,0
DA:11,0
DA:12,0
DA:13,0
DA:14,0
DA:20,0
DA:22,0
DA:23,0
DA:24,0
DA:25,0
DA:26,0
DA:27,0
DA:39,0
DA:42,0
DA:43,0
DA:44,0
DA:47,0
DA:50,0
DA:70,0
DA:71,0
DA:73,0
DA:74,0
DA:75,0
DA:77,0
DA:78,0
DA:79,0
DA:81,0
DA:83,0
DA:88,0
DA:89,0
DA:90,0
DA:91,0
DA:94,0
DA:95,0
DA:96,0
DA:100,0
DA:101,0
DA:105,0
DA:106,0
DA:109,0
DA:111,0
DA:112,0
DA:149,0
DA:151,0
DA:170,0
DA:172,0
DA:187,0
DA:252,0
DA:254,0
DA:258,0
DA:268,0
DA:269,0
DA:278,0
DA:280,0
DA:284,0
DA:307,0
DA:309,0
DA:325,0
DA:327,0
DA:343,0
DA:345,0
DA:358,0
DA:360,0
DA:373,0
DA:375,0
DA:388,0
DA:390,0
DA:406,0
DA:408,0
DA:421,0
DA:423,0
DA:427,0
DA:442,0
DA:444,0
DA:448,0
DA:464,0
DA:477,0
DA:490,0
DA:503,0
DA:505,0
DA:527,0
DA:547,0
DA:548,0
DA:561,0
DA:562,0
DA:566,0
DA:581,0
DA:583,0
DA:590,0
DA:611,0
DA:629,0
DA:631,0
DA:637,0
DA:638,0
DA:666,0
DA:683,0
DA:689,0
DA:691,0
DA:699,0
DA:719,0
DA:722,0
DA:723,0
DA:724,0
DA:725,0
DA:726,0
DA:727,0
DA:728,0
DA:729,0
DA:730,0
DA:731,0
DA:732,0
DA:733,0
DA:734,0
DA:735,0
DA:736,0
DA:737,0
DA:738,0
DA:739,0
DA:740,0
DA:741,0
DA:742,0
DA:743,0
DA:744,0
DA:745,0
LF:130
LH:0
BRDA:43,0,0,0
BRDA:43,0,1,0
BRDA:60,1,0,0
BRDA:74,2,0,0
BRDA:74,2,1,0
BRDA:77,3,0,0
BRDA:77,3,1,0
BRDA:78,4,0,0
BRDA:78,4,1,0
BRDA:89,5,0,0
BRDA:89,5,1,0
BRDA:96,6,0,0
BRDA:96,6,1,0
BRDA:97,7,0,0
BRDA:97,7,1,0
BRDA:97,7,2,0
BRDA:109,8,0,0
BRDA:109,8,1,0
BRDA:161,9,0,0
BRDA:162,10,0,0
BRDA:163,11,0,0
BRDA:172,12,0,0
BRDA:172,12,1,0
BRDA:187,13,0,0
BRDA:187,13,1,0
BRDA:212,14,0,0
BRDA:212,14,1,0
BRDA:221,15,0,0
BRDA:221,15,1,0
BRDA:221,16,0,0
BRDA:221,16,1,0
BRDA:224,17,0,0
BRDA:224,17,1,0
BRDA:230,18,0,0
BRDA:230,18,1,0
BRDA:233,19,0,0
BRDA:233,19,1,0
BRDA:233,20,0,0
BRDA:233,20,1,0
BRDA:236,21,0,0
BRDA:236,21,1,0
BRDA:426,22,0,0
BRDA:427,23,0,0
BRDA:427,23,1,0
BRDA:447,24,0,0
BRDA:448,25,0,0
BRDA:448,25,1,0
BRDA:537,26,0,0
BRDA:538,27,0,0
BRDA:539,28,0,0
BRDA:540,29,0,0
BRDA:547,30,0,0
BRDA:547,30,1,0
BRDA:561,31,0,0
BRDA:561,31,1,0
BRDA:566,32,0,0
BRDA:566,32,1,0
BRDA:574,33,0,0
BRDA:574,33,1,0
BRDA:589,34,0,0
BRDA:589,35,0,0
BRDA:590,36,0,0
BRDA:590,36,1,0
BRDA:603,37,0,0
BRDA:603,37,1,0
BRDA:636,38,0,0
BRDA:648,39,0,0
BRDA:698,40,0,0
BRDA:698,41,0,0
BRDA:699,42,0,0
BRDA:699,42,1,0
BRDA:710,43,0,0
BRDA:710,43,1,0
BRDA:711,44,0,0
BRDA:711,44,1,0
BRF:75
BRH:0
end_of_record
TN:
SF:components/ui/skeleton.tsx
FN:3,Skeleton
FNF:1
FNH:1
FNDA:175,Skeleton
DA:1,2
DA:15,175
LF:2
LH:2
BRF:0
BRH:0
end_of_record
TN:
SF:components/ui/slider.tsx
FNF:0
FNH:0
DA:3,0
DA:4,0
DA:6,0
DA:26,0
DA:28,0
LF:5
LH:0
BRF:0
BRH:0
end_of_record
TN:
SF:components/ui/smart-url-input.tsx
FN:35,(anonymous_4)
FN:50,(anonymous_5)
FN:74,(anonymous_6)
FN:79,(anonymous_7)
FN:86,(anonymous_8)
FN:87,(anonymous_9)
FN:94,(anonymous_10)
FN:101,(anonymous_11)
FN:108,(anonymous_12)
FNF:9
FNH:9
FNDA:386,(anonymous_4)
FNDA:14,(anonymous_5)
FNDA:355,(anonymous_6)
FNDA:14,(anonymous_7)
FNDA:372,(anonymous_8)
FNDA:372,(anonymous_9)
FNDA:355,(anonymous_10)
FNDA:386,(anonymous_11)
FNDA:386,(anonymous_12)
DA:3,1
DA:4,1
DA:5,1
DA:6,1
DA:7,1
DA:16,1
DA:25,1
DA:34,17
DA:44,386
DA:45,386
DA:46,386
DA:47,386
DA:48,386
DA:50,386
DA:51,14
DA:52,0
DA:53,0
DA:54,0
DA:57,14
DA:58,14
DA:60,14
DA:61,14
DA:62,10
DA:63,10
DA:65,4
DA:66,4
DA:67,4
DA:68,4
DA:70,14
DA:74,386
DA:75,355
DA:76,340
DA:79,355
DA:80,14
DA:83,355
DA:86,386
DA:87,372
DA:88,372
DA:89,355
DA:94,386
DA:95,355
DA:96,355
DA:97,355
DA:98,355
DA:101,386
DA:102,386
DA:103,386
DA:104,356
DA:105,346
DA:108,386
DA:109,386
DA:120,386
DA:132,356
DA:133,10
DA:134,10
DA:148,346
DA:173,1
LF:57
LH:54
BRDA:40,0,0,292
BRDA:41,1,0,386
BRDA:51,2,0,0
BRDA:51,2,1,14
BRDA:65,3,0,4
BRDA:65,3,1,0
BRDA:75,4,0,340
BRDA:75,4,1,15
BRDA:88,5,0,355
BRDA:88,5,1,17
BRDA:103,6,0,30
BRDA:103,6,1,356
BRDA:104,7,0,10
BRDA:104,7,1,346
BRDA:109,8,0,0
BRDA:109,8,1,386
BRDA:120,9,0,30
BRDA:120,9,1,356
BRDA:132,10,0,10
BRDA:132,10,1,346
BRDA:163,11,0,386
BRF:21
BRH:18
end_of_record
TN:
SF:components/ui/sonner.tsx
FN:8,(anonymous_1)
FNF:1
FNH:0
FNDA:0,(anonymous_1)
DA:3,0
DA:4,0
DA:8,0
DA:9,0
DA:31,0
LF:5
LH:0
BRDA:9,0,0,0
BRF:1
BRH:0
end_of_record
TN:
SF:components/ui/switch.tsx
FNF:0
FNH:0
DA:3,0
DA:4,0
DA:6,0
DA:27,0
DA:29,0
LF:5
LH:0
BRF:0
BRH:0
end_of_record
TN:
SF:components/ui/table.tsx
FNF:0
FNH:0
DA:1,2
DA:3,2
DA:17,2
DA:25,2
DA:37,2
DA:52,2
DA:67,2
DA:82,2
DA:94,2
DA:106,2
DA:109,12
DA:110,12
DA:111,12
DA:112,0
DA:113,72
DA:114,36
DA:115,144
DA:116,0
LF:18
LH:16
BRF:0
BRH:0
end_of_record
TN:
SF:components/ui/tabs.tsx
FNF:0
FNH:0
DA:3,0
DA:4,0
DA:6,0
DA:8,0
DA:23,0
DA:38,0
DA:53,0
DA:55,0
LF:8
LH:0
BRF:0
BRH:0
end_of_record
TN:
SF:components/ui/textarea.tsx
FN:8,(anonymous_4)
FNF:1
FNH:0
FNDA:0,(anonymous_4)
DA:1,0
DA:3,0
DA:5,0
DA:20,0
DA:22,0
LF:5
LH:0
BRF:0
BRH:0
end_of_record
TN:
SF:components/ui/toast.tsx
FN:47,(anonymous_12)
FNF:1
FNH:0
FNDA:0,(anonymous_12)
DA:3,0
DA:4,0
DA:5,0
DA:6,0
DA:8,0
DA:10,0
DA:25,0
DA:27,0
DA:43,0
DA:56,0
DA:71,0
DA:89,0
DA:101,0
DA:113,0
DA:122,0
DA:123,0
DA:124,0
DA:125,0
DA:126,0
DA:127,0
DA:128,0
LF:21
LH:0
BRF:0
BRH:0
end_of_record
TN:
SF:components/ui/toaster.tsx
FN:13,Toaster
FN:18,(anonymous_2)
FNF:2
FNH:0
FNDA:0,Toaster
FNDA:0,(anonymous_2)
DA:3,0
DA:11,0
DA:13,0
DA:14,0
DA:19,0
LF:5
LH:0
BRDA:22,0,0,0
BRDA:23,1,0,0
BRF:2
BRH:0
end_of_record
TN:
SF:components/ui/toggle-group.tsx
FN:39,(anonymous_7)
FNF:1
FNH:0
FNDA:0,(anonymous_7)
DA:3,0
DA:4,0
DA:7,0
DA:8,0
DA:10,0
DA:33,0
DA:35,0
DA:40,0
DA:59,0
DA:61,0
LF:10
LH:0
BRDA:47,0,0,0
BRDA:47,0,1,0
BRDA:48,1,0,0
BRDA:48,1,1,0
BRF:4
BRH:0
end_of_record
TN:
SF:components/ui/toggle.tsx
FNF:0
FNH:0
DA:3,0
DA:4,0
DA:5,0
DA:7,0
DA:9,0
DA:43,0
DA:45,0
LF:7
LH:0
BRF:0
BRH:0
end_of_record
TN:
SF:components/ui/tooltip.tsx
FNF:0
FNH:0
DA:3,0
DA:4,0
DA:6,0
DA:8,0
DA:10,0
DA:12,0
DA:28,0
DA:30,0
LF:8
LH:0
BRDA:17,0,0,0
BRF:1
BRH:0
end_of_record
TN:
SF:components/ui/use-mobile.tsx
FN:5,useIsMobile
FN:10,(anonymous_5)
FN:12,(anonymous_6)
FN:17,(anonymous_7)
FNF:4
FNH:0
FNDA:0,useIsMobile
FNDA:0,(anonymous_5)
FNDA:0,(anonymous_6)
FNDA:0,(anonymous_7)
DA:1,0
DA:3,0
DA:5,0
DA:6,0
DA:10,0
DA:11,0
DA:12,0
DA:13,0
DA:15,0
DA:16,0
DA:17,0
DA:20,0
LF:12
LH:0
BRF:0
BRH:0
end_of_record
TN:
SF:components/ui/use-toast.ts
FN:27,genId
FN:56,(anonymous_8)
FN:61,(anonymous_9)
FN:72,(anonymous_10)
FN:83,(anonymous_11)
FN:96,(anonymous_12)
FN:103,(anonymous_13)
FN:122,(anonymous_14)
FN:131,dispatch
FN:133,(anonymous_16)
FN:140,toast
FN:143,(anonymous_18)
FN:148,(anonymous_19)
FN:156,(anonymous_20)
FN:169,useToast
FN:172,(anonymous_22)
FN:174,(anonymous_23)
FN:185,(anonymous_24)
FNF:18
FNH:0
FNDA:0,genId
FNDA:0,(anonymous_8)
FNDA:0,(anonymous_9)
FNDA:0,(anonymous_10)
FNDA:0,(anonymous_11)
FNDA:0,(anonymous_12)
FNDA:0,(anonymous_13)
FNDA:0,(anonymous_14)
FNDA:0,dispatch
FNDA:0,(anonymous_16)
FNDA:0,toast
FNDA:0,(anonymous_18)
FNDA:0,(anonymous_19)
FNDA:0,(anonymous_20)
FNDA:0,useToast
FNDA:0,(anonymous_22)
FNDA:0,(anonymous_23)
FNDA:0,(anonymous_24)
DA:4,0
DA:8,0
DA:9,0
DA:25,0
DA:28,0
DA:29,0
DA:54,0
DA:56,0
DA:57,0
DA:58,0
DA:61,0
DA:62,0
DA:63,0
DA:69,0
DA:72,0
DA:73,0
DA:75,0
DA:81,0
DA:84,0
DA:89,0
DA:93,0
DA:94,0
DA:96,0
DA:97,0
DA:101,0
DA:104,0
DA:114,0
DA:115,0
DA:120,0
DA:122,0
DA:127,0
DA:129,0
DA:132,0
DA:133,0
DA:134,0
DA:141,0
DA:143,0
DA:144,0
DA:148,0
DA:150,0
DA:157,0
DA:162,0
DA:170,0
DA:172,0
DA:173,0
DA:174,0
DA:175,0
DA:176,0
DA:177,0
DA:182,0
DA:185,0
DA:189,0
LF:52
LH:0
BRDA:57,0,0,0
BRDA:57,0,1,0
BRDA:73,1,0,0
BRDA:73,1,1,0
BRDA:73,1,2,0
BRDA:73,1,3,0
BRDA:84,2,0,0
BRDA:84,2,1,0
BRDA:93,3,0,0
BRDA:93,3,1,0
BRDA:104,4,0,0
BRDA:104,4,1,0
BRDA:104,5,0,0
BRDA:104,5,1,0
BRDA:114,6,0,0
BRDA:114,6,1,0
BRDA:157,7,0,0
BRDA:157,7,1,0
BRDA:176,8,0,0
BRDA:176,8,1,0
BRF:20
BRH:0
end_of_record
TN:
SF:lib/platform-detector.ts
FN:26,(anonymous_5)
FN:65,(anonymous_6)
FN:102,(anonymous_7)
FN:109,(anonymous_8)
FN:182,(anonymous_9)
FN:186,(anonymous_10)
FN:192,(anonymous_11)
FNF:7
FNH:7
FNDA:24,(anonymous_5)
FNDA:69,(anonymous_6)
FNDA:45,(anonymous_7)
FNDA:72,(anonymous_8)
FNDA:24,(anonymous_9)
FNDA:16,(anonymous_10)
FNDA:16,(anonymous_11)
DA:1,2
DA:3,31
DA:25,11
DA:31,24
DA:32,24
DA:36,2
DA:38,69
DA:39,2
DA:67,69
DA:68,69
DA:69,69
DA:71,8
DA:79,61
DA:82,61
DA:83,221
DA:84,522
DA:85,522
DA:86,45
DA:95,16
DA:108,45
DA:109,72
DA:110,45
DA:111,45
DA:113,45
DA:115,12
DA:130,7
DA:140,5
DA:141,5
DA:152,5
DA:162,16
DA:163,16
DA:174,0
DA:183,24
DA:187,16
DA:188,16
DA:189,11
DA:193,16
DA:194,16
DA:195,16
DA:197,0
LF:40
LH:38
BRDA:85,0,0,45
BRDA:85,0,1,477
BRDA:110,1,0,45
BRDA:110,1,1,0
BRDA:111,2,0,45
BRDA:111,2,1,12
BRDA:111,2,2,8
BRDA:113,3,0,12
BRDA:113,3,1,7
BRDA:113,3,2,5
BRDA:113,3,3,5
BRDA:113,3,4,16
BRDA:113,3,5,0
BRDA:120,4,0,4
BRDA:120,4,1,8
BRDA:123,5,0,8
BRDA:123,5,1,4
BRDA:146,6,0,1
BRDA:146,6,1,4
BRDA:147,7,0,4
BRDA:147,7,1,1
BRDA:183,8,0,24
BRDA:183,8,1,8
BRDA:188,9,0,5
BRDA:188,9,1,11
BRF:25
BRH:23
end_of_record
TN:
SF:lib/redis.ts
FN:13,testRedisConnection
FNF:1
FNH:0
FNDA:0,testRedisConnection
DA:1,0
DA:3,0
DA:4,0
DA:7,0
DA:8,0
DA:13,0
DA:14,0
DA:15,0
DA:21,0
DA:22,0
DA:23,0
DA:25,0
LF:12
LH:0
BRDA:8,0,0,0
BRDA:8,0,1,0
BRDA:8,1,0,0
BRDA:8,1,1,0
BRDA:14,2,0,0
BRDA:14,2,1,0
BRDA:27,3,0,0
BRDA:27,3,1,0
BRF:8
BRH:0
end_of_record
TN:
SF:lib/supabase.ts
FN:30,(anonymous_17)
FN:41,(anonymous_18)
FN:51,(anonymous_19)
FN:61,(anonymous_20)
FN:71,(anonymous_21)
FN:81,(anonymous_22)
FN:89,(anonymous_23)
FN:96,(anonymous_24)
FN:103,(anonymous_25)
FN:105,(anonymous_26)
FN:112,(anonymous_27)
FN:130,(anonymous_28)
FN:175,getAuthErrorMessage
FN:213,isExpiredLinkError
FN:220,isRateLimitError
FN:230,createBrowserSupabaseClient
FN:254,sendMagicLink
FN:269,signInWithOAuth
FNF:18
FNH:0
FNDA:0,(anonymous_17)
FNDA:0,(anonymous_18)
FNDA:0,(anonymous_19)
FNDA:0,(anonymous_20)
FNDA:0,(anonymous_21)
FNDA:0,(anonymous_22)
FNDA:0,(anonymous_23)
FNDA:0,(anonymous_24)
FNDA:0,(anonymous_25)
FNDA:0,(anonymous_26)
FNDA:0,(anonymous_27)
FNDA:0,(anonymous_28)
FNDA:0,getAuthErrorMessage
FNDA:0,isExpiredLinkError
FNDA:0,isRateLimitError
FNDA:0,createBrowserSupabaseClient
FNDA:0,sendMagicLink
FNDA:0,signInWithOAuth
DA:1,0
DA:4,0
DA:5,0
DA:8,0
DA:28,0
DA:31,0
DA:33,0
DA:34,0
DA:35,0
DA:37,0
DA:42,0
DA:44,0
DA:45,0
DA:47,0
DA:52,0
DA:54,0
DA:55,0
DA:57,0
DA:62,0
DA:63,0
DA:72,0
DA:74,0
DA:77,0
DA:82,0
DA:83,0
DA:85,0
DA:90,0
DA:91,0
DA:96,0
DA:97,0
DA:104,0
DA:105,0
DA:106,0
DA:113,0
DA:115,0
DA:118,0
DA:121,0
DA:124,0
DA:126,0
DA:129,0
DA:130,0
DA:131,0
DA:132,0
DA:133,0
DA:134,0
DA:139,0
DA:143,0
DA:145,0
DA:146,0
DA:152,0
DA:159,0
DA:166,0
DA:175,0
DA:176,0
DA:179,0
DA:185,0
DA:186,0
DA:189,0
DA:190,0
DA:193,0
DA:194,0
DA:197,0
DA:198,0
DA:201,0
DA:202,0
DA:205,0
DA:206,0
DA:210,0
DA:213,0
DA:214,0
DA:216,0
DA:217,0
DA:220,0
DA:221,0
DA:223,0
DA:224,0
DA:230,0
DA:231,0
DA:235,0
DA:246,0
DA:254,0
DA:255,0
DA:257,0
DA:269,0
DA:270,0
DA:271,0
DA:273,0
DA:279,0
LF:88
LH:0
BRDA:31,0,0,0
BRDA:31,0,1,0
BRDA:42,1,0,0
BRDA:42,1,1,0
BRDA:52,2,0,0
BRDA:52,2,1,0
BRDA:62,3,0,0
BRDA:62,3,1,0
BRDA:72,4,0,0
BRDA:72,4,1,0
BRDA:77,5,0,0
BRDA:77,5,1,0
BRDA:90,6,0,0
BRDA:90,6,1,0
BRDA:104,7,0,0
BRDA:104,7,1,0
BRDA:124,8,0,0
BRDA:124,8,1,0
BRDA:132,9,0,0
BRDA:132,9,1,0
BRDA:133,10,0,0
BRDA:133,10,1,0
BRDA:153,11,0,0
BRDA:153,11,1,0
BRDA:154,12,0,0
BRDA:154,12,1,0
BRDA:155,13,0,0
BRDA:155,13,1,0
BRDA:176,14,0,0
BRDA:176,14,1,0
BRDA:179,15,0,0
BRDA:179,15,1,0
BRDA:179,15,2,0
BRDA:179,15,3,0
BRDA:185,16,0,0
BRDA:185,16,1,0
BRDA:185,17,0,0
BRDA:185,17,1,0
BRDA:189,18,0,0
BRDA:189,18,1,0
BRDA:193,19,0,0
BRDA:193,19,1,0
BRDA:193,20,0,0
BRDA:193,20,1,0
BRDA:197,21,0,0
BRDA:197,21,1,0
BRDA:201,22,0,0
BRDA:201,22,1,0
BRDA:205,23,0,0
BRDA:205,23,1,0
BRDA:214,24,0,0
BRDA:214,24,1,0
BRDA:216,25,0,0
BRDA:216,25,1,0
BRDA:216,25,2,0
BRDA:216,25,3,0
BRDA:217,26,0,0
BRDA:217,26,1,0
BRDA:221,27,0,0
BRDA:221,27,1,0
BRDA:223,28,0,0
BRDA:223,28,1,0
BRDA:223,28,2,0
BRDA:223,28,3,0
BRDA:225,29,0,0
BRDA:225,29,1,0
BRF:66
BRH:0
end_of_record
TN:
SF:lib/utils.ts
FN:4,cn
FNF:1
FNH:1
FNDA:1914,cn
DA:1,3
DA:2,3
DA:4,1914
DA:5,1914
LF:4
LH:4
BRF:0
BRH:0
end_of_record
